[35m[Appium][39m Welcome to Appium v1.8.1
[35m[Appium][39m Non-default server args:
[35m[Appium][39m   port: 54938
[35m[Appium][39m   chromeDriverPort: 54942
[35m[Appium][39m   tmpDir: C:\Users\DELL-N~1\AppData\Local\Temp\\Katalon\Appium\Temp1531454555008
[35m[Appium][39m Appium REST http interface listener started on 0.0.0.0:54938
[35m[HTTP][39m [37m-->[39m [37mGET[39m [37m/wd/hub/status[39m
[35m[HTTP][39m [90m{}[39m
[debug] [35m[MJSONWP][39m Calling AppiumDriver.getStatus() with args: []
[debug] [35m[MJSONWP][39m Responding to client with driver.getStatus() result: {"build":{"version":"1.8.1","revision":null}}
[35m[HTTP][39m [37m<-- GET /wd/hub/status [39m[32m200[39m [90m8 ms - 83[39m
[35m[HTTP][39m [90m[39m
[35m[HTTP][39m [37m-->[39m [37mGET[39m [37m/wd/hub/status[39m
[35m[HTTP][39m [90m{}[39m
[debug] [35m[MJSONWP][39m Calling AppiumDriver.getStatus() with args: []
[debug] [35m[MJSONWP][39m Responding to client with driver.getStatus() result: {"build":{"version":"1.8.1","revision":null}}
[35m[HTTP][39m [37m<-- GET /wd/hub/status [39m[32m200[39m [90m3 ms - 83[39m
[35m[HTTP][39m [90m[39m
[35m[HTTP][39m [37m-->[39m [37mPOST[39m [37m/wd/hub/session[39m
[35m[HTTP][39m [90m{"desiredCapabilities":{"app":"D:\\Project\\Apk\\snapcart-9.13.1-develop-staging.apk","autoGrantPermissions":true,"automationName":"uiautomator2","deviceName":"samsung SM-G950F (Android 8.0.0)","fullReset":false,"newCommandTimeout":1800,"noReset":true,"platform":"ANDROID","platformName":"Android","udid":"ce12171c74a0d80805"},"capabilities":{"desiredCapabilities":{"app":"D:\\Project\\Apk\\snapcart-9.13.1-develop-staging.apk","autoGrantPermissions":true,"automationName":"uiautomator2","deviceName":"samsung SM-G950F (Android 8.0.0)","fullReset":false,"newCommandTimeout":1800,"noReset":true,"platform":"ANDROID","platformName":"Android","udid":"ce12171c74a0d80805"},"firstMatch":[{"platformName":"android"}]}}[39m
[debug] [35m[MJSONWP][39m Calling AppiumDriver.createSession() with args: [{"app":"D:\\Project\\Apk\\snapcart-9.13.1-develop-staging.apk","autoGrantPermissions":true,"automationName":"uiautomator2","deviceName":"samsung SM-G950F (Android 8.0.0)","fullReset":false,"newCommandTimeout":1800,"noReset":true,"platform":"ANDROID","platformName":"Android","udid":"ce12171c74a0d80805"},null,{"desiredCapabilities":{"app":"D:\\Project\\Apk\\snapcart-9.13.1-develop-staging.apk","autoGrantPermissions":true,"automationName":"uiautomator2","deviceName":"samsung SM-G950F (Android 8.0.0)","fullReset":false,"newCommandTimeout":1800,"noReset":true,"platform":"ANDROID","platformName":"Android","udid":"ce12171c74a0d80805"},"firstMatch":[{"platformName":"android"}]}]
[debug] [35m[BaseDriver][39m Event 'newSessionRequested' logged at 1531454560705 (11:02:40 GMT+0700 (SE Asia Standard Time))
[35m[Appium][39m Could not parse W3C capabilities: 'deviceName' can't be blank. Falling back to JSONWP protocol.
[35m[Appium][39m The following capabilities were provided in the JSONWP desired capabilities that are missing in W3C capabilities: ["app","autoGrantPermissions","automationName","deviceName","fullReset","newCommandTimeout","noReset","platform","platformName","udid"]. Falling back to JSONWP protocol.
[35m[Appium][39m Creating new AndroidUiautomator2Driver (v1.12.0) session
[35m[Appium][39m Capabilities:
[35m[Appium][39m   app: D:\Project\Apk\snapcart-9.13.1-develop-staging.apk
[35m[Appium][39m   autoGrantPermissions: true
[35m[Appium][39m   automationName: uiautomator2
[35m[Appium][39m   deviceName: samsung SM-G950F (Android 8.0.0)
[35m[Appium][39m   fullReset: false
[35m[Appium][39m   newCommandTimeout: 1800
[35m[Appium][39m   noReset: true
[35m[Appium][39m   platform: ANDROID
[35m[Appium][39m   platformName: Android
[35m[Appium][39m   udid: ce12171c74a0d80805
[debug] [35m[BaseDriver][39m Creating session with MJSONWP desired capabilities: {"app":"D:\\Project\\Apk\\s...
[35m[BaseDriver][39m The following capabilities were provided, but are not recognized by appium: platform.
[35m[BaseDriver][39m Session created with session id: d475cd29-1667-487e-921c-7a334ef6e935
[35m[BaseDriver][39m Using local app 'D:\Project\Apk\snapcart-9.13.1-develop-staging.apk'
[debug] [35m[UiAutomator2][39m Checking whether app is actually present
[debug] [35m[AndroidDriver][39m Getting Java version
[35m[AndroidDriver][39m Java version is: 1.8.0_102
[35m[ADB][39m Checking whether adb is present
[35m[ADB][39m Found 1 'build-tools' folders under 'C:\Users\Dell-Notebook\.katalon\tools\android_sdk' (newest first):
[35m[ADB][39m     C:/Users/Dell-Notebook/.katalon/tools/android_sdk/build-tools/28.0.1
[35m[ADB][39m Using adb.exe from C:\Users\Dell-Notebook\.katalon\tools\android_sdk\platform-tools\adb.exe
[35m[AndroidDriver][39m Retrieving device list
[debug] [35m[ADB][39m Trying to find a connected android device
[debug] [35m[ADB][39m Getting connected devices...
[debug] [35m[ADB][39m 1 device(s) connected
[35m[AndroidDriver][39m Using device: ce12171c74a0d80805
[debug] [35m[ADB][39m Setting device id to ce12171c74a0d80805
[debug] [35m[ADB][39m Running 'C:\Users\Dell-Notebook\.katalon\tools\android_sdk\platform-tools\adb.exe -P 5037 -s ce12171c74a0d80805 shell getprop ro.build.version.sdk'
[debug] [35m[ADB][39m Current device property 'ro.build.version.sdk': 26
[debug] [35m[ADB][39m Device API level: 26
[debug] [35m[AndroidDriver][39m Parsing package and activity from app manifest
[35m[ADB][39m Using the alternative activity name detection method because of: Could not find apkanalyzer.bat in C:\Users\Dell-Notebook\.katalon\tools\android_sdk\platform-tools\apkanalyzer.bat,C:\Users\Dell-Notebook\.katalon\tools\android_sdk\emulator\apkanalyzer.bat,C:\Users\Dell-Notebook\.katalon\tools\android_sdk\tools\apkanalyzer.bat,C:\Users\Dell-Notebook\.katalon\tools\android_sdk\tools\bin\apkanalyzer.bat,C:\Users\Dell-Notebook\.katalon\tools\android_sdk\build-tools\28.0.1\apkanalyzer.bat. Do you have the Android SDK installed at 'C:\Users\Dell-Notebook\.katalon\tools\android_sdk'?
[35m[ADB][39m Checking whether aapt is present
[35m[ADB][39m Using aapt.exe from C:\Users\Dell-Notebook\.katalon\tools\android_sdk\build-tools\28.0.1\aapt.exe
[35m[ADB][39m Extracting package and launch activity from manifest
[35m[ADB][39m Package name: 'com.snapcart.android.staging'
[35m[ADB][39m Main activity name: 'com.snapcart.android.ui.initial.InitialActivity_'
[debug] [35m[AndroidDriver][39m Parsed package and activity are: com.snapcart.android.staging/com.snapcart.android.ui.initial.InitialActivity_
[35m[ADB][39m Getting device platform version
[debug] [35m[ADB][39m Running 'C:\Users\Dell-Notebook\.katalon\tools\android_sdk\platform-tools\adb.exe -P 5037 -s ce12171c74a0d80805 shell getprop ro.build.version.release'
[debug] [35m[ADB][39m Current device property 'ro.build.version.release': 8.0.0
[debug] [35m[ADB][39m Running 'C:\Users\Dell-Notebook\.katalon\tools\android_sdk\platform-tools\adb.exe -P 5037 -s ce12171c74a0d80805 shell wm size'
[debug] [35m[ADB][39m Running 'C:\Users\Dell-Notebook\.katalon\tools\android_sdk\platform-tools\adb.exe -P 5037 -s ce12171c74a0d80805 shell wm density'
[debug] [35m[ADB][39m Running 'C:\Users\Dell-Notebook\.katalon\tools\android_sdk\platform-tools\adb.exe -P 5037 -s ce12171c74a0d80805 shell getprop ro.product.model'
[debug] [35m[ADB][39m Current device property 'ro.product.model': SM-G950F
[debug] [35m[ADB][39m Running 'C:\Users\Dell-Notebook\.katalon\tools\android_sdk\platform-tools\adb.exe -P 5037 -s ce12171c74a0d80805 shell getprop ro.product.manufacturer'
[debug] [35m[ADB][39m Current device property 'ro.product.manufacturer': samsung
[debug] [35m[ADB][39m Device API level: 26
[debug] [35m[ADB][39m Running 'C:\Users\Dell-Notebook\.katalon\tools\android_sdk\platform-tools\adb.exe -P 5037 -s ce12171c74a0d80805 shell am force-stop io.appium.uiautomator2.server'
[debug] [35m[ADB][39m Checking app cert for C:\Users\Dell-Notebook\AppData\Roaming\npm\node_modules\appium\node_modules\appium-uiautomator2-server\apks\appium-uiautomator2-server-v1.12.0.apk
[35m[ADB][39m Using apksigner.bat from C:\Users\Dell-Notebook\.katalon\tools\android_sdk\build-tools\28.0.1\apksigner.bat
[debug] [35m[ADB][39m Starting 'C:\Users\Dell-Notebook\.katalon\tools\android_sdk\build-tools\28.0.1\apksigner.bat' with args 'verify,--print-certs,C:\Users\Dell-Notebook\AppData\Roaming\npm\node_modules\appium\node_modules\appium-uiautomator2-server\apks\appium-uiautomator2-server-v1.12.0.apk'
[debug] [35m[ADB][39m 'C:\Users\Dell-Notebook\AppData\Roaming\npm\node_modules\appium\node_modules\appium-uiautomator2-server\apks\appium-uiautomator2-server-v1.12.0.apk' is not signed with debug cert.
[debug] [35m[ADB][39m Zip-aligning 'C:\Users\Dell-Notebook\AppData\Roaming\npm\node_modules\appium\node_modules\appium-uiautomator2-server\apks\appium-uiautomator2-server-v1.12.0.apk'
[35m[ADB][39m Checking whether zipalign is present
[35m[ADB][39m Using zipalign.exe from C:\Users\Dell-Notebook\.katalon\tools\android_sdk\build-tools\28.0.1\zipalign.exe
[debug] [35m[ADB][39m Signing 'C:\Users\Dell-Notebook\AppData\Roaming\npm\node_modules\appium\node_modules\appium-uiautomator2-server\apks\appium-uiautomator2-server-v1.12.0.apk' with default cert
[debug] [35m[ADB][39m Starting 'C:\Users\Dell-Notebook\.katalon\tools\android_sdk\build-tools\28.0.1\apksigner.bat' with args 'sign,--key,C:\Users\Dell-Notebook\AppData\Roaming\npm\node_modules\appium\node_modules\appium-adb\keys\testkey.pk8,--cert,C:\Users\Dell-Notebook\AppData\Roaming\npm\node_modules\appium\node_modules\appium-adb\keys\testkey.x509.pem,C:\Users\Dell-Notebook\AppData\Roaming\npm\node_modules\appium\node_modules\appium-uiautomator2-server\apks\appium-uiautomator2-server-v1.12.0.apk'
[debug] [35m[ADB][39m Checking app cert for C:\Users\Dell-Notebook\AppData\Roaming\npm\node_modules\appium\node_modules\appium-uiautomator2-server\apks\appium-uiautomator2-server-debug-androidTest.apk
[debug] [35m[ADB][39m Starting 'C:\Users\Dell-Notebook\.katalon\tools\android_sdk\build-tools\28.0.1\apksigner.bat' with args 'verify,--print-certs,C:\Users\Dell-Notebook\AppData\Roaming\npm\node_modules\appium\node_modules\appium-uiautomator2-server\apks\appium-uiautomator2-server-debug-androidTest.apk'
[debug] [35m[ADB][39m 'C:\Users\Dell-Notebook\AppData\Roaming\npm\node_modules\appium\node_modules\appium-uiautomator2-server\apks\appium-uiautomator2-server-debug-androidTest.apk' is not signed with debug cert.
[debug] [35m[ADB][39m Zip-aligning 'C:\Users\Dell-Notebook\AppData\Roaming\npm\node_modules\appium\node_modules\appium-uiautomator2-server\apks\appium-uiautomator2-server-debug-androidTest.apk'
[debug] [35m[ADB][39m Signing 'C:\Users\Dell-Notebook\AppData\Roaming\npm\node_modules\appium\node_modules\appium-uiautomator2-server\apks\appium-uiautomator2-server-debug-androidTest.apk' with default cert
[debug] [35m[ADB][39m Starting 'C:\Users\Dell-Notebook\.katalon\tools\android_sdk\build-tools\28.0.1\apksigner.bat' with args 'sign,--key,C:\Users\Dell-Notebook\AppData\Roaming\npm\node_modules\appium\node_modules\appium-adb\keys\testkey.pk8,--cert,C:\Users\Dell-Notebook\AppData\Roaming\npm\node_modules\appium\node_modules\appium-adb\keys\testkey.x509.pem,C:\Users\Dell-Notebook\AppData\Roaming\npm\node_modules\appium\node_modules\appium-uiautomator2-server\apks\appium-uiautomator2-server-debug-androidTest.apk'
[debug] [35m[ADB][39m Uninstalling io.appium.uiautomator2.server
[debug] [35m[ADB][39m Getting install status for io.appium.uiautomator2.server
[debug] [35m[ADB][39m Running 'C:\Users\Dell-Notebook\.katalon\tools\android_sdk\platform-tools\adb.exe -P 5037 -s ce12171c74a0d80805 shell pm list packages io.appium.uiautomator2.server'
[debug] [35m[ADB][39m App is installed
[debug] [35m[ADB][39m Running 'C:\Users\Dell-Notebook\.katalon\tools\android_sdk\platform-tools\adb.exe -P 5037 -s ce12171c74a0d80805 shell am force-stop io.appium.uiautomator2.server'
[debug] [35m[ADB][39m Running 'C:\Users\Dell-Notebook\.katalon\tools\android_sdk\platform-tools\adb.exe -P 5037 -s ce12171c74a0d80805 uninstall io.appium.uiautomator2.server'
[debug] [35m[ADB][39m 'adb uninstall io.appium.uiautomator2.server' command output: Success
[35m[ADB][39m io.appium.uiautomator2.server was successfully uninstalled
[debug] [35m[ADB][39m Uninstalling io.appium.uiautomator2.server.test
[debug] [35m[ADB][39m Getting install status for io.appium.uiautomator2.server.test
[debug] [35m[ADB][39m Running 'C:\Users\Dell-Notebook\.katalon\tools\android_sdk\platform-tools\adb.exe -P 5037 -s ce12171c74a0d80805 shell pm list packages io.appium.uiautomator2.server.test'
[debug] [35m[ADB][39m App is installed
[debug] [35m[ADB][39m Running 'C:\Users\Dell-Notebook\.katalon\tools\android_sdk\platform-tools\adb.exe -P 5037 -s ce12171c74a0d80805 shell am force-stop io.appium.uiautomator2.server.test'
[debug] [35m[ADB][39m Running 'C:\Users\Dell-Notebook\.katalon\tools\android_sdk\platform-tools\adb.exe -P 5037 -s ce12171c74a0d80805 uninstall io.appium.uiautomator2.server.test'
[debug] [35m[ADB][39m 'adb uninstall io.appium.uiautomator2.server.test' command output: Success
[35m[ADB][39m io.appium.uiautomator2.server.test was successfully uninstalled
[debug] [35m[ADB][39m Getting install status for io.appium.uiautomator2.server
[debug] [35m[ADB][39m Running 'C:\Users\Dell-Notebook\.katalon\tools\android_sdk\platform-tools\adb.exe -P 5037 -s ce12171c74a0d80805 shell pm list packages io.appium.uiautomator2.server'
[debug] [35m[ADB][39m App is not installed
[debug] [35m[ADB][39m App 'C:\Users\Dell-Notebook\AppData\Roaming\npm\node_modules\appium\node_modules\appium-uiautomator2-server\apks\appium-uiautomator2-server-v1.12.0.apk' not installed. Installing
[debug] [35m[ADB][39m Running 'C:\Users\Dell-Notebook\.katalon\tools\android_sdk\platform-tools\adb.exe -P 5037 -s ce12171c74a0d80805 install C\:\\Users\\Dell-Notebook\\AppData\\Roaming\\npm\\node_modules\\appium\\node_modules\\appium-uiautomator2-server\\apks\\appium-uiautomator2-server-v1.12.0.apk'
[debug] [35m[ADB][39m Install command stdout: Success
[debug] [35m[ADB][39m Getting install status for io.appium.uiautomator2.server.test
[debug] [35m[ADB][39m Running 'C:\Users\Dell-Notebook\.katalon\tools\android_sdk\platform-tools\adb.exe -P 5037 -s ce12171c74a0d80805 shell pm list packages io.appium.uiautomator2.server.test'
[debug] [35m[ADB][39m App is not installed
[debug] [35m[ADB][39m App 'C:\Users\Dell-Notebook\AppData\Roaming\npm\node_modules\appium\node_modules\appium-uiautomator2-server\apks\appium-uiautomator2-server-debug-androidTest.apk' not installed. Installing
[debug] [35m[ADB][39m Running 'C:\Users\Dell-Notebook\.katalon\tools\android_sdk\platform-tools\adb.exe -P 5037 -s ce12171c74a0d80805 install C\:\\Users\\Dell-Notebook\\AppData\\Roaming\\npm\\node_modules\\appium\\node_modules\\appium-uiautomator2-server\\apks\\appium-uiautomator2-server-debug-androidTest.apk'
[debug] [35m[ADB][39m Install command stdout: Success
[debug] [35m[UiAutomator2][39m Waiting up to 20000ms for instrumentation 'io.appium.uiautomator2.server.test/android.support.test.runner.AndroidJUnitRunner' to be available
[debug] [35m[ADB][39m Running 'C:\Users\Dell-Notebook\.katalon\tools\android_sdk\platform-tools\adb.exe -P 5037 -s ce12171c74a0d80805 shell pm list instrumentation'
[debug] [35m[UiAutomator2][39m Instrumentation 'io.appium.uiautomator2.server.test/android.support.test.runner.AndroidJUnitRunner' available
[debug] [35m[ADB][39m Running 'C:\Users\Dell-Notebook\.katalon\tools\android_sdk\platform-tools\adb.exe -P 5037 -s ce12171c74a0d80805 wait-for-device'
[debug] [35m[ADB][39m Running 'C:\Users\Dell-Notebook\.katalon\tools\android_sdk\platform-tools\adb.exe -P 5037 -s ce12171c74a0d80805 shell echo ping'
[debug] [35m[AndroidDriver][39m Pushing settings apk to device...
[debug] [35m[ADB][39m Getting install status for io.appium.settings
[debug] [35m[ADB][39m Running 'C:\Users\Dell-Notebook\.katalon\tools\android_sdk\platform-tools\adb.exe -P 5037 -s ce12171c74a0d80805 shell pm list packages io.appium.settings'
[debug] [35m[ADB][39m App is installed
[debug] [35m[ADB][39m Getting package info for 'io.appium.settings'
[debug] [35m[ADB][39m Running 'C:\Users\Dell-Notebook\.katalon\tools\android_sdk\platform-tools\adb.exe -P 5037 -s ce12171c74a0d80805 shell dumpsys package io.appium.settings'
[debug] [35m[ADB][39m The installed 'io.appium.settings' package does not require upgrade ('2.3.0' >= '2.3.0')
[debug] [35m[ADB][39m Running 'C:\Users\Dell-Notebook\.katalon\tools\android_sdk\platform-tools\adb.exe -P 5037 -s ce12171c74a0d80805 shell ps'
[debug] [35m[ADB][39m Device API level: 26
[debug] [35m[ADB][39m Running 'C:\Users\Dell-Notebook\.katalon\tools\android_sdk\platform-tools\adb.exe -P 5037 -s ce12171c74a0d80805 shell am start -W -n io.appium.settings/.Settings -a android.intent.action.MAIN -c android.intent.category.LAUNCHER -f 0x10200000'
[debug] [35m[ADB][39m Running 'C:\Users\Dell-Notebook\.katalon\tools\android_sdk\platform-tools\adb.exe -P 5037 -s ce12171c74a0d80805 shell am start -W -n io.appium.settings/.Settings -a android.intent.action.MAIN -c android.intent.category.LAUNCHER -f 0x10200000'
[35m[AndroidDriver][39m Failed to launch settings app: Cannot start the 'io.appium.settings' application. Original error: Error executing adbExec. Original error: 'Command 'C\:\\Users\\Dell-Notebook\\.katalon\\tools\\android_sdk\\platform-tools\\adb.exe -P 5037 -s ce12171c74a0d80805 shell am start -W -n io.appium.settings/.Settings -a android.intent.action.MAIN -c android.intent.category.LAUNCHER -f 0x10200000' timed out after 20000ms'; Stderr: ''; Code: 'null'
[debug] [35m[ADB][39m Device API level: 26
[debug] [35m[ADB][39m Running 'C:\Users\Dell-Notebook\.katalon\tools\android_sdk\platform-tools\adb.exe -P 5037 -s ce12171c74a0d80805 shell appops set io.appium.settings android\:mock_location allow'
[35m[AndroidDriver][39m setDeviceLanguageCountry requires language or country.
[35m[AndroidDriver][39m Got language: 'null' and country: 'null'
[debug] [35m[Logcat][39m Starting logcat capture
[debug] [35m[AndroidDriver][39m Pushing unlock helper app to device...
[debug] [35m[ADB][39m Getting install status for io.appium.unlock
[debug] [35m[ADB][39m Running 'C:\Users\Dell-Notebook\.katalon\tools\android_sdk\platform-tools\adb.exe -P 5037 -s ce12171c74a0d80805 shell pm list packages io.appium.unlock'
[debug] [35m[ADB][39m App is installed
[debug] [35m[ADB][39m Getting package info for 'io.appium.unlock'
[debug] [35m[ADB][39m Running 'C:\Users\Dell-Notebook\.katalon\tools\android_sdk\platform-tools\adb.exe -P 5037 -s ce12171c74a0d80805 shell dumpsys package io.appium.unlock'
[debug] [35m[ADB][39m The installed 'io.appium.unlock' package does not require upgrade ('2.0.0' >= '2.0.0')
[debug] [35m[UiAutomator2][39m Forwarding UiAutomator2 Server port 6790 to 8200
[debug] [35m[ADB][39m Forwarding system: 8200 to device: 6790
[debug] [35m[ADB][39m Running 'C:\Users\Dell-Notebook\.katalon\tools\android_sdk\platform-tools\adb.exe -P 5037 -s ce12171c74a0d80805 forward tcp\:8200 tcp\:6790'
[debug] [35m[ADB][39m Running 'C:\Users\Dell-Notebook\.katalon\tools\android_sdk\platform-tools\adb.exe -P 5037 -s ce12171c74a0d80805 shell rm -rf /data/local/tmp/strings.json'
[debug] [35m[AndroidDriver][39m Extracting strings from apk
[debug] [35m[AndroidDriver][39m D:\Project\Apk\snapcart-9.13.1-develop-staging.apk
[debug] [35m[AndroidDriver][39m null
[debug] [35m[AndroidDriver][39m C:\Users\DELL-N~1\AppData\Local\Temp\Katalon\Appium\Temp1531454555008\com.snapcart.android.staging
[debug] [35m[ADB][39m Extracting strings for language: default
[35m[ADB][39m Successfully extracted 766 strings from 'D:\Project\Apk\snapcart-9.13.1-develop-staging.apk' resources for '(default)' configuration
[debug] [35m[ADB][39m Running 'C:\Users\Dell-Notebook\.katalon\tools\android_sdk\platform-tools\adb.exe -P 5037 -s ce12171c74a0d80805 push C\:\\Users\\DELL-N~1\\AppData\\Local\\Temp\\Katalon\\Appium\\Temp1531454555008\\com.snapcart.android.staging\\strings.json /data/local/tmp'
[debug] [35m[ADB][39m Checking app cert for D:\Project\Apk\snapcart-9.13.1-develop-staging.apk
[debug] [35m[ADB][39m Starting 'C:\Users\Dell-Notebook\.katalon\tools\android_sdk\build-tools\28.0.1\apksigner.bat' with args 'verify,--print-certs,D:\Project\Apk\snapcart-9.13.1-develop-staging.apk'
[debug] [35m[ADB][39m 'D:\Project\Apk\snapcart-9.13.1-develop-staging.apk' is not signed with debug cert.
[debug] [35m[ADB][39m Zip-aligning 'D:\Project\Apk\snapcart-9.13.1-develop-staging.apk'
[debug] [35m[ADB][39m Signing 'D:\Project\Apk\snapcart-9.13.1-develop-staging.apk' with default cert
[debug] [35m[ADB][39m Starting 'C:\Users\Dell-Notebook\.katalon\tools\android_sdk\build-tools\28.0.1\apksigner.bat' with args 'sign,--key,C:\Users\Dell-Notebook\AppData\Roaming\npm\node_modules\appium\node_modules\appium-adb\keys\testkey.pk8,--cert,C:\Users\Dell-Notebook\AppData\Roaming\npm\node_modules\appium\node_modules\appium-adb\keys\testkey.x509.pem,D:\Project\Apk\snapcart-9.13.1-develop-staging.apk'
[debug] [35m[ADB][39m Getting install status for com.snapcart.android.staging
[debug] [35m[ADB][39m Running 'C:\Users\Dell-Notebook\.katalon\tools\android_sdk\platform-tools\adb.exe -P 5037 -s ce12171c74a0d80805 shell pm list packages com.snapcart.android.staging'
[debug] [35m[ADB][39m App is installed
[debug] [35m[ADB][39m Getting package info for 'com.snapcart.android.staging'
[debug] [35m[ADB][39m Running 'C:\Users\Dell-Notebook\.katalon\tools\android_sdk\platform-tools\adb.exe -P 5037 -s ce12171c74a0d80805 shell dumpsys package com.snapcart.android.staging'
[debug] [35m[ADB][39m The installed 'com.snapcart.android.staging' package does not require upgrade ('9.13.1' >= '9.13.1')
[debug] [35m[ADB][39m Running 'C:\Users\Dell-Notebook\.katalon\tools\android_sdk\platform-tools\adb.exe -P 5037 -s ce12171c74a0d80805 shell am force-stop io.appium.uiautomator2.server'
[35m[UiAutomator2][39m Starting uiautomator2 server 1.12.0
[35m[UiAutomator2][39m Using UIAutomator2 server from 'C:\Users\Dell-Notebook\AppData\Roaming\npm\node_modules\appium\node_modules\appium-uiautomator2-server\apks\appium-uiautomator2-server-v1.12.0.apk' and test from 'C:\Users\Dell-Notebook\AppData\Roaming\npm\node_modules\appium\node_modules\appium-uiautomator2-server\apks\appium-uiautomator2-server-debug-androidTest.apk'
[35m[UiAutomator2][39m Running command: 'adb -s ce12171c74a0d80805 shell am instrument -w io.appium.uiautomator2.server.test/android.support.test.runner.AndroidJUnitRunner'
[35m[UiAutomator2][39m Waiting up to 20000ms for UiAutomator2 to be online...
[debug] [35m[JSONWP Proxy][39m Proxying [GET /status] to [GET http://localhost:8200/wd/hub/status] with no body
[debug] [35m[JSONWP Proxy][39m Proxying [GET /status] to [GET http://localhost:8200/wd/hub/status] with no body
[debug] [35m[JSONWP Proxy][39m Proxying [GET /status] to [GET http://localhost:8200/wd/hub/status] with no body
[debug] [35m[JSONWP Proxy][39m Proxying [GET /status] to [GET http://localhost:8200/wd/hub/status] with no body
[debug] [35m[JSONWP Proxy][39m Proxying [GET /status] to [GET http://localhost:8200/wd/hub/status] with no body
[debug] [35m[JSONWP Proxy][39m Got response with status 200: "{\"sessionId\":\"SESSIONID\",\"status\":0,\"value\":\"Status Invoked\"}"
[debug] [35m[JSONWP Proxy][39m Proxying [POST /session] to [POST http://localhost:8200/wd/hub/session] with body: {"desiredCapabilities":{"platform":"ANDROID","webStorageEnabled":false,"takesScreenshot":true,"javascriptEnabled":true,"databaseEnabled":false,"networkConnectionEnabled":true,"locationContextEnabled":false,"warnings":{},"desired":{"app":"D:\\Project\\Apk\\snapcart-9.13.1-develop-staging.apk","autoGrantPermissions":true,"automationName":"uiautomator2","deviceName":"samsung SM-G950F (Android 8.0.0)","fullReset":false,"newCommandTimeout":1800,"noReset":true,"platform":"ANDROID","platformName":"Android","udid":"ce12171c74a0d80805"},"app":"D:\\Project\\Apk\\snapcart-9.13.1-develop-staging.apk","autoGrantPermissions":true,"automationName":"uiautomator2","deviceName":"ce12171c74a0d80805","fullReset":false,"newCommandTimeout":1800,"noReset":true,"platformName":"Android","udid":"ce12171c74a0d80805","deviceUDID":"ce12171c74a0d80805","platformVersion":"8.0.0","deviceScreenSize":"1440x2960","deviceScreenDensity":640,"deviceModel":"SM-G950F","deviceManufacturer":"samsung","deviceApiLevel":26,"appPackage":"com.snapcart....
[debug] [35m[JSONWP Proxy][39m Got response with status 200: {"sessionId":"48bec885-bd72-4246-9ec8-b11901d2b1de","status":0,"value":"Created Session"}
[debug] [35m[ADB][39m Running 'C:\Users\Dell-Notebook\.katalon\tools\android_sdk\platform-tools\adb.exe -P 5037 -s ce12171c74a0d80805 shell dumpsys window'
[debug] [35m[AndroidDriver][39m Screen is locked, trying to unlock
[35m[AndroidDriver][39m Using app unlock, this is going to be deprecated!
[35m[AndroidDriver][39m Unlocking screen
[debug] [35m[ADB][39m Running 'C:\Users\Dell-Notebook\.katalon\tools\android_sdk\platform-tools\adb.exe -P 5037 -s ce12171c74a0d80805 shell am force-stop io.appium.unlock'
[35m[AndroidDriver][39m Launching io.appium.unlock
[debug] [35m[ADB][39m Device API level: 26
[debug] [35m[ADB][39m Running 'C:\Users\Dell-Notebook\.katalon\tools\android_sdk\platform-tools\adb.exe -P 5037 -s ce12171c74a0d80805 shell am start -W -n io.appium.unlock/.Unlock -a android.intent.action.MAIN -c android.intent.category.LAUNCHER -f 0x10200000'
[debug] [35m[ADB][39m Running 'C:\Users\Dell-Notebook\.katalon\tools\android_sdk\platform-tools\adb.exe -P 5037 -s ce12171c74a0d80805 shell am start -W -n io.appium.unlock/.Unlock -a android.intent.action.MAIN -c android.intent.category.LAUNCHER -f 0x10200000'
[debug] [35m[ADB][39m Running 'C:\Users\Dell-Notebook\.katalon\tools\android_sdk\platform-tools\adb.exe -P 5037 -s ce12171c74a0d80805 shell dumpsys window'
[35m[UiAutomator2][39m UiAutomator2 did not start the activity we were waiting for, 'com.snapcart.android.staging/com.snapcart.android.ui.initial.InitialActivity_'. Starting it ourselves
[debug] [35m[ADB][39m Device API level: 26
[debug] [35m[ADB][39m Running 'C:\Users\Dell-Notebook\.katalon\tools\android_sdk\platform-tools\adb.exe -P 5037 -s ce12171c74a0d80805 shell am start -W -n com.snapcart.android.staging/com.snapcart.android.ui.initial.InitialActivity_ -S -a android.intent.action.MAIN -c android.intent.category.LAUNCHER -f 0x10200000'
[debug] [35m[ADB][39m Waiting up to 20000ms for activity matching pkg: 'com.snapcart.android.staging' and activity: 'com.snapcart.android.ui.initial.InitialActivity_' to be focused
[debug] [35m[ADB][39m Possible activities, to be checked: 'com.snapcart.android.ui.initial.InitialActivity_', 'com.snapcart.android.staging.com.snapcart.android.ui.initial.InitialActivity_'
[debug] [35m[ADB][39m Getting focused package and activity
[debug] [35m[ADB][39m Running 'C:\Users\Dell-Notebook\.katalon\tools\android_sdk\platform-tools\adb.exe -P 5037 -s ce12171c74a0d80805 shell dumpsys window windows'
[debug] [35m[ADB][39m Found package: 'com.snapcart.android.staging' and fully qualified activity name : 'com.snapcart.android.ui.initial.InitialActivity_'
[debug] [35m[JSONWP Proxy][39m Proxying [GET /appium/device/pixel_ratio] to [GET http://localhost:8200/wd/hub/session/48bec885-bd72-4246-9ec8-b11901d2b1de/appium/device/pixel_ratio] with body: {}
[debug] [35m[JSONWP Proxy][39m Got response with status 200: "{\"sessionId\":\"48bec885-bd72-4246-9ec8-b11901d2b1de\",\"status\":0,\"value\":2}"
[debug] [35m[JSONWP Proxy][39m Proxying [GET /appium/device/system_bars] to [GET http://localhost:8200/wd/hub/session/48bec885-bd72-4246-9ec8-b11901d2b1de/appium/device/system_bars] with body: {}
[debug] [35m[JSONWP Proxy][39m Got response with status 200: "{\"sessionId\":\"48bec885-bd72-4246-9ec8-b11901d2b1de\",\"status\":0,\"value\":{\"statusBar\":48}}"
[debug] [35m[JSONWP Proxy][39m Proxying [GET /window/current/size] to [GET http://localhost:8200/wd/hub/session/48bec885-bd72-4246-9ec8-b11901d2b1de/window/current/size] with body: {}
[debug] [35m[JSONWP Proxy][39m Got response with status 200: "{\"sessionId\":\"48bec885-bd72-4246-9ec8-b11901d2b1de\",\"status\":0,\"value\":{\"height\":1384,\"width\":720}}"
[35m[Appium][39m New AndroidUiautomator2Driver session created successfully, session d475cd29-1667-487e-921c-7a334ef6e935 added to master session list
[debug] [35m[BaseDriver][39m Event 'newSessionStarted' logged at 1531454702002 (11:05:02 GMT+0700 (SE Asia Standard Time))
[debug] [35m[MJSONWP][39m Responding to client with driver.createSession() result: {"platform":"ANDROID","webStorageEnabled":false,"takesScreenshot":true,"javascriptEnabled":true,"databaseEnabled":false,"networkConnectionEnabled":true,"locationContextEnabled":false,"warnings":{},"desired":{"app":"D:\\Project\\Apk\\snapcart-9.13.1-develop-staging.apk","autoGrantPermissions":true,"automationName":"uiautomator2","deviceName":"samsung SM-G950F (Android 8.0.0)","fullReset":false,"newCommandTimeout":1800,"noReset":true,"platform":"ANDROID","platformName":"Android","udid":"ce12171c74a0d80805"},"app":"D:\\Project\\Apk\\snapcart-9.13.1-develop-staging.apk","autoGrantPermissions":true,"automationName":"uiautomator2","deviceName":"ce12171c74a0d80805","fullReset":false,"newCommandTimeout":1800,"noReset":true,"platformName":"Android","udid":"ce12171c74a0d80805","deviceUDID":"ce12171c74a0d80805","platformVersion":"8.0.0","deviceScreenSize":"1440x2960","deviceScreenDensity":640,"deviceModel":"SM-G950F","deviceManufacturer":"samsung","deviceApiLevel":26,"appPackage":"com.snapcart.android.staging","pixel...
[35m[HTTP][39m [37m<-- POST /wd/hub/session [39m[32m200[39m [90m141299 ms - 1182[39m
[35m[HTTP][39m [90m[39m
[35m[HTTP][39m [37m-->[39m [37mGET[39m [37m/wd/hub/status[39m
[35m[HTTP][39m [90m{}[39m
[debug] [35m[W3C][39m Calling AppiumDriver.getStatus() with args: []
[debug] [35m[W3C][39m Responding to client with driver.getStatus() result: {"build":{"version":"1.8.1","revision":null}}
[35m[HTTP][39m [37m<-- GET /wd/hub/status [39m[32m200[39m [90m3 ms - 55[39m
[35m[HTTP][39m [90m[39m
[35m[HTTP][39m [37m-->[39m [37mPOST[39m [37m/wd/hub/session/d475cd29-1667-487e-921c-7a334ef6e935/timeouts[39m
[35m[HTTP][39m [90m{"type":"implicit","ms":60000}[39m
[debug] [35m[W3C][39m Bad parameters: BadParametersError: Parameters were incorrect. We wanted "W3C protocol expects any of script, pageLoad or implicit to be set" and you sent {"type":"implicit","ms":60000}
[35m[HTTP][39m [37m<-- POST /wd/hub/session/d475cd29-1667-487e-921c-7a334ef6e935/timeouts [39m[33m400[39m [90m15 ms - 5564[39m
[35m[HTTP][39m [90m[39m
[35m[HTTP][39m [37m-->[39m [37mGET[39m [37m/wd/hub/session/d475cd29-1667-487e-921c-7a334ef6e935/source[39m
[35m[HTTP][39m [90m{}[39m
[35m[W3C][39m Driver proxy active, passing request on via HTTP proxy
[debug] [35m[JSONWP Proxy][39m Proxying [GET /wd/hub/session/d475cd29-1667-487e-921c-7a334ef6e935/source] to [GET http://localhost:8200/wd/hub/session/48bec885-bd72-4246-9ec8-b11901d2b1de/source] with body: {}
[debug] [35m[JSONWP Proxy][39m Got response with status 200: "{\"sessionId\":\"48bec885-bd72-4246-9ec8-b11901d2b1de\",\"status\":0,\"value\":\"<?xml version=\\\"1.0\\\" encoding=\\\"UTF-8\\\"?><hierarchy rotation=\\\"0\\\"><android.widget.FrameLayout index=\\\"0\\\" text=\\\"\\\" class=\\\"android.widget.FrameLayout\\\" package=\\\"com.snapcart.android.staging\\\" content-desc=\\\"\\\" checkable=\\\"false\\\" checked=\\\"false\\\" clickable=\\\"false\\\" enabled=\\\"true\\\" focusable=\\\"false\\\" focused=\\\"false\\\" scrollable=\\\"false\\\" long-clickable=\\\"false\\\" password=\\\"false\\\" selected=\\\"false\\\" bounds=\\\"[0,0][720,1384]\\\" resource-id=\\\"\\\" instance=\\\"0\\\"><android.widget.LinearLayout index=\\\"0\\\" text=\\\"\\\" class=\\\"android.widget.LinearLayout\\\" package=\\\"com.snapcart.android.staging\\\" content-desc=\\\"\\\" checkable=\\\"false\\\" checked=\\\"false\\\" clickable=\\\"false\\\" enabled=\\\"true\\\" focusable=\\\"false\\\" focused=\\\"false\\\" scrollable=\\\"false\\\" long-clickable=\\\"false\\\" password=\\\"false\\\" sel...
[35m[JSONWP Proxy][39m Replacing sessionId 48bec885-bd72-4246-9ec8-b11901d2b1de with d475cd29-1667-487e-921c-7a334ef6e935
[35m[HTTP][39m [37m<-- GET /wd/hub/session/d475cd29-1667-487e-921c-7a334ef6e935/source [39m[32m200[39m [90m1102 ms - 25093[39m
[35m[HTTP][39m [90m[39m
[35m[HTTP][39m [37m-->[39m [37mGET[39m [37m/wd/hub/session/d475cd29-1667-487e-921c-7a334ef6e935/screenshot[39m
[35m[HTTP][39m [90m{}[39m
[debug] [35m[W3C][39m Calling AppiumDriver.getScreenshot() with args: ["d475cd29-1667-487e-921c-7a334ef6e935"]
[debug] [35m[JSONWP Proxy][39m Proxying [GET /screenshot] to [GET http://localhost:8200/wd/hub/session/48bec885-bd72-4246-9ec8-b11901d2b1de/screenshot] with no body
[debug] [35m[JSONWP Proxy][39m Got response with status 200: "{\"sessionId\":\"48bec885-bd72-4246-9ec8-b11901d2b1de\",\"status\":0,\"value\":\"iVBORw0KGgoAAAANSUhEUgAAAtAAAAXICAIAAAAcF26zAAAAA3NCSVQICAjb4U\\/gAAAgAElEQVR4\\nnOzdeXwcd30\\/\\/vdnrr0vrVa3LNmy5EO+4iu2QxLncsgFJQkhlEKAAA1fbgr98QUebSnQfmlL0m+B\\nxi18gUChCZAUiAmJSZw4h+PEt+VT8iFZsu6VVtrV3jPz+2Ok8Wh3tVodY0vJ6\\/kwRhnNzs6OpZ3X\\nfj7vz+fD1n75YQIAAAAwE3elTwAAAADe+hA4AAAAwHQIHAAAAGA6BA4AAAAwHQIHAAAAmA6BAwAA\\nAEyHwAEAAACmQ+AAgBnxuxx+l+NKnwUAzHXClT4BAJh\\/7JJ448r61bUV1X6vvrE9GHr9dOve5rZo\\nMnUFzw0A5iaGmUYBYEruXLf8xpWL7ZKU87vRZHJX05kdB05c5rMCgDkOLRwAMAUf3rphU0NNnh3s\\nknTnuuV+l\\/2xl\\/abdxqrayuI6EhrZ\\/a3qv3e925Zvf25PYU0tHx464bTnb2vN7cV8qSbG2oaKgKm\\nvq7Lj+e4moDvXE\\/wSp\\/ILLtvy+obV9RnbNx1rOVXe45ckfMBQuAAgMJNmjZ0mxtqiWh69+Zqv\\/eh\\nbZu373y9PRia4OA1D2zdEAyPZAeOar\\/3C3ddZ5ekL9x1\\/SNP786fObSXs6mhJppM5cwuRqtrKx7Y\\nukH7eoaZQ4tERPTw07szvrW5ocbvclT5vR3BUH945Ghrp6n9UzzHraopT8tK4ftfu2zholK\\/VRRG\\nEsmTHb1vnrlQyAM3Ll6QkuVD5y\\/m\\/O6qmvINixfYJbE7FP7T0ebQSKzQFzCxKkNnX\\/6Nhdu4eEFa\\nkQ+ey\\/0qZrKzjue4LUtq68uLraIQjieOXe...
[debug] [35m[MJSONWP][39m Responding to client with driver.getScreenshot() result: "iVBORw0KGgoAAAANSUhEUgAAAtAAAAXICAIAAAAcF26zAAAAA3NCSVQICAjb4U/gAAAgAElEQVR4\nnOzdeXwcd30//vdnrr0vrVa3LNmy5EO+4iu2QxLncsgFJQkhlEKAAA1fbgr98QUebSnQfmlL0m+B\nxi18gUChCZAUiAmJSZw4h+PEt+VT8iFZsu6VVtrV3jPz+2Ok8Wh3tVodY0vJ6/kwRhnNzs6OpZ3X\nfj7vz+fD1n75YQIAAAAwE3elTwAAAADe+hA4AAAAwHQIHAAAAGA6BA4AAAAwHQIHAAAAmA6BAwAA\nAEyHwAEAAACmQ+AAgBnxuxx+l+NKnwUAzHXClT4BAJh/7JJ448r61bUV1X6vvrE9GHr9dOve5rZo\nMnUFzw0A5iaGmUYBYEruXLf8xpWL7ZKU87vRZHJX05kdB05c5rMCgDkOLRwAMAUf3rphU0NNnh3s\nknTnuuV+l/2xl/abdxqrayuI6EhrZ/a3qv3e925Zvf25PYU0tHx464bTnb2vN7cV8qSbG2oaKgKm\nvq7Lj+e4moDvXE/wSp/ILLtvy+obV9RnbNx1rOVXe45ckfMBQuAAgMJNmjZ0mxtqiWh69+Zqv/eh\nbZu373y9PRia4OA1D2zdEAyPZAeOar/3C3ddZ5ekL9x1/SNP786fObSXs6mhJppM5cwuRqtrKx7Y\nukH7eoaZQ4tERPTw07szvrW5ocbvclT5vR3BUH945Ghrp6n9UzzHraopT8tK4ftfu2zholK/VRRG\nEsmTHb1vnrlQyAM3Ll6QkuVD5y/m/O6qmvINixfYJbE7FP7T0ebQSKzQFzCxKkNnX/6Nhdu4eEFa\nkQ+ey/0qZrKzjue4LUtq68uLraIQjieOXeie6KLVlhQtqQjk/Jaq0s4jp6f0vJcHAgcAFGRzQ02B\naWNs/9rmzr4CGw90fpdjLDFc98jTL2dnDi1taHtmfEtPG0R0MThUSNogoo5gqKWzj4hW11Y0lAeq\ni70N5a...
[35m[HTTP][39m [37m<-- GET /wd/hub/session/d475cd29-1667-487e-921c-7a334ef6e935/screenshot [39m[32m200[39m [90m404 ms - 144810[39m
[35m[HTTP][39m [90m[39m
[35m[HTTP][39m [37m-->[39m [37mGET[39m [37m/wd/hub/session/d475cd29-1667-487e-921c-7a334ef6e935/source[39m
[35m[HTTP][39m [90m{}[39m
[35m[W3C][39m Driver proxy active, passing request on via HTTP proxy
[debug] [35m[JSONWP Proxy][39m Proxying [GET /wd/hub/session/d475cd29-1667-487e-921c-7a334ef6e935/source] to [GET http://localhost:8200/wd/hub/session/48bec885-bd72-4246-9ec8-b11901d2b1de/source] with body: {}
[debug] [35m[JSONWP Proxy][39m Got response with status 200: "{\"sessionId\":\"48bec885-bd72-4246-9ec8-b11901d2b1de\",\"status\":0,\"value\":\"<?xml version=\\\"1.0\\\" encoding=\\\"UTF-8\\\"?><hierarchy rotation=\\\"0\\\"><android.widget.FrameLayout index=\\\"0\\\" text=\\\"\\\" class=\\\"android.widget.FrameLayout\\\" package=\\\"com.snapcart.android.staging\\\" content-desc=\\\"\\\" checkable=\\\"false\\\" checked=\\\"false\\\" clickable=\\\"false\\\" enabled=\\\"true\\\" focusable=\\\"false\\\" focused=\\\"false\\\" scrollable=\\\"false\\\" long-clickable=\\\"false\\\" password=\\\"false\\\" selected=\\\"false\\\" bounds=\\\"[0,0][720,1384]\\\" resource-id=\\\"\\\" instance=\\\"0\\\"><android.widget.LinearLayout index=\\\"0\\\" text=\\\"\\\" class=\\\"android.widget.LinearLayout\\\" package=\\\"com.snapcart.android.staging\\\" content-desc=\\\"\\\" checkable=\\\"false\\\" checked=\\\"false\\\" clickable=\\\"false\\\" enabled=\\\"true\\\" focusable=\\\"false\\\" focused=\\\"false\\\" scrollable=\\\"false\\\" long-clickable=\\\"false\\\" password=\\\"false\\\" sel...
[35m[JSONWP Proxy][39m Replacing sessionId 48bec885-bd72-4246-9ec8-b11901d2b1de with d475cd29-1667-487e-921c-7a334ef6e935
[35m[HTTP][39m [37m<-- GET /wd/hub/session/d475cd29-1667-487e-921c-7a334ef6e935/source [39m[32m200[39m [90m405 ms - 25115[39m
[35m[HTTP][39m [90m[39m
[35m[HTTP][39m [37m-->[39m [37mGET[39m [37m/wd/hub/session/d475cd29-1667-487e-921c-7a334ef6e935/screenshot[39m
[35m[HTTP][39m [90m{}[39m
[debug] [35m[W3C][39m Calling AppiumDriver.getScreenshot() with args: ["d475cd29-1667-487e-921c-7a334ef6e935"]
[debug] [35m[JSONWP Proxy][39m Proxying [GET /screenshot] to [GET http://localhost:8200/wd/hub/session/48bec885-bd72-4246-9ec8-b11901d2b1de/screenshot] with no body
[debug] [35m[JSONWP Proxy][39m Got response with status 200: "{\"sessionId\":\"48bec885-bd72-4246-9ec8-b11901d2b1de\",\"status\":0,\"value\":\"iVBORw0KGgoAAAANSUhEUgAAAtAAAAXICAIAAAAcF26zAAAAA3NCSVQICAjb4U\\/gAAAgAElEQVR4\\nnOzdeXwcd30\\/\\/vdnrr0vrVa3LNmyZMvyFV+xndhxLodcHEmAtBQSEqDhC4Sj0B9f4NGWQg\\/akvRb\\noEmBhpuGIymQEEJInNtxfN+HfEmWrGu10kq72ntmfn+MNB7trlYrWWNLyev5MGYzmp2dHUua134+\\n78\\/nw1Z94SECAAAAMBN3uU8AAAAA3voQOAAAAMB0CBwAAABgOgQOAAAAMB0CBwAAAJgOgQMAAABM\\nh8ABAAAApkPgAAAAANMhcAAAAIDpEDgAAADAdMLlPgEAgClbUV9FRAfaunK\\/VOv3vnfjikf\\/uD2W\\nSk96nHu3rD3R1fdGa3sxL7qhqa6pKvCjl3ZP9WxnM57j6gK+M72hy30iM+x9G1dct7Qxa+O2wyd\\/\\nuf3AZTkfIAQOAJhtav3eB7ZuePS5NzpC4bw7bGiqu2fL2lBkJDdw1Pq9n719s12SPnv7NQ8\\/9XLh\\nzHHvlrXrm+rWN9XFUum82cVoRX3VPVvWao8vMnNokYiIHnrq5awvbWiq87scNX5vZyjcHxk52NZV\\nTGyaNp7jltdVZmSl+P03Nc9fUO63isJIMnWss2\\/nqXMT7Vzqdly5cF5liVvi+Vgqfbon9OqxM3n3\\nXF5XuXbhPLsk9oQjfzrYGh6JT+fNjFfj9xa5sXjrFs7LKPLeM+dnfGcdz3EbF9U3VpZaRSGSSB4+\\n17Pv7ORH4DlucXWg3ONKZjKvH2+b0iteSggcADCL+F2OscSw+eGnXsnNHFra0PbM+pKeNojofGio\\nmLRBRJ2h8MmuIBGtqK9qqgzUlnqbKgPaPq3dwY7+8I7W9o5Q+G...
[debug] [35m[MJSONWP][39m Responding to client with driver.getScreenshot() result: "iVBORw0KGgoAAAANSUhEUgAAAtAAAAXICAIAAAAcF26zAAAAA3NCSVQICAjb4U/gAAAgAElEQVR4\nnOzdeXwcd30//vdnrr0vrVa3LNmyZMvyFV+xndhxLodcHEmAtBQSEqDhC4Sj0B9f4NGWQg/akvRb\noEmBhpuGIymQEEJInNtxfN+HfEmWrGu10kq72ntmfn+MNB7trlYrWWNLyev5MGYzmp2dHUua134+\n78/nw1Z94SECAAAAMBN3uU8AAAAA3voQOAAAAMB0CBwAAABgOgQOAAAAMB0CBwAAAJgOgQMAAABM\nh8ABAAAApkPgAAAAANMhcAAAAIDpEDgAAADAdMLlPgEAgClbUV9FRAfaunK/VOv3vnfjikf/uD2W\nSk96nHu3rD3R1fdGa3sxL7qhqa6pKvCjl3ZP9WxnM57j6gK+M72hy30iM+x9G1dct7Qxa+O2wyd/\nuf3AZTkfIAQOAJhtav3eB7ZuePS5NzpC4bw7bGiqu2fL2lBkJDdw1Pq9n719s12SPnv7NQ8/9XLh\nzHHvlrXrm+rWN9XFUum82cVoRX3VPVvWao8vMnNokYiIHnrq5awvbWiq87scNX5vZyjcHxk52NZV\nTGyaNp7jltdVZmSl+P03Nc9fUO63isJIMnWss2/nqXMT7Vzqdly5cF5liVvi+Vgqfbon9OqxM3n3\nXF5XuXbhPLsk9oQjfzrYGh6JT+fNjFfj9xa5sXjrFs7LKPLeM+dnfGcdz3EbF9U3VpZaRSGSSB4+\n17Pv7ORH4DlucXWg3ONKZjKvH2+b0iteSggcADCL+F2OscSw+eGnXsnNHFra0PbM+pKeNojofGio\nmLRBRJ2h8MmuIBGtqK9qqgzUlnqbKgPaPq3dwY7+8I7W9o5Q+GRXsDMUrvF7NzTV08Vljnu2rMm9\n82kxS39TK+uriOhHL+0qsvVlelbUVzosliJv8PPLSu69dm25x6Vv2dBUv6l5/mPbdg7mHOGGZY23\nrl5ik0...
[35m[HTTP][39m [37m<-- GET /wd/hub/session/d475cd29-1667-487e-921c-7a334ef6e935/screenshot [39m[32m200[39m [90m414 ms - 144786[39m
[35m[HTTP][39m [90m[39m
[35m[HTTP][39m [37m-->[39m [37mGET[39m [37m/wd/hub/session/d475cd29-1667-487e-921c-7a334ef6e935/source[39m
[35m[HTTP][39m [90m{}[39m
[35m[W3C][39m Driver proxy active, passing request on via HTTP proxy
[debug] [35m[JSONWP Proxy][39m Proxying [GET /wd/hub/session/d475cd29-1667-487e-921c-7a334ef6e935/source] to [GET http://localhost:8200/wd/hub/session/48bec885-bd72-4246-9ec8-b11901d2b1de/source] with body: {}
[debug] [35m[JSONWP Proxy][39m Got response with status 200: "{\"sessionId\":\"48bec885-bd72-4246-9ec8-b11901d2b1de\",\"status\":0,\"value\":\"<?xml version=\\\"1.0\\\" encoding=\\\"UTF-8\\\"?><hierarchy rotation=\\\"0\\\"><android.widget.FrameLayout index=\\\"0\\\" text=\\\"\\\" class=\\\"android.widget.FrameLayout\\\" package=\\\"com.snapcart.android.staging\\\" content-desc=\\\"\\\" checkable=\\\"false\\\" checked=\\\"false\\\" clickable=\\\"false\\\" enabled=\\\"true\\\" focusable=\\\"false\\\" focused=\\\"false\\\" scrollable=\\\"false\\\" long-clickable=\\\"false\\\" password=\\\"false\\\" selected=\\\"false\\\" bounds=\\\"[0,0][720,1384]\\\" resource-id=\\\"\\\" instance=\\\"0\\\"><android.widget.LinearLayout index=\\\"0\\\" text=\\\"\\\" class=\\\"android.widget.LinearLayout\\\" package=\\\"com.snapcart.android.staging\\\" content-desc=\\\"\\\" checkable=\\\"false\\\" checked=\\\"false\\\" clickable=\\\"false\\\" enabled=\\\"true\\\" focusable=\\\"false\\\" focused=\\\"false\\\" scrollable=\\\"false\\\" long-clickable=\\\"false\\\" password=\\\"false\\\" sel...
[35m[JSONWP Proxy][39m Replacing sessionId 48bec885-bd72-4246-9ec8-b11901d2b1de with d475cd29-1667-487e-921c-7a334ef6e935
[35m[HTTP][39m [37m<-- GET /wd/hub/session/d475cd29-1667-487e-921c-7a334ef6e935/source [39m[32m200[39m [90m191 ms - 22814[39m
[35m[HTTP][39m [90m[39m
[35m[HTTP][39m [37m-->[39m [37mGET[39m [37m/wd/hub/session/d475cd29-1667-487e-921c-7a334ef6e935/screenshot[39m
[35m[HTTP][39m [90m{}[39m
[debug] [35m[W3C][39m Calling AppiumDriver.getScreenshot() with args: ["d475cd29-1667-487e-921c-7a334ef6e935"]
[debug] [35m[JSONWP Proxy][39m Proxying [GET /screenshot] to [GET http://localhost:8200/wd/hub/session/48bec885-bd72-4246-9ec8-b11901d2b1de/screenshot] with no body
[debug] [35m[JSONWP Proxy][39m Got response with status 200: "{\"sessionId\":\"48bec885-bd72-4246-9ec8-b11901d2b1de\",\"status\":0,\"value\":\"iVBORw0KGgoAAAANSUhEUgAAAtAAAAXICAIAAAAcF26zAAAAA3NCSVQICAjb4U\\/gAAAgAElEQVR4\\nnOzdeXwcd30\\/\\/vece19are7TsiVbsi3Hjp3YSRznck5zJCFJSyFAgIYCAVLolwK\\/tkB60ELSFmjS\\nQiGBQhNyFEgISUgcmySO49uWT8mHZMm6pV1p72Nmfn+MNBrtrlYrWWNLyev5cJz17OxoZla785rP\\nyaz+ysMEAAAAYCT2Yu8AAAAAvPshcAAAAIDhEDgAAADAcAgcAAAAYDgEDgAAADAcAgcAAAAYDoED\\nAAAADIfAAQAAAIZD4AAAAADDIXAAAACA4fiLvQMAADPWXFNGRAfbuzOfqvS6P7Sh+bGXd0QSyWm3\\n87FNa09097\\/d2pHPD11fX11f5nti256Z7u18xrFstc9zum\\/oYu\\/IHLtrQ\\/O1y5ekLdx6uO1XOw5e\\nlP0BQuAAgPmm0uu+f\\/P6x155u3MokHWF9fXV925aOxQMZwaOSq\\/7S1s2WkXxS1uufuT57bkzx8c2\\nrb28vvry+upIIpk1u+g115Tdu2mt+vg8M4caiYjo4ee3pz21vr7a67BVeN1dQ4HBYPhQe3c+sWnW\\nOJZdWV2akuT8179qWe2iYq9Z4MPxxLGu\\/l0nz061crHbsb6+utjl4FhmOBw9cObc8XP9WddcWV26\\ndnGVVRR6A8E\\/HGoNhKOzOZjJKrzuPBfmb93iqpQs7Tt9bs5X1nAsu6GhZklpoVngg7H44bO9+89M\\nuQXt7bCIQigWz\\/12zAcIHAAwj3gdtvHEsPGR5\\/+YmTnUtKGumfaUljaI6NzQSD5pg4i6hgJt3QNE\\n1FxTVl\\/qqyx015f61HVaewY6BwM7Wzs6hwJt3QNd...
[debug] [35m[MJSONWP][39m Responding to client with driver.getScreenshot() result: "iVBORw0KGgoAAAANSUhEUgAAAtAAAAXICAIAAAAcF26zAAAAA3NCSVQICAjb4U/gAAAgAElEQVR4\nnOzdeXwcd30//vece19are7TsiVbsi3Hjp3YSRznck5zJCFJSyFAgIYCAVLolwK/tkB60ELSFmjS\nQiGBQhNyFEgISUgcmySO49uWT8mHZMm6pV1p72Nmfn+MNBrtrlYrWWNLyev5cJz17OxoZla785rP\nyaz+ysMEAAAAYCT2Yu8AAAAAvPshcAAAAIDhEDgAAADAcAgcAAAAYDgEDgAAADAcAgcAAAAYDoED\nAAAADIfAAQAAAIZD4AAAAADDIXAAAACA4fiLvQMAADPWXFNGRAfbuzOfqvS6P7Sh+bGXd0QSyWm3\n87FNa09097/d2pHPD11fX11f5nti256Z7u18xrFstc9zum/oYu/IHLtrQ/O1y5ekLdx6uO1XOw5e\nlP0BQuAAgPmm0uu+f/P6x155u3MokHWF9fXV925aOxQMZwaOSq/7S1s2WkXxS1uufuT57bkzx8c2\nrb28vvry+upIIpk1u+g115Tdu2mt+vg8M4caiYjo4ee3pz21vr7a67BVeN1dQ4HBYPhQe3c+sWnW\nOJZdWV2akuT8179qWe2iYq9Z4MPxxLGu/l0nz061crHbsb6+utjl4FhmOBw9cObc8XP9WddcWV26\ndnGVVRR6A8E/HGoNhKOzOZjJKrzuPBfmb93iqpQs7Tt9bs5X1nAsu6GhZklpoVngg7H44bO9+89M\nuQXt7bCIQigWz/12zAcIHAAwj3gdtvHEsPGR5/+YmTnUtKGumfaUljaI6NzQSD5pg4i6hgJt3QNE\n1FxTVl/qqyx015f61HVaewY6BwM7Wzs6hwJt3QNdQ4EKr3t9fQ2dX+a4d9OlmVc+NWZpB7WqpoyI\nnti2O8/Sl9lprim1mUx5XuBriwo+ds3aYpdDW7K+vuaqZbU/2brLn7GFG5rrb1vdaBImLjEbly3a\nd7rrZ9...
[35m[HTTP][39m [37m<-- GET /wd/hub/session/d475cd29-1667-487e-921c-7a334ef6e935/screenshot [39m[32m200[39m [90m286 ms - 146082[39m
[35m[HTTP][39m [90m[39m
[35m[HTTP][39m [37m-->[39m [37mGET[39m [37m/wd/hub/session/d475cd29-1667-487e-921c-7a334ef6e935/source[39m
[35m[HTTP][39m [90m{}[39m
[35m[W3C][39m Driver proxy active, passing request on via HTTP proxy
[debug] [35m[JSONWP Proxy][39m Proxying [GET /wd/hub/session/d475cd29-1667-487e-921c-7a334ef6e935/source] to [GET http://localhost:8200/wd/hub/session/48bec885-bd72-4246-9ec8-b11901d2b1de/source] with body: {}
[debug] [35m[JSONWP Proxy][39m Got response with status 200: "{\"sessionId\":\"48bec885-bd72-4246-9ec8-b11901d2b1de\",\"status\":0,\"value\":\"<?xml version=\\\"1.0\\\" encoding=\\\"UTF-8\\\"?><hierarchy rotation=\\\"0\\\"><android.widget.FrameLayout index=\\\"0\\\" text=\\\"\\\" class=\\\"android.widget.FrameLayout\\\" package=\\\"com.snapcart.android.staging\\\" content-desc=\\\"\\\" checkable=\\\"false\\\" checked=\\\"false\\\" clickable=\\\"false\\\" enabled=\\\"true\\\" focusable=\\\"false\\\" focused=\\\"false\\\" scrollable=\\\"false\\\" long-clickable=\\\"false\\\" password=\\\"false\\\" selected=\\\"false\\\" bounds=\\\"[0,0][720,1384]\\\" resource-id=\\\"\\\" instance=\\\"0\\\"><android.widget.LinearLayout index=\\\"0\\\" text=\\\"\\\" class=\\\"android.widget.LinearLayout\\\" package=\\\"com.snapcart.android.staging\\\" content-desc=\\\"\\\" checkable=\\\"false\\\" checked=\\\"false\\\" clickable=\\\"false\\\" enabled=\\\"true\\\" focusable=\\\"false\\\" focused=\\\"false\\\" scrollable=\\\"false\\\" long-clickable=\\\"false\\\" password=\\\"false\\\" sel...
[35m[JSONWP Proxy][39m Replacing sessionId 48bec885-bd72-4246-9ec8-b11901d2b1de with d475cd29-1667-487e-921c-7a334ef6e935
[35m[HTTP][39m [37m<-- GET /wd/hub/session/d475cd29-1667-487e-921c-7a334ef6e935/source [39m[32m200[39m [90m403 ms - 35546[39m
[35m[HTTP][39m [90m[39m
[35m[HTTP][39m [37m-->[39m [37mGET[39m [37m/wd/hub/session/d475cd29-1667-487e-921c-7a334ef6e935/screenshot[39m
[35m[HTTP][39m [90m{}[39m
[debug] [35m[W3C][39m Calling AppiumDriver.getScreenshot() with args: ["d475cd29-1667-487e-921c-7a334ef6e935"]
[debug] [35m[JSONWP Proxy][39m Proxying [GET /screenshot] to [GET http://localhost:8200/wd/hub/session/48bec885-bd72-4246-9ec8-b11901d2b1de/screenshot] with no body
[debug] [35m[JSONWP Proxy][39m Got response with status 200: "{\"sessionId\":\"48bec885-bd72-4246-9ec8-b11901d2b1de\",\"status\":0,\"value\":\"iVBORw0KGgoAAAANSUhEUgAAAtAAAAXICAIAAAAcF26zAAAAA3NCSVQICAjb4U\\/gAAAgAElEQVR4\\nnOy9eXQc93Xn+73396tqNDYSIAlukLhJIi2R1ELZonbbchTLtl4mXuKMI+c4yTjO4jjJO2+Sl8y8\\nmfPOJF5OMuOxPZPxMomTWHmJlzhOtNjWYllSZO0bRUqkSJGSuIgESIAk1u6q373vj191owmAO0GA\\n8v0IB2hU\\/7q6uopH9cVdvpfW\\/+nfwDAMwzCmm5f\\/7osgEKj4nQhjj4\\/4UX9IjVuKjUduMWYMPN0H\\nYBiGYRgAAD36Jp18xfF+N2YQJjgMwzCMGYFCVRG\\/jth8xM\\/jSBATHTMWExyGYRjGzEHj15GywzTE\\nmwETHIZhGMYMpJAdDb8eLchhnBuY4DAMwzBmLBM0x8QVZ+tQjNPEBIdhGIYxM5isguNIzWH64hzG\\nBIdhGIYxwxivOcaemPDAOGcwwWEYhmHMPI4IdehRFYhx7mCCwzAMw5gh6PjQhemMNxEmOAzDMIyZ\\nQa0l9shN4x6YCjlX8dN9AIZhGCfN2u4uABt29Ux8qruj7QPrVn71oedGqvlx9\\/PRq1e\\/vK\\/v8e17\\nTuRNr1q+6MKujtsf23SyRzuTcUznd7bv2H9oug8EALRuS64KoglbT4Jf+\\/AH3nvT28dtvOv+H\\/\\/l\\nN\\/\\/xdI7QOB1McBiGMbPo7mj7+A2Xfe2h53b1D0y64Krli25bv7pvaGSi4OjuaPvUu64sJ8mnbrry\\ni\\/c\\/dWzN8dGrV79t2aK3LVs0Us0n1S6NrO3uum396vj4NDVHlEQAvnDfU+Oeumr5os6WcndH267+\\ngb7BkQ27e05ENp0yjmnN4nm5nGjEwDFde0H3...
[debug] [35m[MJSONWP][39m Responding to client with driver.getScreenshot() result: "iVBORw0KGgoAAAANSUhEUgAAAtAAAAXICAIAAAAcF26zAAAAA3NCSVQICAjb4U/gAAAgAElEQVR4\nnOy9eXQc93Xn+73396tqNDYSIAlukLhJIi2R1ELZonbbchTLtl4mXuKMI+c4yTjO4jjJO2+Sl8y8\nmfPOJF5OMuOxPZPxMomTWHmJlzhOtNjWYllSZO0bRUqkSJGSuIgESIAk1u6q373vj191owmAO0GA\n8v0IB2hU/7q6uopH9cVdvpfW/+nfwDAMwzCmm5f/7osgEKj4nQhjj4/4UX9IjVuKjUduMWYMPN0H\nYBiGYRgAAD36Jp18xfF+N2YQJjgMwzCMGYFCVRG/jth8xM/jSBATHTMWExyGYRjGzEHj15GywzTE\nmwETHIZhGMYMpJAdDb8eLchhnBuY4DAMwzBmLBM0x8QVZ+tQjNPEBIdhGIYxM5isguNIzWH64hzG\nBIdhGIYxwxivOcaemPDAOGcwwWEYhmHMPI4IdehRFYhx7mCCwzAMw5gh6PjQhemMNxEmOAzDMIyZ\nQa0l9shN4x6YCjlX8dN9AIZhGCfN2u4uABt29Ux8qruj7QPrVn71oedGqvlx9/PRq1e/vK/v8e17\nTuRNr1q+6MKujtsf23SyRzuTcUznd7bv2H9oug8EALRuS64KoglbT4Jf+/AH3nvT28dtvOv+H//l\nN//xdI7QOB1McBiGMbPo7mj7+A2Xfe2h53b1D0y64Krli25bv7pvaGSi4OjuaPvUu64sJ8mnbrry\ni/c/dWzN8dGrV79t2aK3LVs0Us0n1S6NrO3uum396vj4NDVHlEQAvnDfU+Oeumr5os6WcndH267+\ngb7BkQ27e05ENp0yjmnN4nm5nGjEwDFde0H3srmzmxI/VKlu3tv31KtvHG3x/PaWty1bOL+9xTH3\nD48+v3Pflr19k65cvXjelUsXlNNkQ/6h7/3g3r7+QwQ0CI3iQaMIOS5Lz1t8ghtPnBuuujLL80ef\nfu6ML6...
[35m[HTTP][39m [37m<-- GET /wd/hub/session/d475cd29-1667-487e-921c-7a334ef6e935/screenshot [39m[32m200[39m [90m414 ms - 135106[39m
[35m[HTTP][39m [90m[39m
[35m[HTTP][39m [37m-->[39m [37mGET[39m [37m/wd/hub/session/d475cd29-1667-487e-921c-7a334ef6e935/source[39m
[35m[HTTP][39m [90m{}[39m
[35m[W3C][39m Driver proxy active, passing request on via HTTP proxy
[debug] [35m[JSONWP Proxy][39m Proxying [GET /wd/hub/session/d475cd29-1667-487e-921c-7a334ef6e935/source] to [GET http://localhost:8200/wd/hub/session/48bec885-bd72-4246-9ec8-b11901d2b1de/source] with body: {}
[debug] [35m[JSONWP Proxy][39m Got response with status 200: "{\"sessionId\":\"48bec885-bd72-4246-9ec8-b11901d2b1de\",\"status\":0,\"value\":\"<?xml version=\\\"1.0\\\" encoding=\\\"UTF-8\\\"?><hierarchy rotation=\\\"0\\\"><android.widget.FrameLayout index=\\\"0\\\" text=\\\"\\\" class=\\\"android.widget.FrameLayout\\\" package=\\\"com.snapcart.android.staging\\\" content-desc=\\\"\\\" checkable=\\\"false\\\" checked=\\\"false\\\" clickable=\\\"false\\\" enabled=\\\"true\\\" focusable=\\\"false\\\" focused=\\\"false\\\" scrollable=\\\"false\\\" long-clickable=\\\"false\\\" password=\\\"false\\\" selected=\\\"false\\\" bounds=\\\"[0,0][720,1384]\\\" resource-id=\\\"\\\" instance=\\\"0\\\"><android.widget.LinearLayout index=\\\"0\\\" text=\\\"\\\" class=\\\"android.widget.LinearLayout\\\" package=\\\"com.snapcart.android.staging\\\" content-desc=\\\"\\\" checkable=\\\"false\\\" checked=\\\"false\\\" clickable=\\\"false\\\" enabled=\\\"true\\\" focusable=\\\"false\\\" focused=\\\"false\\\" scrollable=\\\"false\\\" long-clickable=\\\"false\\\" password=\\\"false\\\" sel...
[35m[JSONWP Proxy][39m Replacing sessionId 48bec885-bd72-4246-9ec8-b11901d2b1de with d475cd29-1667-487e-921c-7a334ef6e935
[35m[HTTP][39m [37m<-- GET /wd/hub/session/d475cd29-1667-487e-921c-7a334ef6e935/source [39m[32m200[39m [90m214 ms - 22814[39m
[35m[HTTP][39m [90m[39m
[35m[HTTP][39m [37m-->[39m [37mGET[39m [37m/wd/hub/session/d475cd29-1667-487e-921c-7a334ef6e935/screenshot[39m
[35m[HTTP][39m [90m{}[39m
[debug] [35m[W3C][39m Calling AppiumDriver.getScreenshot() with args: ["d475cd29-1667-487e-921c-7a334ef6e935"]
[debug] [35m[JSONWP Proxy][39m Proxying [GET /screenshot] to [GET http://localhost:8200/wd/hub/session/48bec885-bd72-4246-9ec8-b11901d2b1de/screenshot] with no body
[debug] [35m[JSONWP Proxy][39m Got response with status 200: "{\"sessionId\":\"48bec885-bd72-4246-9ec8-b11901d2b1de\",\"status\":0,\"value\":\"iVBORw0KGgoAAAANSUhEUgAAAtAAAAXICAIAAAAcF26zAAAAA3NCSVQICAjb4U\\/gAAAgAElEQVR4\\nnOzdd3wcZ50\\/8O\\/U7U2rVZclWZZkS+4tttOc5vQASQi54yCBABeOECAH\\/GhXgFzhDsLdAZcccJDA\\nwQVSDogJIaTYKY7j3osk25Ilq69W0q62z8zvj5HGo93VaiXt2FLyeb8cZ72anZ0ZW5rPPs\\/3eR5m\\n9RceIQAAAAAjsRf7AAAAAOCdD4EDAAAADIfAAQAAAIZD4AAAAADDIXAAAACA4RA4AAAAwHAIHAAA\\nAGA4BA4AAAAwHAIHAAAAGA6BAwAAAAzHX+wDAACYthXVZUR0sK0r\\/UuVXvf7N6147I87wvHElPu5\\nd\\/O6k119bzW35\\/KmG+ur6st8T2zbM92jncs4lq3yeU73+i\\/2geTZXZtWXL20LuXJV460\\/HrHwYty\\nPEAIHAAw11R63fdv2fjYi291+IcybrCxvuqezev8wdH0wFHpdX\\/u1iusovi5W6\\/87nPbs2eOezev\\n21BftaG+KhxPZMwueiuqy+7ZvE59PMvMoUYiInrkue0pX9pYX+V12Cq87k7\\/0EBw9FBbVy6xacY4\\nll1eVZqU5Ny3v3xJzcJir1ngR2Px4519u1rP5vKqxeW+Ipcjnky+eaItfYPlVaXrFi2wikLPUPBP\\nh5qHRiPTOouMKrzuHJ\\/M3fpFC5KytO\\/0ubxvPPs9LCh0L6koJqLuwMih9u4Zv6mhEDgAYA7xOmzj\\nieGK7z73WnrmUNOGumXKl7S0QUTn\\/MO5pA0i6vQPtXT1E9GK6rL6Ul9lobu+1Kdu09zd3zEwtLO5\\nvcM\\/1NLV3+kfqvC6N9ZX0+wyxz2b16bf+dSY...
[debug] [35m[MJSONWP][39m Responding to client with driver.getScreenshot() result: "iVBORw0KGgoAAAANSUhEUgAAAtAAAAXICAIAAAAcF26zAAAAA3NCSVQICAjb4U/gAAAgAElEQVR4\nnOzdd3wcZ50/8O/U7U2rVZclWZZkS+4tttOc5vQASQi54yCBABeOECAH/GhXgFzhDsLdAZcccJDA\nwQVSDogJIaTYKY7j3osk25Ilq69W0q62z8zvj5HGo93VaiXt2FLyeb8cZ72anZ0ZW5rPPs/3eR5m\n9RceIQAAAAAjsRf7AAAAAOCdD4EDAAAADIfAAQAAAIZD4AAAAADDIXAAAACA4RA4AAAAwHAIHAAA\nAGA4BA4AAAAwHAIHAAAAGA6BAwAAAAzHX+wDAACYthXVZUR0sK0r/UuVXvf7N6147I87wvHElPu5\nd/O6k119bzW35/KmG+ur6st8T2zbM92jncs4lq3yeU73+i/2geTZXZtWXL20LuXJV460/HrHwYty\nPEAIHAAw11R63fdv2fjYi291+IcybrCxvuqezev8wdH0wFHpdX/u1iusovi5W6/87nPbs2eOezev\n21BftaG+KhxPZMwueiuqy+7ZvE59PMvMoUYiInrkue0pX9pYX+V12Cq87k7/0EBw9FBbVy6xacY4\nll1eVZqU5Ny3v3xJzcJir1ngR2Px4519u1rP5vKqxeW+Ipcjnky+eaItfYPlVaXrFi2wikLPUPBP\nh5qHRiPTOouMKrzuHJ/M3fpFC5KytO/0ubxvPPs9LCh0L6koJqLuwMih9u4Zv6mhEDgAYA7xOmzj\nieGK7z73WnrmUNOGumXKl7S0QUTn/MO5pA0i6vQPtXT1E9GK6rL6Ul9lobu+1Kdu09zd3zEwtLO5\nvcM/1NLV3+kfqvC6N9ZX0+wyxz2b16bf+dSYpZ3UyuoyInpi2+4cW19mZkV1qc1kyvEGX1NUcO9V\n64pdDu2ZjfXVly+p+ckruwKT7MFlNb/vkmUrqsosokBEHf6h9MBx1dJF79+4gmUYImqqLFlRXfbI\nc9sHQ+...
[35m[HTTP][39m [37m<-- GET /wd/hub/session/d475cd29-1667-487e-921c-7a334ef6e935/screenshot [39m[32m200[39m [90m419 ms - 145496[39m
[35m[HTTP][39m [90m[39m
[35m[HTTP][39m [37m-->[39m [37mGET[39m [37m/wd/hub/session/d475cd29-1667-487e-921c-7a334ef6e935/source[39m
[35m[HTTP][39m [90m{}[39m
[35m[W3C][39m Driver proxy active, passing request on via HTTP proxy
[debug] [35m[JSONWP Proxy][39m Proxying [GET /wd/hub/session/d475cd29-1667-487e-921c-7a334ef6e935/source] to [GET http://localhost:8200/wd/hub/session/48bec885-bd72-4246-9ec8-b11901d2b1de/source] with body: {}
[debug] [35m[JSONWP Proxy][39m Got response with status 200: "{\"sessionId\":\"48bec885-bd72-4246-9ec8-b11901d2b1de\",\"status\":0,\"value\":\"<?xml version=\\\"1.0\\\" encoding=\\\"UTF-8\\\"?><hierarchy rotation=\\\"0\\\"><android.widget.FrameLayout index=\\\"0\\\" text=\\\"\\\" class=\\\"android.widget.FrameLayout\\\" package=\\\"com.snapcart.android.staging\\\" content-desc=\\\"\\\" checkable=\\\"false\\\" checked=\\\"false\\\" clickable=\\\"false\\\" enabled=\\\"true\\\" focusable=\\\"false\\\" focused=\\\"false\\\" scrollable=\\\"false\\\" long-clickable=\\\"false\\\" password=\\\"false\\\" selected=\\\"false\\\" bounds=\\\"[0,0][720,1384]\\\" resource-id=\\\"\\\" instance=\\\"0\\\"><android.widget.LinearLayout index=\\\"0\\\" text=\\\"\\\" class=\\\"android.widget.LinearLayout\\\" package=\\\"com.snapcart.android.staging\\\" content-desc=\\\"\\\" checkable=\\\"false\\\" checked=\\\"false\\\" clickable=\\\"false\\\" enabled=\\\"true\\\" focusable=\\\"false\\\" focused=\\\"false\\\" scrollable=\\\"false\\\" long-clickable=\\\"false\\\" password=\\\"false\\\" sel...
[35m[JSONWP Proxy][39m Replacing sessionId 48bec885-bd72-4246-9ec8-b11901d2b1de with d475cd29-1667-487e-921c-7a334ef6e935
[35m[HTTP][39m [37m<-- GET /wd/hub/session/d475cd29-1667-487e-921c-7a334ef6e935/source [39m[32m200[39m [90m237 ms - 23494[39m
[35m[HTTP][39m [90m[39m
[35m[HTTP][39m [37m-->[39m [37mGET[39m [37m/wd/hub/session/d475cd29-1667-487e-921c-7a334ef6e935/screenshot[39m
[35m[HTTP][39m [90m{}[39m
[debug] [35m[W3C][39m Calling AppiumDriver.getScreenshot() with args: ["d475cd29-1667-487e-921c-7a334ef6e935"]
[debug] [35m[JSONWP Proxy][39m Proxying [GET /screenshot] to [GET http://localhost:8200/wd/hub/session/48bec885-bd72-4246-9ec8-b11901d2b1de/screenshot] with no body
[debug] [35m[JSONWP Proxy][39m Got response with status 200: "{\"sessionId\":\"48bec885-bd72-4246-9ec8-b11901d2b1de\",\"status\":0,\"value\":\"iVBORw0KGgoAAAANSUhEUgAAAtAAAAXICAIAAAAcF26zAAAAA3NCSVQICAjb4U\\/gAAAgAElEQVR4\\nnOzdd3xcV503\\/u+5bXrTaNRlFdtykbtjY6c6zQkplCRAdll6yz6EusCPhX1gd4Hdh90lsAtssrBL\\nWRYIkGSBhAAhvThO7NhxiYvkJktWr9Pbvef3x5Wur2ZG0kiea0vO5\\/1ynPHozp07Vxrdz5zzPeew\\nDZ+9hwAAAACsJFzoAwAAAICLHwIHAAAAWA6BAwAAACyHwAEAAACWQ+AAAAAAyyFwAAAAgOUQOAAA\\nAMByCBwAAABgOQQOAAAAsBwCBwAAAFhOutAHAAAwa2sba4ho36nu\\/C\\/VB\\/1vu3TtfX\\/cEU9nZtzP\\ne7dtOtrd\\/2JbRzFPurWloaUm9OOnd8\\/2aOczURAaQoETfUMX+kBK7O2Xrr1m1dKcO5882P7LHfsu\\nyPEAIXAAwHxTH\\/TftX3rfY+92Dk0WnCDrS0N79m2aSgSyw8c9UH\\/p2690qkon7r1qm8+\\/Mz0meO9\\n2zZtaWnY0tIQT2cKZheztY0179m2Sb99jplDj0REdM\\/Dz+R8aWtLQ9Djqgv6u4ZGByOx\\/ae6i4lN\\ncyYKwpqG6qyqFb\\/9FSuamiuDdlmKpdKHu\\/pfPna6mEctrw1V+DzpbPaFI6fyN1jTUL1pySKnIveO\\nRv60v200lpjVqyioLugv8s7ibV6yKKupe06cKfnG576HReX+FXWVRNQzEt7f0TPnJ7UUAgcAzCNB\\nj2siMVz5zYefzc8cetrQt8z5kpE2iOjM0FgxaYOIuoZG27sHiGhtY01Ldai+3N9SHdK3aesZ6Bwc\\n3dnW0Tk02t490DU0Whf0b21ppHPLHO\\/Zdkn+...
[debug] [35m[MJSONWP][39m Responding to client with driver.getScreenshot() result: "iVBORw0KGgoAAAANSUhEUgAAAtAAAAXICAIAAAAcF26zAAAAA3NCSVQICAjb4U/gAAAgAElEQVR4\nnOzdd3xcV503/u+5bXrTaNRlFdtykbtjY6c6zQkplCRAdll6yz6EusCPhX1gd4Hdh90lsAtssrBL\nWRYIkGSBhAAhvThO7NhxiYvkJktWr9Pbvef3x5Wur2ZG0kiea0vO5/1ynPHozp07Vxrdz5zzPeew\nDZ+9hwAAAACsJFzoAwAAAICLHwIHAAAAWA6BAwAAACyHwAEAAACWQ+AAAAAAyyFwAAAAgOUQOAAA\nAMByCBwAAABgOQQOAAAAsBwCBwAAAFhOutAHAAAwa2sba4ho36nu/C/VB/1vu3TtfX/cEU9nZtzP\ne7dtOtrd/2JbRzFPurWloaUm9OOnd8/2aOczURAaQoETfUMX+kBK7O2Xrr1m1dKcO5882P7LHfsu\nyPEAIXAAwHxTH/TftX3rfY+92Dk0WnCDrS0N79m2aSgSyw8c9UH/p2690qkon7r1qm8+/Mz0meO9\n2zZtaWnY0tIQT2cKZheztY0179m2Sb99jplDj0REdM/Dz+R8aWtLQ9Djqgv6u4ZGByOx/ae6i4lN\ncyYKwpqG6qyqFb/9FSuamiuDdlmKpdKHu/pfPna6mEctrw1V+DzpbPaFI6fyN1jTUL1pySKnIveO\nRv60v200lpjVqyioLugv8s7ibV6yKKupe06cKfnG576HReX+FXWVRNQzEt7f0TPnJ7UUAgcAzCNB\nj2siMVz5zYefzc8cetrQt8z5kpE2iOjM0FgxaYOIuoZG27sHiGhtY01Ldai+3N9SHdK3aesZ6Bwc\n3dnW0Tk02t490DU0Whf0b21ppHPLHO/Zdkn+lU+PWcaLWtdYQ0Q/fnpXka0vc7O2sdplsxV5gW+q\nKHvv1ZsqfR7jnq0tjVesaPrBky+PTLEHn9P+1jesXttQ41BkIuocGs0PHFevWvK2rWsFxoiotb5q\nbWPNPQ...
[35m[HTTP][39m [37m<-- GET /wd/hub/session/d475cd29-1667-487e-921c-7a334ef6e935/screenshot [39m[32m200[39m [90m629 ms - 453264[39m
[35m[HTTP][39m [90m[39m
[35m[HTTP][39m [37m-->[39m [37mDELETE[39m [37m/wd/hub/session/d475cd29-1667-487e-921c-7a334ef6e935[39m
[35m[HTTP][39m [90m{}[39m
[debug] [35m[W3C][39m Calling AppiumDriver.deleteSession() with args: ["d475cd29-1667-487e-921c-7a334ef6e935"]
[debug] [35m[BaseDriver][39m Event 'quitSessionRequested' logged at 1531455659681 (11:20:59 GMT+0700 (SE Asia Standard Time))
[35m[Appium][39m Removing session d475cd29-1667-487e-921c-7a334ef6e935 from our master session list
[debug] [35m[UiAutomator2][39m Deleting UiAutomator2 session
[debug] [35m[UiAutomator2][39m Deleting UiAutomator2 server session
[debug] [35m[JSONWP Proxy][39m Proxying [DELETE /] to [DELETE http://localhost:8200/wd/hub/session/48bec885-bd72-4246-9ec8-b11901d2b1de] with no body
[debug] [35m[JSONWP Proxy][39m Got response with status 200: "{\"sessionId\":\"48bec885-bd72-4246-9ec8-b11901d2b1de\",\"status\":0,\"value\":\"Session deleted\"}"
[debug] [35m[ADB][39m Running 'C:\Users\Dell-Notebook\.katalon\tools\android_sdk\platform-tools\adb.exe -P 5037 -s ce12171c74a0d80805 shell am force-stop com.snapcart.android.staging'
[debug] [35m[Logcat][39m Stopping logcat capture
[debug] [35m[ADB][39m Removing forwarded port socket connection: 8200 
[debug] [35m[ADB][39m Running 'C:\Users\Dell-Notebook\.katalon\tools\android_sdk\platform-tools\adb.exe -P 5037 -s ce12171c74a0d80805 forward --remove tcp\:8200'
[debug] [35m[BaseDriver][39m Event 'quitSessionFinished' logged at 1531455660041 (11:21:00 GMT+0700 (SE Asia Standard Time))
[debug] [35m[MJSONWP][39m Received response: null
[debug] [35m[MJSONWP][39m But deleting session, so not returning
[debug] [35m[MJSONWP][39m Responding to client with driver.deleteSession() result: null
[35m[HTTP][39m [37m<-- DELETE /wd/hub/session/d475cd29-1667-487e-921c-7a334ef6e935 [39m[32m200[39m [90m362 ms - 76[39m
[35m[HTTP][39m [90m[39m
