[35m[Appium][39m Welcome to Appium v1.8.1
[35m[Appium][39m Non-default server args:
[35m[Appium][39m   port: 61252
[35m[Appium][39m   chromeDriverPort: 61255
[35m[Appium][39m   tmpDir: C:\Users\DELL-N~1\AppData\Local\Temp\\Katalon\Appium\Temp1531380275944
[35m[Appium][39m Appium REST http interface listener started on 0.0.0.0:61252
[35m[HTTP][39m [37m-->[39m [37mGET[39m [37m/wd/hub/status[39m
[35m[HTTP][39m [90m{}[39m
[debug] [35m[MJSONWP][39m Calling AppiumDriver.getStatus() with args: []
[debug] [35m[MJSONWP][39m Responding to client with driver.getStatus() result: {"build":{"version":"1.8.1","revision":null}}
[35m[HTTP][39m [37m<-- GET /wd/hub/status [39m[32m200[39m [90m24 ms - 83[39m
[35m[HTTP][39m [90m[39m
[35m[HTTP][39m [37m-->[39m [37mPOST[39m [37m/wd/hub/session[39m
[35m[HTTP][39m [90m{"desiredCapabilities":{"app":"D:\\Project\\Apk\\snapcart-9.13.1-develop-staging.apk","autoGrantPermissions":true,"automationName":"uiautomator2","deviceName":"samsung SM-G950F (Android 8.0.0)","fullReset":false,"newCommandTimeout":1800,"noReset":true,"platform":"ANDROID","platformName":"Android","udid":"ce12171c74a0d80805"},"capabilities":{"desiredCapabilities":{"app":"D:\\Project\\Apk\\snapcart-9.13.1-develop-staging.apk","autoGrantPermissions":true,"automationName":"uiautomator2","deviceName":"samsung SM-G950F (Android 8.0.0)","fullReset":false,"newCommandTimeout":1800,"noReset":true,"platform":"ANDROID","platformName":"Android","udid":"ce12171c74a0d80805"},"firstMatch":[{"platformName":"android"}]}}[39m
[debug] [35m[MJSONWP][39m Calling AppiumDriver.createSession() with args: [{"app":"D:\\Project\\Apk\\snapcart-9.13.1-develop-staging.apk","autoGrantPermissions":true,"automationName":"uiautomator2","deviceName":"samsung SM-G950F (Android 8.0.0)","fullReset":false,"newCommandTimeout":1800,"noReset":true,"platform":"ANDROID","platformName":"Android","udid":"ce12171c74a0d80805"},null,{"desiredCapabilities":{"app":"D:\\Project\\Apk\\snapcart-9.13.1-develop-staging.apk","autoGrantPermissions":true,"automationName":"uiautomator2","deviceName":"samsung SM-G950F (Android 8.0.0)","fullReset":false,"newCommandTimeout":1800,"noReset":true,"platform":"ANDROID","platformName":"Android","udid":"ce12171c74a0d80805"},"firstMatch":[{"platformName":"android"}]}]
[debug] [35m[BaseDriver][39m Event 'newSessionRequested' logged at 1531380279594 (14:24:39 GMT+0700 (SE Asia Standard Time))
[35m[Appium][39m Could not parse W3C capabilities: 'deviceName' can't be blank. Falling back to JSONWP protocol.
[35m[Appium][39m The following capabilities were provided in the JSONWP desired capabilities that are missing in W3C capabilities: ["app","autoGrantPermissions","automationName","deviceName","fullReset","newCommandTimeout","noReset","platform","platformName","udid"]. Falling back to JSONWP protocol.
[35m[Appium][39m Creating new AndroidUiautomator2Driver (v1.12.0) session
[35m[Appium][39m Capabilities:
[35m[Appium][39m   app: D:\Project\Apk\snapcart-9.13.1-develop-staging.apk
[35m[Appium][39m   autoGrantPermissions: true
[35m[Appium][39m   automationName: uiautomator2
[35m[Appium][39m   deviceName: samsung SM-G950F (Android 8.0.0)
[35m[Appium][39m   fullReset: false
[35m[Appium][39m   newCommandTimeout: 1800
[35m[Appium][39m   noReset: true
[35m[Appium][39m   platform: ANDROID
[35m[Appium][39m   platformName: Android
[35m[Appium][39m   udid: ce12171c74a0d80805
[debug] [35m[BaseDriver][39m Creating session with MJSONWP desired capabilities: {"app":"D:\\Project\\Apk\\s...
[35m[BaseDriver][39m The following capabilities were provided, but are not recognized by appium: platform.
[35m[BaseDriver][39m Session created with session id: 9f43bfd0-d337-4937-8f02-de185be84033
[35m[BaseDriver][39m Using local app 'D:\Project\Apk\snapcart-9.13.1-develop-staging.apk'
[debug] [35m[UiAutomator2][39m Checking whether app is actually present
[debug] [35m[AndroidDriver][39m Getting Java version
[35m[AndroidDriver][39m Java version is: 1.8.0_102
[35m[ADB][39m Checking whether adb is present
[35m[ADB][39m Found 1 'build-tools' folders under 'C:\Users\Dell-Notebook\.katalon\tools\android_sdk' (newest first):
[35m[ADB][39m     C:/Users/Dell-Notebook/.katalon/tools/android_sdk/build-tools/28.0.1
[35m[ADB][39m Using adb.exe from C:\Users\Dell-Notebook\.katalon\tools\android_sdk\platform-tools\adb.exe
[35m[AndroidDriver][39m Retrieving device list
[debug] [35m[ADB][39m Trying to find a connected android device
[debug] [35m[ADB][39m Getting connected devices...
[debug] [35m[ADB][39m 1 device(s) connected
[35m[AndroidDriver][39m Using device: ce12171c74a0d80805
[debug] [35m[ADB][39m Setting device id to ce12171c74a0d80805
[debug] [35m[ADB][39m Running 'C:\Users\Dell-Notebook\.katalon\tools\android_sdk\platform-tools\adb.exe -P 5037 -s ce12171c74a0d80805 shell getprop ro.build.version.sdk'
[debug] [35m[ADB][39m Current device property 'ro.build.version.sdk': 26
[debug] [35m[ADB][39m Device API level: 26
[debug] [35m[AndroidDriver][39m Parsing package and activity from app manifest
[35m[ADB][39m Using the alternative activity name detection method because of: Could not find apkanalyzer.bat in C:\Users\Dell-Notebook\.katalon\tools\android_sdk\platform-tools\apkanalyzer.bat,C:\Users\Dell-Notebook\.katalon\tools\android_sdk\emulator\apkanalyzer.bat,C:\Users\Dell-Notebook\.katalon\tools\android_sdk\tools\apkanalyzer.bat,C:\Users\Dell-Notebook\.katalon\tools\android_sdk\tools\bin\apkanalyzer.bat,C:\Users\Dell-Notebook\.katalon\tools\android_sdk\build-tools\28.0.1\apkanalyzer.bat. Do you have the Android SDK installed at 'C:\Users\Dell-Notebook\.katalon\tools\android_sdk'?
[35m[ADB][39m Checking whether aapt is present
[35m[ADB][39m Using aapt.exe from C:\Users\Dell-Notebook\.katalon\tools\android_sdk\build-tools\28.0.1\aapt.exe
[35m[ADB][39m Extracting package and launch activity from manifest
[35m[ADB][39m Package name: 'com.snapcart.android.staging'
[35m[ADB][39m Main activity name: 'com.snapcart.android.ui.initial.InitialActivity_'
[debug] [35m[AndroidDriver][39m Parsed package and activity are: com.snapcart.android.staging/com.snapcart.android.ui.initial.InitialActivity_
[35m[ADB][39m Getting device platform version
[debug] [35m[ADB][39m Running 'C:\Users\Dell-Notebook\.katalon\tools\android_sdk\platform-tools\adb.exe -P 5037 -s ce12171c74a0d80805 shell getprop ro.build.version.release'
[debug] [35m[ADB][39m Current device property 'ro.build.version.release': 8.0.0
[debug] [35m[ADB][39m Running 'C:\Users\Dell-Notebook\.katalon\tools\android_sdk\platform-tools\adb.exe -P 5037 -s ce12171c74a0d80805 shell wm size'
[debug] [35m[ADB][39m Running 'C:\Users\Dell-Notebook\.katalon\tools\android_sdk\platform-tools\adb.exe -P 5037 -s ce12171c74a0d80805 shell wm density'
[debug] [35m[ADB][39m Running 'C:\Users\Dell-Notebook\.katalon\tools\android_sdk\platform-tools\adb.exe -P 5037 -s ce12171c74a0d80805 shell getprop ro.product.model'
[debug] [35m[ADB][39m Current device property 'ro.product.model': SM-G950F
[debug] [35m[ADB][39m Running 'C:\Users\Dell-Notebook\.katalon\tools\android_sdk\platform-tools\adb.exe -P 5037 -s ce12171c74a0d80805 shell getprop ro.product.manufacturer'
[debug] [35m[ADB][39m Current device property 'ro.product.manufacturer': samsung
[debug] [35m[ADB][39m Device API level: 26
[debug] [35m[ADB][39m Running 'C:\Users\Dell-Notebook\.katalon\tools\android_sdk\platform-tools\adb.exe -P 5037 -s ce12171c74a0d80805 shell am force-stop io.appium.uiautomator2.server'
[debug] [35m[ADB][39m Checking app cert for C:\Users\Dell-Notebook\AppData\Roaming\npm\node_modules\appium\node_modules\appium-uiautomator2-server\apks\appium-uiautomator2-server-v1.12.0.apk
[35m[ADB][39m Using apksigner.bat from C:\Users\Dell-Notebook\.katalon\tools\android_sdk\build-tools\28.0.1\apksigner.bat
[debug] [35m[ADB][39m Starting 'C:\Users\Dell-Notebook\.katalon\tools\android_sdk\build-tools\28.0.1\apksigner.bat' with args 'verify,--print-certs,C:\Users\Dell-Notebook\AppData\Roaming\npm\node_modules\appium\node_modules\appium-uiautomator2-server\apks\appium-uiautomator2-server-v1.12.0.apk'
[debug] [35m[ADB][39m 'C:\Users\Dell-Notebook\AppData\Roaming\npm\node_modules\appium\node_modules\appium-uiautomator2-server\apks\appium-uiautomator2-server-v1.12.0.apk' is not signed with debug cert.
[debug] [35m[ADB][39m Zip-aligning 'C:\Users\Dell-Notebook\AppData\Roaming\npm\node_modules\appium\node_modules\appium-uiautomator2-server\apks\appium-uiautomator2-server-v1.12.0.apk'
[35m[ADB][39m Checking whether zipalign is present
[35m[ADB][39m Using zipalign.exe from C:\Users\Dell-Notebook\.katalon\tools\android_sdk\build-tools\28.0.1\zipalign.exe
[debug] [35m[ADB][39m Signing 'C:\Users\Dell-Notebook\AppData\Roaming\npm\node_modules\appium\node_modules\appium-uiautomator2-server\apks\appium-uiautomator2-server-v1.12.0.apk' with default cert
[debug] [35m[ADB][39m Starting 'C:\Users\Dell-Notebook\.katalon\tools\android_sdk\build-tools\28.0.1\apksigner.bat' with args 'sign,--key,C:\Users\Dell-Notebook\AppData\Roaming\npm\node_modules\appium\node_modules\appium-adb\keys\testkey.pk8,--cert,C:\Users\Dell-Notebook\AppData\Roaming\npm\node_modules\appium\node_modules\appium-adb\keys\testkey.x509.pem,C:\Users\Dell-Notebook\AppData\Roaming\npm\node_modules\appium\node_modules\appium-uiautomator2-server\apks\appium-uiautomator2-server-v1.12.0.apk'
[debug] [35m[ADB][39m Checking app cert for C:\Users\Dell-Notebook\AppData\Roaming\npm\node_modules\appium\node_modules\appium-uiautomator2-server\apks\appium-uiautomator2-server-debug-androidTest.apk
[debug] [35m[ADB][39m Starting 'C:\Users\Dell-Notebook\.katalon\tools\android_sdk\build-tools\28.0.1\apksigner.bat' with args 'verify,--print-certs,C:\Users\Dell-Notebook\AppData\Roaming\npm\node_modules\appium\node_modules\appium-uiautomator2-server\apks\appium-uiautomator2-server-debug-androidTest.apk'
[debug] [35m[ADB][39m 'C:\Users\Dell-Notebook\AppData\Roaming\npm\node_modules\appium\node_modules\appium-uiautomator2-server\apks\appium-uiautomator2-server-debug-androidTest.apk' is not signed with debug cert.
[debug] [35m[ADB][39m Zip-aligning 'C:\Users\Dell-Notebook\AppData\Roaming\npm\node_modules\appium\node_modules\appium-uiautomator2-server\apks\appium-uiautomator2-server-debug-androidTest.apk'
[debug] [35m[ADB][39m Signing 'C:\Users\Dell-Notebook\AppData\Roaming\npm\node_modules\appium\node_modules\appium-uiautomator2-server\apks\appium-uiautomator2-server-debug-androidTest.apk' with default cert
[debug] [35m[ADB][39m Starting 'C:\Users\Dell-Notebook\.katalon\tools\android_sdk\build-tools\28.0.1\apksigner.bat' with args 'sign,--key,C:\Users\Dell-Notebook\AppData\Roaming\npm\node_modules\appium\node_modules\appium-adb\keys\testkey.pk8,--cert,C:\Users\Dell-Notebook\AppData\Roaming\npm\node_modules\appium\node_modules\appium-adb\keys\testkey.x509.pem,C:\Users\Dell-Notebook\AppData\Roaming\npm\node_modules\appium\node_modules\appium-uiautomator2-server\apks\appium-uiautomator2-server-debug-androidTest.apk'
[debug] [35m[ADB][39m Uninstalling io.appium.uiautomator2.server
[debug] [35m[ADB][39m Getting install status for io.appium.uiautomator2.server
[debug] [35m[ADB][39m Running 'C:\Users\Dell-Notebook\.katalon\tools\android_sdk\platform-tools\adb.exe -P 5037 -s ce12171c74a0d80805 shell pm list packages io.appium.uiautomator2.server'
[debug] [35m[ADB][39m App is installed
[debug] [35m[ADB][39m Running 'C:\Users\Dell-Notebook\.katalon\tools\android_sdk\platform-tools\adb.exe -P 5037 -s ce12171c74a0d80805 shell am force-stop io.appium.uiautomator2.server'
[debug] [35m[ADB][39m Running 'C:\Users\Dell-Notebook\.katalon\tools\android_sdk\platform-tools\adb.exe -P 5037 -s ce12171c74a0d80805 uninstall io.appium.uiautomator2.server'
[debug] [35m[ADB][39m 'adb uninstall io.appium.uiautomator2.server' command output: Success
[35m[ADB][39m io.appium.uiautomator2.server was successfully uninstalled
[debug] [35m[ADB][39m Uninstalling io.appium.uiautomator2.server.test
[debug] [35m[ADB][39m Getting install status for io.appium.uiautomator2.server.test
[debug] [35m[ADB][39m Running 'C:\Users\Dell-Notebook\.katalon\tools\android_sdk\platform-tools\adb.exe -P 5037 -s ce12171c74a0d80805 shell pm list packages io.appium.uiautomator2.server.test'
[debug] [35m[ADB][39m App is installed
[debug] [35m[ADB][39m Running 'C:\Users\Dell-Notebook\.katalon\tools\android_sdk\platform-tools\adb.exe -P 5037 -s ce12171c74a0d80805 shell am force-stop io.appium.uiautomator2.server.test'
[debug] [35m[ADB][39m Running 'C:\Users\Dell-Notebook\.katalon\tools\android_sdk\platform-tools\adb.exe -P 5037 -s ce12171c74a0d80805 uninstall io.appium.uiautomator2.server.test'
[debug] [35m[ADB][39m 'adb uninstall io.appium.uiautomator2.server.test' command output: Success
[35m[ADB][39m io.appium.uiautomator2.server.test was successfully uninstalled
[debug] [35m[ADB][39m Getting install status for io.appium.uiautomator2.server
[debug] [35m[ADB][39m Running 'C:\Users\Dell-Notebook\.katalon\tools\android_sdk\platform-tools\adb.exe -P 5037 -s ce12171c74a0d80805 shell pm list packages io.appium.uiautomator2.server'
[debug] [35m[ADB][39m App is not installed
[debug] [35m[ADB][39m App 'C:\Users\Dell-Notebook\AppData\Roaming\npm\node_modules\appium\node_modules\appium-uiautomator2-server\apks\appium-uiautomator2-server-v1.12.0.apk' not installed. Installing
[debug] [35m[ADB][39m Running 'C:\Users\Dell-Notebook\.katalon\tools\android_sdk\platform-tools\adb.exe -P 5037 -s ce12171c74a0d80805 install C\:\\Users\\Dell-Notebook\\AppData\\Roaming\\npm\\node_modules\\appium\\node_modules\\appium-uiautomator2-server\\apks\\appium-uiautomator2-server-v1.12.0.apk'
[debug] [35m[ADB][39m Install command stdout: Success
[debug] [35m[ADB][39m Getting install status for io.appium.uiautomator2.server.test
[debug] [35m[ADB][39m Running 'C:\Users\Dell-Notebook\.katalon\tools\android_sdk\platform-tools\adb.exe -P 5037 -s ce12171c74a0d80805 shell pm list packages io.appium.uiautomator2.server.test'
[debug] [35m[ADB][39m App is not installed
[debug] [35m[ADB][39m App 'C:\Users\Dell-Notebook\AppData\Roaming\npm\node_modules\appium\node_modules\appium-uiautomator2-server\apks\appium-uiautomator2-server-debug-androidTest.apk' not installed. Installing
[debug] [35m[ADB][39m Running 'C:\Users\Dell-Notebook\.katalon\tools\android_sdk\platform-tools\adb.exe -P 5037 -s ce12171c74a0d80805 install C\:\\Users\\Dell-Notebook\\AppData\\Roaming\\npm\\node_modules\\appium\\node_modules\\appium-uiautomator2-server\\apks\\appium-uiautomator2-server-debug-androidTest.apk'
[debug] [35m[ADB][39m Install command stdout: Success
[debug] [35m[UiAutomator2][39m Waiting up to 20000ms for instrumentation 'io.appium.uiautomator2.server.test/android.support.test.runner.AndroidJUnitRunner' to be available
[debug] [35m[ADB][39m Running 'C:\Users\Dell-Notebook\.katalon\tools\android_sdk\platform-tools\adb.exe -P 5037 -s ce12171c74a0d80805 shell pm list instrumentation'
[debug] [35m[UiAutomator2][39m Instrumentation 'io.appium.uiautomator2.server.test/android.support.test.runner.AndroidJUnitRunner' available
[debug] [35m[ADB][39m Running 'C:\Users\Dell-Notebook\.katalon\tools\android_sdk\platform-tools\adb.exe -P 5037 -s ce12171c74a0d80805 wait-for-device'
[debug] [35m[ADB][39m Running 'C:\Users\Dell-Notebook\.katalon\tools\android_sdk\platform-tools\adb.exe -P 5037 -s ce12171c74a0d80805 shell echo ping'
[debug] [35m[AndroidDriver][39m Pushing settings apk to device...
[debug] [35m[ADB][39m Getting install status for io.appium.settings
[debug] [35m[ADB][39m Running 'C:\Users\Dell-Notebook\.katalon\tools\android_sdk\platform-tools\adb.exe -P 5037 -s ce12171c74a0d80805 shell pm list packages io.appium.settings'
[debug] [35m[ADB][39m App is installed
[debug] [35m[ADB][39m Getting package info for 'io.appium.settings'
[debug] [35m[ADB][39m Running 'C:\Users\Dell-Notebook\.katalon\tools\android_sdk\platform-tools\adb.exe -P 5037 -s ce12171c74a0d80805 shell dumpsys package io.appium.settings'
[debug] [35m[ADB][39m The installed 'io.appium.settings' package does not require upgrade ('2.3.0' >= '2.3.0')
[debug] [35m[ADB][39m Running 'C:\Users\Dell-Notebook\.katalon\tools\android_sdk\platform-tools\adb.exe -P 5037 -s ce12171c74a0d80805 shell ps'
[debug] [35m[ADB][39m Device API level: 26
[debug] [35m[ADB][39m Running 'C:\Users\Dell-Notebook\.katalon\tools\android_sdk\platform-tools\adb.exe -P 5037 -s ce12171c74a0d80805 shell am start -W -n io.appium.settings/.Settings -a android.intent.action.MAIN -c android.intent.category.LAUNCHER -f 0x10200000'
[debug] [35m[ADB][39m Device API level: 26
[debug] [35m[ADB][39m Running 'C:\Users\Dell-Notebook\.katalon\tools\android_sdk\platform-tools\adb.exe -P 5037 -s ce12171c74a0d80805 shell appops set io.appium.settings android\:mock_location allow'
[35m[AndroidDriver][39m setDeviceLanguageCountry requires language or country.
[35m[AndroidDriver][39m Got language: 'null' and country: 'null'
[debug] [35m[Logcat][39m Starting logcat capture
[debug] [35m[AndroidDriver][39m Pushing unlock helper app to device...
[debug] [35m[ADB][39m Getting install status for io.appium.unlock
[debug] [35m[ADB][39m Running 'C:\Users\Dell-Notebook\.katalon\tools\android_sdk\platform-tools\adb.exe -P 5037 -s ce12171c74a0d80805 shell pm list packages io.appium.unlock'
[debug] [35m[ADB][39m App is installed
[debug] [35m[ADB][39m Getting package info for 'io.appium.unlock'
[debug] [35m[ADB][39m Running 'C:\Users\Dell-Notebook\.katalon\tools\android_sdk\platform-tools\adb.exe -P 5037 -s ce12171c74a0d80805 shell dumpsys package io.appium.unlock'
[debug] [35m[ADB][39m The installed 'io.appium.unlock' package does not require upgrade ('2.0.0' >= '2.0.0')
[debug] [35m[UiAutomator2][39m Forwarding UiAutomator2 Server port 6790 to 8201
[debug] [35m[ADB][39m Forwarding system: 8201 to device: 6790
[debug] [35m[ADB][39m Running 'C:\Users\Dell-Notebook\.katalon\tools\android_sdk\platform-tools\adb.exe -P 5037 -s ce12171c74a0d80805 forward tcp\:8201 tcp\:6790'
[debug] [35m[ADB][39m Running 'C:\Users\Dell-Notebook\.katalon\tools\android_sdk\platform-tools\adb.exe -P 5037 -s ce12171c74a0d80805 shell rm -rf /data/local/tmp/strings.json'
[debug] [35m[AndroidDriver][39m Extracting strings from apk
[debug] [35m[AndroidDriver][39m D:\Project\Apk\snapcart-9.13.1-develop-staging.apk
[debug] [35m[AndroidDriver][39m null
[debug] [35m[AndroidDriver][39m C:\Users\DELL-N~1\AppData\Local\Temp\Katalon\Appium\Temp1531380275944\com.snapcart.android.staging
[debug] [35m[ADB][39m Extracting strings for language: default
[35m[ADB][39m Successfully extracted 766 strings from 'D:\Project\Apk\snapcart-9.13.1-develop-staging.apk' resources for '(default)' configuration
[debug] [35m[ADB][39m Running 'C:\Users\Dell-Notebook\.katalon\tools\android_sdk\platform-tools\adb.exe -P 5037 -s ce12171c74a0d80805 push C\:\\Users\\DELL-N~1\\AppData\\Local\\Temp\\Katalon\\Appium\\Temp1531380275944\\com.snapcart.android.staging\\strings.json /data/local/tmp'
[debug] [35m[ADB][39m Checking app cert for D:\Project\Apk\snapcart-9.13.1-develop-staging.apk
[debug] [35m[ADB][39m Starting 'C:\Users\Dell-Notebook\.katalon\tools\android_sdk\build-tools\28.0.1\apksigner.bat' with args 'verify,--print-certs,D:\Project\Apk\snapcart-9.13.1-develop-staging.apk'
[debug] [35m[ADB][39m 'D:\Project\Apk\snapcart-9.13.1-develop-staging.apk' is not signed with debug cert.
[debug] [35m[ADB][39m Zip-aligning 'D:\Project\Apk\snapcart-9.13.1-develop-staging.apk'
[debug] [35m[ADB][39m Signing 'D:\Project\Apk\snapcart-9.13.1-develop-staging.apk' with default cert
[debug] [35m[ADB][39m Starting 'C:\Users\Dell-Notebook\.katalon\tools\android_sdk\build-tools\28.0.1\apksigner.bat' with args 'sign,--key,C:\Users\Dell-Notebook\AppData\Roaming\npm\node_modules\appium\node_modules\appium-adb\keys\testkey.pk8,--cert,C:\Users\Dell-Notebook\AppData\Roaming\npm\node_modules\appium\node_modules\appium-adb\keys\testkey.x509.pem,D:\Project\Apk\snapcart-9.13.1-develop-staging.apk'
[debug] [35m[ADB][39m Getting install status for com.snapcart.android.staging
[debug] [35m[ADB][39m Running 'C:\Users\Dell-Notebook\.katalon\tools\android_sdk\platform-tools\adb.exe -P 5037 -s ce12171c74a0d80805 shell pm list packages com.snapcart.android.staging'
[debug] [35m[ADB][39m App is installed
[debug] [35m[ADB][39m Getting package info for 'com.snapcart.android.staging'
[debug] [35m[ADB][39m Running 'C:\Users\Dell-Notebook\.katalon\tools\android_sdk\platform-tools\adb.exe -P 5037 -s ce12171c74a0d80805 shell dumpsys package com.snapcart.android.staging'
[debug] [35m[ADB][39m The installed 'com.snapcart.android.staging' package does not require upgrade ('9.13.1' >= '9.13.1')
[debug] [35m[ADB][39m Running 'C:\Users\Dell-Notebook\.katalon\tools\android_sdk\platform-tools\adb.exe -P 5037 -s ce12171c74a0d80805 shell am force-stop io.appium.uiautomator2.server'
[35m[UiAutomator2][39m Starting uiautomator2 server 1.12.0
[35m[UiAutomator2][39m Using UIAutomator2 server from 'C:\Users\Dell-Notebook\AppData\Roaming\npm\node_modules\appium\node_modules\appium-uiautomator2-server\apks\appium-uiautomator2-server-v1.12.0.apk' and test from 'C:\Users\Dell-Notebook\AppData\Roaming\npm\node_modules\appium\node_modules\appium-uiautomator2-server\apks\appium-uiautomator2-server-debug-androidTest.apk'
[35m[UiAutomator2][39m Running command: 'adb -s ce12171c74a0d80805 shell am instrument -w io.appium.uiautomator2.server.test/android.support.test.runner.AndroidJUnitRunner'
[35m[UiAutomator2][39m Waiting up to 20000ms for UiAutomator2 to be online...
[debug] [35m[JSONWP Proxy][39m Proxying [GET /status] to [GET http://localhost:8201/wd/hub/status] with no body
[debug] [35m[JSONWP Proxy][39m Proxying [GET /status] to [GET http://localhost:8201/wd/hub/status] with no body
[debug] [35m[JSONWP Proxy][39m Proxying [GET /status] to [GET http://localhost:8201/wd/hub/status] with no body
[debug] [35m[JSONWP Proxy][39m Proxying [GET /status] to [GET http://localhost:8201/wd/hub/status] with no body
[debug] [35m[JSONWP Proxy][39m Proxying [GET /status] to [GET http://localhost:8201/wd/hub/status] with no body
[debug] [35m[JSONWP Proxy][39m Got response with status 200: "{\"sessionId\":\"SESSIONID\",\"status\":0,\"value\":\"Status Invoked\"}"
[debug] [35m[JSONWP Proxy][39m Proxying [POST /session] to [POST http://localhost:8201/wd/hub/session] with body: {"desiredCapabilities":{"platform":"ANDROID","webStorageEnabled":false,"takesScreenshot":true,"javascriptEnabled":true,"databaseEnabled":false,"networkConnectionEnabled":true,"locationContextEnabled":false,"warnings":{},"desired":{"app":"D:\\Project\\Apk\\snapcart-9.13.1-develop-staging.apk","autoGrantPermissions":true,"automationName":"uiautomator2","deviceName":"samsung SM-G950F (Android 8.0.0)","fullReset":false,"newCommandTimeout":1800,"noReset":true,"platform":"ANDROID","platformName":"Android","udid":"ce12171c74a0d80805"},"app":"D:\\Project\\Apk\\snapcart-9.13.1-develop-staging.apk","autoGrantPermissions":true,"automationName":"uiautomator2","deviceName":"ce12171c74a0d80805","fullReset":false,"newCommandTimeout":1800,"noReset":true,"platformName":"Android","udid":"ce12171c74a0d80805","deviceUDID":"ce12171c74a0d80805","platformVersion":"8.0.0","deviceScreenSize":"1440x2960","deviceScreenDensity":640,"deviceModel":"SM-G950F","deviceManufacturer":"samsung","deviceApiLevel":26,"appPackage":"com.snapcart....
[debug] [35m[JSONWP Proxy][39m Got response with status 200: {"sessionId":"cb88d0d7-da9a-4a91-9c0d-4bc93ccad41e","status":0,"value":"Created Session"}
[debug] [35m[ADB][39m Running 'C:\Users\Dell-Notebook\.katalon\tools\android_sdk\platform-tools\adb.exe -P 5037 -s ce12171c74a0d80805 shell dumpsys window'
[35m[AndroidDriver][39m Screen already unlocked, doing nothing
[35m[UiAutomator2][39m UiAutomator2 did not start the activity we were waiting for, 'com.snapcart.android.staging/com.snapcart.android.ui.initial.InitialActivity_'. Starting it ourselves
[debug] [35m[ADB][39m Device API level: 26
[debug] [35m[ADB][39m Running 'C:\Users\Dell-Notebook\.katalon\tools\android_sdk\platform-tools\adb.exe -P 5037 -s ce12171c74a0d80805 shell am start -W -n com.snapcart.android.staging/com.snapcart.android.ui.initial.InitialActivity_ -S -a android.intent.action.MAIN -c android.intent.category.LAUNCHER -f 0x10200000'
[debug] [35m[ADB][39m Waiting up to 20000ms for activity matching pkg: 'com.snapcart.android.staging' and activity: 'com.snapcart.android.ui.initial.InitialActivity_' to be focused
[debug] [35m[ADB][39m Possible activities, to be checked: 'com.snapcart.android.ui.initial.InitialActivity_', 'com.snapcart.android.staging.com.snapcart.android.ui.initial.InitialActivity_'
[debug] [35m[ADB][39m Getting focused package and activity
[debug] [35m[ADB][39m Running 'C:\Users\Dell-Notebook\.katalon\tools\android_sdk\platform-tools\adb.exe -P 5037 -s ce12171c74a0d80805 shell dumpsys window windows'
[debug] [35m[ADB][39m Found package: 'com.snapcart.android.staging' and fully qualified activity name : 'com.snapcart.android.ui.intro.IntroActivity_'
[debug] [35m[ADB][39m Incorrect package and activity. Retrying.
[debug] [35m[ADB][39m Getting focused package and activity
[debug] [35m[ADB][39m Running 'C:\Users\Dell-Notebook\.katalon\tools\android_sdk\platform-tools\adb.exe -P 5037 -s ce12171c74a0d80805 shell dumpsys window windows'
[debug] [35m[ADB][39m Found package: 'com.snapcart.android.staging' and fully qualified activity name : 'com.snapcart.android.ui.intro.IntroActivity_'
[debug] [35m[ADB][39m Incorrect package and activity. Retrying.
[debug] [35m[ADB][39m Getting focused package and activity
[debug] [35m[ADB][39m Running 'C:\Users\Dell-Notebook\.katalon\tools\android_sdk\platform-tools\adb.exe -P 5037 -s ce12171c74a0d80805 shell dumpsys window windows'
[debug] [35m[ADB][39m Found package: 'com.snapcart.android.staging' and fully qualified activity name : 'com.snapcart.android.ui.intro.IntroActivity_'
[debug] [35m[ADB][39m Incorrect package and activity. Retrying.
[debug] [35m[ADB][39m Getting focused package and activity
[debug] [35m[ADB][39m Running 'C:\Users\Dell-Notebook\.katalon\tools\android_sdk\platform-tools\adb.exe -P 5037 -s ce12171c74a0d80805 shell dumpsys window windows'
[debug] [35m[ADB][39m Found package: 'com.snapcart.android.staging' and fully qualified activity name : 'com.snapcart.android.ui.intro.IntroActivity_'
[debug] [35m[ADB][39m Incorrect package and activity. Retrying.
[debug] [35m[ADB][39m Getting focused package and activity
[debug] [35m[ADB][39m Running 'C:\Users\Dell-Notebook\.katalon\tools\android_sdk\platform-tools\adb.exe -P 5037 -s ce12171c74a0d80805 shell dumpsys window windows'
[debug] [35m[ADB][39m Found package: 'com.snapcart.android.staging' and fully qualified activity name : 'com.snapcart.android.ui.intro.IntroActivity_'
[debug] [35m[ADB][39m Incorrect package and activity. Retrying.
[debug] [35m[ADB][39m Getting focused package and activity
[debug] [35m[ADB][39m Running 'C:\Users\Dell-Notebook\.katalon\tools\android_sdk\platform-tools\adb.exe -P 5037 -s ce12171c74a0d80805 shell dumpsys window windows'
[debug] [35m[ADB][39m Found package: 'com.android.systemui' and fully qualified activity name : 'com.android.systemui.recents.RecentsActivity'
[debug] [35m[ADB][39m Incorrect package and activity. Retrying.
[debug] [35m[ADB][39m Getting focused package and activity
[debug] [35m[ADB][39m Running 'C:\Users\Dell-Notebook\.katalon\tools\android_sdk\platform-tools\adb.exe -P 5037 -s ce12171c74a0d80805 shell dumpsys window windows'
[debug] [35m[ADB][39m Found package: 'com.android.systemui' and fully qualified activity name : 'com.android.systemui.recents.RecentsActivity'
[debug] [35m[ADB][39m Incorrect package and activity. Retrying.
[debug] [35m[ADB][39m Getting focused package and activity
[debug] [35m[ADB][39m Running 'C:\Users\Dell-Notebook\.katalon\tools\android_sdk\platform-tools\adb.exe -P 5037 -s ce12171c74a0d80805 shell dumpsys window windows'
[debug] [35m[ADB][39m Found package: 'com.android.systemui' and fully qualified activity name : 'com.android.systemui.recents.RecentsActivity'
[debug] [35m[ADB][39m Incorrect package and activity. Retrying.
[debug] [35m[ADB][39m Getting focused package and activity
[debug] [35m[ADB][39m Running 'C:\Users\Dell-Notebook\.katalon\tools\android_sdk\platform-tools\adb.exe -P 5037 -s ce12171c74a0d80805 shell dumpsys window windows'
[debug] [35m[ADB][39m Found package: 'com.android.settings' and fully qualified activity name : 'com.android.settings.applications.InstalledAppDetails'
[debug] [35m[ADB][39m Incorrect package and activity. Retrying.
[debug] [35m[ADB][39m Getting focused package and activity
[debug] [35m[ADB][39m Running 'C:\Users\Dell-Notebook\.katalon\tools\android_sdk\platform-tools\adb.exe -P 5037 -s ce12171c74a0d80805 shell dumpsys window windows'
[debug] [35m[ADB][39m Found package: 'com.android.settings' and fully qualified activity name : 'com.android.settings.applications.InstalledAppDetails'
[debug] [35m[ADB][39m Incorrect package and activity. Retrying.
[debug] [35m[ADB][39m Getting focused package and activity
[debug] [35m[ADB][39m Running 'C:\Users\Dell-Notebook\.katalon\tools\android_sdk\platform-tools\adb.exe -P 5037 -s ce12171c74a0d80805 shell dumpsys window windows'
[debug] [35m[ADB][39m Found package: 'com.android.settings' and fully qualified activity name : 'com.android.settings.applications.InstalledAppDetails'
[debug] [35m[ADB][39m Incorrect package and activity. Retrying.
[debug] [35m[ADB][39m Getting focused package and activity
[debug] [35m[ADB][39m Running 'C:\Users\Dell-Notebook\.katalon\tools\android_sdk\platform-tools\adb.exe -P 5037 -s ce12171c74a0d80805 shell dumpsys window windows'
[debug] [35m[ADB][39m Found package: 'com.android.settings' and fully qualified activity name : 'com.android.settings.SubSettings'
[debug] [35m[ADB][39m Incorrect package and activity. Retrying.
[debug] [35m[ADB][39m Getting focused package and activity
[debug] [35m[ADB][39m Running 'C:\Users\Dell-Notebook\.katalon\tools\android_sdk\platform-tools\adb.exe -P 5037 -s ce12171c74a0d80805 shell dumpsys window windows'
[debug] [35m[ADB][39m Found package: 'com.android.settings' and fully qualified activity name : 'com.android.settings.SubSettings'
[debug] [35m[ADB][39m Incorrect package and activity. Retrying.
[debug] [35m[ADB][39m Getting focused package and activity
[debug] [35m[ADB][39m Running 'C:\Users\Dell-Notebook\.katalon\tools\android_sdk\platform-tools\adb.exe -P 5037 -s ce12171c74a0d80805 shell dumpsys window windows'
[debug] [35m[ADB][39m Found package: 'com.android.settings' and fully qualified activity name : 'com.android.settings.SubSettings'
[debug] [35m[ADB][39m Incorrect package and activity. Retrying.
[debug] [35m[ADB][39m Getting focused package and activity
[debug] [35m[ADB][39m Running 'C:\Users\Dell-Notebook\.katalon\tools\android_sdk\platform-tools\adb.exe -P 5037 -s ce12171c74a0d80805 shell dumpsys window windows'
[debug] [35m[ADB][39m Found package: 'com.android.settings' and fully qualified activity name : 'com.android.settings.SubSettings'
[debug] [35m[ADB][39m Incorrect package and activity. Retrying.
[debug] [35m[ADB][39m Getting focused package and activity
[debug] [35m[ADB][39m Running 'C:\Users\Dell-Notebook\.katalon\tools\android_sdk\platform-tools\adb.exe -P 5037 -s ce12171c74a0d80805 shell dumpsys window windows'
[debug] [35m[ADB][39m Found package: 'com.android.systemui' and fully qualified activity name : 'com.android.systemui.recents.RecentsActivity'
[debug] [35m[ADB][39m Incorrect package and activity. Retrying.
[debug] [35m[ADB][39m Getting focused package and activity
[debug] [35m[ADB][39m Running 'C:\Users\Dell-Notebook\.katalon\tools\android_sdk\platform-tools\adb.exe -P 5037 -s ce12171c74a0d80805 shell dumpsys window windows'
[debug] [35m[ADB][39m Found package: 'com.android.systemui' and fully qualified activity name : 'com.android.systemui.recents.RecentsActivity'
[debug] [35m[ADB][39m Incorrect package and activity. Retrying.
[debug] [35m[ADB][39m Getting focused package and activity
[debug] [35m[ADB][39m Running 'C:\Users\Dell-Notebook\.katalon\tools\android_sdk\platform-tools\adb.exe -P 5037 -s ce12171c74a0d80805 shell dumpsys window windows'
[debug] [35m[ADB][39m Found package: 'com.sec.android.app.launcher' and fully qualified activity name : 'com.sec.android.app.launcher.activities.LauncherActivity'
[debug] [35m[ADB][39m Incorrect package and activity. Retrying.
[debug] [35m[ADB][39m Getting focused package and activity
[debug] [35m[ADB][39m Running 'C:\Users\Dell-Notebook\.katalon\tools\android_sdk\platform-tools\adb.exe -P 5037 -s ce12171c74a0d80805 shell dumpsys window windows'
[debug] [35m[ADB][39m Found package: 'com.sec.android.app.launcher' and fully qualified activity name : 'com.sec.android.app.launcher.activities.LauncherActivity'
[debug] [35m[ADB][39m Incorrect package and activity. Retrying.
[35m[HTTP][39m [37m<-- POST /wd/hub/session [39m[32m-[39m [90m- ms - -[39m
[35m[HTTP][39m [90m[39m
[debug] [35m[ADB][39m Getting focused package and activity
[debug] [35m[ADB][39m Running 'C:\Users\Dell-Notebook\.katalon\tools\android_sdk\platform-tools\adb.exe -P 5037 -s ce12171c74a0d80805 shell dumpsys window windows'
[debug] [35m[ADB][39m Found package: 'com.sec.android.app.launcher' and fully qualified activity name : 'com.sec.android.app.launcher.activities.LauncherActivity'
[debug] [35m[ADB][39m Incorrect package and activity. Retrying.
[debug] [35m[ADB][39m Getting focused package and activity
[debug] [35m[ADB][39m Running 'C:\Users\Dell-Notebook\.katalon\tools\android_sdk\platform-tools\adb.exe -P 5037 -s ce12171c74a0d80805 shell dumpsys window windows'
[debug] [35m[ADB][39m Found package: 'com.sec.android.app.launcher' and fully qualified activity name : 'com.sec.android.app.launcher.activities.LauncherActivity'
[debug] [35m[ADB][39m Incorrect package and activity. Retrying.
[debug] [35m[ADB][39m Getting focused package and activity
[debug] [35m[ADB][39m Running 'C:\Users\Dell-Notebook\.katalon\tools\android_sdk\platform-tools\adb.exe -P 5037 -s ce12171c74a0d80805 shell dumpsys window windows'
[debug] [35m[ADB][39m Found package: 'com.sec.android.app.launcher' and fully qualified activity name : 'com.sec.android.app.launcher.activities.LauncherActivity'
[debug] [35m[ADB][39m Incorrect package and activity. Retrying.
[debug] [35m[ADB][39m Getting focused package and activity
[debug] [35m[ADB][39m Running 'C:\Users\Dell-Notebook\.katalon\tools\android_sdk\platform-tools\adb.exe -P 5037 -s ce12171c74a0d80805 shell dumpsys window windows'
[debug] [35m[ADB][39m Found package: 'com.sec.android.app.launcher' and fully qualified activity name : 'com.sec.android.app.launcher.activities.LauncherActivity'
[debug] [35m[ADB][39m Incorrect package and activity. Retrying.
[debug] [35m[ADB][39m Getting focused package and activity
[debug] [35m[ADB][39m Running 'C:\Users\Dell-Notebook\.katalon\tools\android_sdk\platform-tools\adb.exe -P 5037 -s ce12171c74a0d80805 shell dumpsys window windows'
[debug] [35m[ADB][39m Found package: 'com.sec.android.app.launcher' and fully qualified activity name : 'com.sec.android.app.launcher.activities.LauncherActivity'
[debug] [35m[ADB][39m Incorrect package and activity. Retrying.
[debug] [35m[ADB][39m Getting focused package and activity
[debug] [35m[ADB][39m Running 'C:\Users\Dell-Notebook\.katalon\tools\android_sdk\platform-tools\adb.exe -P 5037 -s ce12171c74a0d80805 shell dumpsys window windows'
[debug] [35m[ADB][39m Found package: 'com.sec.android.app.launcher' and fully qualified activity name : 'com.sec.android.app.launcher.activities.LauncherActivity'
[debug] [35m[ADB][39m Incorrect package and activity. Retrying.
[debug] [35m[ADB][39m Getting focused package and activity
[debug] [35m[ADB][39m Running 'C:\Users\Dell-Notebook\.katalon\tools\android_sdk\platform-tools\adb.exe -P 5037 -s ce12171c74a0d80805 shell dumpsys window windows'
[debug] [35m[ADB][39m Found package: 'com.sec.android.app.launcher' and fully qualified activity name : 'com.sec.android.app.launcher.activities.LauncherActivity'
[debug] [35m[ADB][39m Incorrect package and activity. Retrying.
[debug] [35m[UiAutomator2][39m Deleting UiAutomator2 session
[debug] [35m[UiAutomator2][39m Deleting UiAutomator2 server session
[debug] [35m[JSONWP Proxy][39m Proxying [DELETE /] to [DELETE http://localhost:8201/wd/hub/session/cb88d0d7-da9a-4a91-9c0d-4bc93ccad41e] with no body
[debug] [35m[JSONWP Proxy][39m Got response with status 200: "{\"sessionId\":\"cb88d0d7-da9a-4a91-9c0d-4bc93ccad41e\",\"status\":0,\"value\":\"Session deleted\"}"
[debug] [35m[ADB][39m Running 'C:\Users\Dell-Notebook\.katalon\tools\android_sdk\platform-tools\adb.exe -P 5037 -s ce12171c74a0d80805 shell am force-stop com.snapcart.android.staging'
[debug] [35m[Logcat][39m Stopping logcat capture
[debug] [35m[ADB][39m Removing forwarded port socket connection: 8201 
[debug] [35m[ADB][39m Running 'C:\Users\Dell-Notebook\.katalon\tools\android_sdk\platform-tools\adb.exe -P 5037 -s ce12171c74a0d80805 forward --remove tcp\:8201'
[debug] [35m[BaseDriver][39m Event 'newSessionStarted' logged at 1531380340979 (14:25:40 GMT+0700 (SE Asia Standard Time))
