<?xml version="1.0" encoding="UTF-8" standalone="no"?>
<!DOCTYPE log SYSTEM "logger.dtd">
<log>
<record>
  <date>2018-07-12T14:24:35</date>
  <millis>1531380275081</millis>
  <sequence>0</sequence>
  <level>START</level>
  <class>com.kms.katalon.core.logging.KeywordLogger</class>
  <method>startSuite</method>
  <thread>1</thread>
  <message>Start Test Suite : Test Suites/Android Client/Introduction</message>
  <nestedLevel>0</nestedLevel>
  <property name="name">Introduction</property>
  <property name="description"></property>
  <property name="id">Test Suites/Android Client/Introduction</property>
</record>
<record>
  <date>2018-07-12T14:24:35</date>
  <millis>1531380275109</millis>
  <sequence>1</sequence>
  <level>RUN_DATA</level>
  <class>com.kms.katalon.core.logging.KeywordLogger</class>
  <method>logMessage</method>
  <thread>1</thread>
  <message>Logging run data &amp;apos;hostName&amp;apos; with value &amp;apos;Dell-Notebook - DESKTOP-GUIOM97&amp;apos;</message>
  <nestedLevel>0</nestedLevel>
  <property name="hostName">Dell-Notebook - DESKTOP-GUIOM97</property>
</record>
<record>
  <date>2018-07-12T14:24:35</date>
  <millis>1531380275109</millis>
  <sequence>2</sequence>
  <level>RUN_DATA</level>
  <class>com.kms.katalon.core.logging.KeywordLogger</class>
  <method>logMessage</method>
  <thread>1</thread>
  <message>Logging run data &amp;apos;os&amp;apos; with value &amp;apos;Windows 10 64bit&amp;apos;</message>
  <nestedLevel>0</nestedLevel>
  <property name="os">Windows 10 64bit</property>
</record>
<record>
  <date>2018-07-12T14:24:35</date>
  <millis>1531380275110</millis>
  <sequence>3</sequence>
  <level>RUN_DATA</level>
  <class>com.kms.katalon.core.logging.KeywordLogger</class>
  <method>logMessage</method>
  <thread>1</thread>
  <message>Logging run data &amp;apos;hostAddress&amp;apos; with value &amp;apos;192.168.20.117&amp;apos;</message>
  <nestedLevel>0</nestedLevel>
  <property name="hostAddress">192.168.20.117</property>
</record>
<record>
  <date>2018-07-12T14:24:35</date>
  <millis>1531380275111</millis>
  <sequence>4</sequence>
  <level>RUN_DATA</level>
  <class>com.kms.katalon.core.logging.KeywordLogger</class>
  <method>logMessage</method>
  <thread>1</thread>
  <message>Logging run data &amp;apos;katalonVersion&amp;apos; with value &amp;apos;5.4.2.1&amp;apos;</message>
  <nestedLevel>0</nestedLevel>
  <property name="katalonVersion">5.4.2.1</property>
</record>
<record>
  <date>2018-07-12T14:24:35</date>
  <millis>1531380275520</millis>
  <sequence>5</sequence>
  <level>START</level>
  <class>com.kms.katalon.core.logging.KeywordLogger</class>
  <method>startTest</method>
  <thread>1</thread>
  <message>Start Test Case : Test Cases/Android Client/First Time User/Introduction/Verify Select Region Page</message>
  <nestedLevel>1</nestedLevel>
  <property name="name">Test Cases/Android Client/First Time User/Introduction/Verify Select Region Page</property>
  <property name="description"></property>
  <property name="id">Test Cases/Android Client/First Time User/Introduction/Verify Select Region Page</property>
  <property name="source">C:\\Users\\Dell-Notebook\\Katalon Studio\\Cashback\\Test Cases\\Android Client\\First Time User\\Introduction\\Verify Select Region Page.tc</property>
  <property name="isOptional">false</property>
</record>
<record>
  <date>2018-07-12T14:24:35</date>
  <millis>1531380275553</millis>
  <sequence>6</sequence>
  <level>INFO</level>
  <class>com.kms.katalon.core.logging.KeywordLogger</class>
  <method>logMessage</method>
  <thread>1</thread>
  <message>Evaluating variables for test case</message>
  <nestedLevel>1</nestedLevel>
</record>
<record>
  <date>2018-07-12T14:24:35</date>
  <millis>1531380275799</millis>
  <sequence>7</sequence>
  <level>START</level>
  <class>com.kms.katalon.core.logging.KeywordLogger</class>
  <method>startKeyword</method>
  <thread>1</thread>
  <message>Start action : startApplication</message>
  <nestedLevel>1</nestedLevel>
  <property name="startLine">22</property>
  <property name="stepIndex">1</property>
</record>
<record>
  <date>2018-07-12T14:24:35</date>
  <millis>1531380275906</millis>
  <sequence>8</sequence>
  <level>INFO</level>
  <class>com.kms.katalon.core.logging.KeywordLogger</class>
  <method>logMessage</method>
  <thread>1</thread>
  <message>Starting app at: &amp;apos;D:\\Project\\Apk\\snapcart-9.13.1-develop-staging.apk&amp;apos;</message>
  <nestedLevel>1</nestedLevel>
</record>
<record>
  <date>2018-07-12T14:24:39</date>
  <millis>1531380279222</millis>
  <sequence>9</sequence>
  <level>INFO</level>
  <class>com.kms.katalon.core.logging.KeywordLogger</class>
  <method>logMessage</method>
  <thread>1</thread>
  <message>Appium server started on port 61,252</message>
  <nestedLevel>1</nestedLevel>
</record>
