[35m[Appium][39m Welcome to Appium v1.8.1
[35m[Appium][39m Non-default server args:
[35m[Appium][39m   port: 63106
[35m[Appium][39m   chromeDriverPort: 63107
[35m[Appium][39m   tmpDir: C:\Users\DELL-N~1\AppData\Local\Temp\\Katalon\Appium\Temp1531380762481
[35m[Appium][39m Appium REST http interface listener started on 0.0.0.0:63106
[35m[HTTP][39m [37m-->[39m [37mGET[39m [37m/wd/hub/status[39m
[35m[HTTP][39m [90m{}[39m
[debug] [35m[MJSONWP][39m Calling AppiumDriver.getStatus() with args: []
[debug] [35m[MJSONWP][39m Responding to client with driver.getStatus() result: {"build":{"version":"1.8.1","revision":null}}
[35m[HTTP][39m [37m<-- GET /wd/hub/status [39m[32m200[39m [90m23 ms - 83[39m
[35m[HTTP][39m [90m[39m
[35m[HTTP][39m [37m-->[39m [37mPOST[39m [37m/wd/hub/session[39m
[35m[HTTP][39m [90m{"desiredCapabilities":{"app":"D:\\Project\\Apk\\snapcart-9.13.1-develop-staging.apk","autoGrantPermissions":true,"automationName":"uiautomator2","deviceName":"samsung SM-G950F (Android 8.0.0)","fullReset":false,"newCommandTimeout":1800,"noReset":true,"platform":"ANDROID","platformName":"Android","udid":"ce12171c74a0d80805"},"capabilities":{"desiredCapabilities":{"app":"D:\\Project\\Apk\\snapcart-9.13.1-develop-staging.apk","autoGrantPermissions":true,"automationName":"uiautomator2","deviceName":"samsung SM-G950F (Android 8.0.0)","fullReset":false,"newCommandTimeout":1800,"noReset":true,"platform":"ANDROID","platformName":"Android","udid":"ce12171c74a0d80805"},"firstMatch":[{"platformName":"android"}]}}[39m
[debug] [35m[MJSONWP][39m Calling AppiumDriver.createSession() with args: [{"app":"D:\\Project\\Apk\\snapcart-9.13.1-develop-staging.apk","autoGrantPermissions":true,"automationName":"uiautomator2","deviceName":"samsung SM-G950F (Android 8.0.0)","fullReset":false,"newCommandTimeout":1800,"noReset":true,"platform":"ANDROID","platformName":"Android","udid":"ce12171c74a0d80805"},null,{"desiredCapabilities":{"app":"D:\\Project\\Apk\\snapcart-9.13.1-develop-staging.apk","autoGrantPermissions":true,"automationName":"uiautomator2","deviceName":"samsung SM-G950F (Android 8.0.0)","fullReset":false,"newCommandTimeout":1800,"noReset":true,"platform":"ANDROID","platformName":"Android","udid":"ce12171c74a0d80805"},"firstMatch":[{"platformName":"android"}]}]
[debug] [35m[BaseDriver][39m Event 'newSessionRequested' logged at 1531380765600 (14:32:45 GMT+0700 (SE Asia Standard Time))
[35m[Appium][39m Could not parse W3C capabilities: 'deviceName' can't be blank. Falling back to JSONWP protocol.
[35m[Appium][39m The following capabilities were provided in the JSONWP desired capabilities that are missing in W3C capabilities: ["app","autoGrantPermissions","automationName","deviceName","fullReset","newCommandTimeout","noReset","platform","platformName","udid"]. Falling back to JSONWP protocol.
[35m[Appium][39m Creating new AndroidUiautomator2Driver (v1.12.0) session
[35m[Appium][39m Capabilities:
[35m[Appium][39m   app: D:\Project\Apk\snapcart-9.13.1-develop-staging.apk
[35m[Appium][39m   autoGrantPermissions: true
[35m[Appium][39m   automationName: uiautomator2
[35m[Appium][39m   deviceName: samsung SM-G950F (Android 8.0.0)
[35m[Appium][39m   fullReset: false
[35m[Appium][39m   newCommandTimeout: 1800
[35m[Appium][39m   noReset: true
[35m[Appium][39m   platform: ANDROID
[35m[Appium][39m   platformName: Android
[35m[Appium][39m   udid: ce12171c74a0d80805
[debug] [35m[BaseDriver][39m Creating session with MJSONWP desired capabilities: {"app":"D:\\Project\\Apk\\s...
[35m[BaseDriver][39m The following capabilities were provided, but are not recognized by appium: platform.
[35m[BaseDriver][39m Session created with session id: 40f78a54-82ae-4889-ba63-7e375864a4f5
[35m[BaseDriver][39m Using local app 'D:\Project\Apk\snapcart-9.13.1-develop-staging.apk'
[debug] [35m[UiAutomator2][39m Checking whether app is actually present
[debug] [35m[AndroidDriver][39m Getting Java version
[35m[AndroidDriver][39m Java version is: 1.8.0_102
[35m[ADB][39m Checking whether adb is present
[35m[ADB][39m Found 1 'build-tools' folders under 'C:\Users\Dell-Notebook\.katalon\tools\android_sdk' (newest first):
[35m[ADB][39m     C:/Users/Dell-Notebook/.katalon/tools/android_sdk/build-tools/28.0.1
[35m[ADB][39m Using adb.exe from C:\Users\Dell-Notebook\.katalon\tools\android_sdk\platform-tools\adb.exe
[35m[AndroidDriver][39m Retrieving device list
[debug] [35m[ADB][39m Trying to find a connected android device
[debug] [35m[ADB][39m Getting connected devices...
[debug] [35m[ADB][39m 1 device(s) connected
[35m[AndroidDriver][39m Using device: ce12171c74a0d80805
[debug] [35m[ADB][39m Setting device id to ce12171c74a0d80805
[debug] [35m[ADB][39m Running 'C:\Users\Dell-Notebook\.katalon\tools\android_sdk\platform-tools\adb.exe -P 5037 -s ce12171c74a0d80805 shell getprop ro.build.version.sdk'
[debug] [35m[ADB][39m Current device property 'ro.build.version.sdk': 26
[debug] [35m[ADB][39m Device API level: 26
[debug] [35m[AndroidDriver][39m Parsing package and activity from app manifest
[35m[ADB][39m Using the alternative activity name detection method because of: Could not find apkanalyzer.bat in C:\Users\Dell-Notebook\.katalon\tools\android_sdk\platform-tools\apkanalyzer.bat,C:\Users\Dell-Notebook\.katalon\tools\android_sdk\emulator\apkanalyzer.bat,C:\Users\Dell-Notebook\.katalon\tools\android_sdk\tools\apkanalyzer.bat,C:\Users\Dell-Notebook\.katalon\tools\android_sdk\tools\bin\apkanalyzer.bat,C:\Users\Dell-Notebook\.katalon\tools\android_sdk\build-tools\28.0.1\apkanalyzer.bat. Do you have the Android SDK installed at 'C:\Users\Dell-Notebook\.katalon\tools\android_sdk'?
[35m[ADB][39m Checking whether aapt is present
[35m[ADB][39m Using aapt.exe from C:\Users\Dell-Notebook\.katalon\tools\android_sdk\build-tools\28.0.1\aapt.exe
[35m[ADB][39m Extracting package and launch activity from manifest
[35m[ADB][39m Package name: 'com.snapcart.android.staging'
[35m[ADB][39m Main activity name: 'com.snapcart.android.ui.initial.InitialActivity_'
[debug] [35m[AndroidDriver][39m Parsed package and activity are: com.snapcart.android.staging/com.snapcart.android.ui.initial.InitialActivity_
[35m[ADB][39m Getting device platform version
[debug] [35m[ADB][39m Running 'C:\Users\Dell-Notebook\.katalon\tools\android_sdk\platform-tools\adb.exe -P 5037 -s ce12171c74a0d80805 shell getprop ro.build.version.release'
[debug] [35m[ADB][39m Current device property 'ro.build.version.release': 8.0.0
[debug] [35m[ADB][39m Running 'C:\Users\Dell-Notebook\.katalon\tools\android_sdk\platform-tools\adb.exe -P 5037 -s ce12171c74a0d80805 shell wm size'
[debug] [35m[ADB][39m Running 'C:\Users\Dell-Notebook\.katalon\tools\android_sdk\platform-tools\adb.exe -P 5037 -s ce12171c74a0d80805 shell wm density'
[debug] [35m[ADB][39m Running 'C:\Users\Dell-Notebook\.katalon\tools\android_sdk\platform-tools\adb.exe -P 5037 -s ce12171c74a0d80805 shell getprop ro.product.model'
[debug] [35m[ADB][39m Current device property 'ro.product.model': SM-G950F
[debug] [35m[ADB][39m Running 'C:\Users\Dell-Notebook\.katalon\tools\android_sdk\platform-tools\adb.exe -P 5037 -s ce12171c74a0d80805 shell getprop ro.product.manufacturer'
[debug] [35m[ADB][39m Current device property 'ro.product.manufacturer': samsung
[debug] [35m[ADB][39m Device API level: 26
[debug] [35m[ADB][39m Running 'C:\Users\Dell-Notebook\.katalon\tools\android_sdk\platform-tools\adb.exe -P 5037 -s ce12171c74a0d80805 shell am force-stop io.appium.uiautomator2.server'
[debug] [35m[ADB][39m Checking app cert for C:\Users\Dell-Notebook\AppData\Roaming\npm\node_modules\appium\node_modules\appium-uiautomator2-server\apks\appium-uiautomator2-server-v1.12.0.apk
[35m[ADB][39m Using apksigner.bat from C:\Users\Dell-Notebook\.katalon\tools\android_sdk\build-tools\28.0.1\apksigner.bat
[debug] [35m[ADB][39m Starting 'C:\Users\Dell-Notebook\.katalon\tools\android_sdk\build-tools\28.0.1\apksigner.bat' with args 'verify,--print-certs,C:\Users\Dell-Notebook\AppData\Roaming\npm\node_modules\appium\node_modules\appium-uiautomator2-server\apks\appium-uiautomator2-server-v1.12.0.apk'
[debug] [35m[ADB][39m 'C:\Users\Dell-Notebook\AppData\Roaming\npm\node_modules\appium\node_modules\appium-uiautomator2-server\apks\appium-uiautomator2-server-v1.12.0.apk' is not signed with debug cert.
[debug] [35m[ADB][39m Zip-aligning 'C:\Users\Dell-Notebook\AppData\Roaming\npm\node_modules\appium\node_modules\appium-uiautomator2-server\apks\appium-uiautomator2-server-v1.12.0.apk'
[35m[ADB][39m Checking whether zipalign is present
[35m[ADB][39m Using zipalign.exe from C:\Users\Dell-Notebook\.katalon\tools\android_sdk\build-tools\28.0.1\zipalign.exe
[debug] [35m[ADB][39m Signing 'C:\Users\Dell-Notebook\AppData\Roaming\npm\node_modules\appium\node_modules\appium-uiautomator2-server\apks\appium-uiautomator2-server-v1.12.0.apk' with default cert
[debug] [35m[ADB][39m Starting 'C:\Users\Dell-Notebook\.katalon\tools\android_sdk\build-tools\28.0.1\apksigner.bat' with args 'sign,--key,C:\Users\Dell-Notebook\AppData\Roaming\npm\node_modules\appium\node_modules\appium-adb\keys\testkey.pk8,--cert,C:\Users\Dell-Notebook\AppData\Roaming\npm\node_modules\appium\node_modules\appium-adb\keys\testkey.x509.pem,C:\Users\Dell-Notebook\AppData\Roaming\npm\node_modules\appium\node_modules\appium-uiautomator2-server\apks\appium-uiautomator2-server-v1.12.0.apk'
[debug] [35m[ADB][39m Checking app cert for C:\Users\Dell-Notebook\AppData\Roaming\npm\node_modules\appium\node_modules\appium-uiautomator2-server\apks\appium-uiautomator2-server-debug-androidTest.apk
[debug] [35m[ADB][39m Starting 'C:\Users\Dell-Notebook\.katalon\tools\android_sdk\build-tools\28.0.1\apksigner.bat' with args 'verify,--print-certs,C:\Users\Dell-Notebook\AppData\Roaming\npm\node_modules\appium\node_modules\appium-uiautomator2-server\apks\appium-uiautomator2-server-debug-androidTest.apk'
[debug] [35m[ADB][39m 'C:\Users\Dell-Notebook\AppData\Roaming\npm\node_modules\appium\node_modules\appium-uiautomator2-server\apks\appium-uiautomator2-server-debug-androidTest.apk' is not signed with debug cert.
[debug] [35m[ADB][39m Zip-aligning 'C:\Users\Dell-Notebook\AppData\Roaming\npm\node_modules\appium\node_modules\appium-uiautomator2-server\apks\appium-uiautomator2-server-debug-androidTest.apk'
[debug] [35m[ADB][39m Signing 'C:\Users\Dell-Notebook\AppData\Roaming\npm\node_modules\appium\node_modules\appium-uiautomator2-server\apks\appium-uiautomator2-server-debug-androidTest.apk' with default cert
[debug] [35m[ADB][39m Starting 'C:\Users\Dell-Notebook\.katalon\tools\android_sdk\build-tools\28.0.1\apksigner.bat' with args 'sign,--key,C:\Users\Dell-Notebook\AppData\Roaming\npm\node_modules\appium\node_modules\appium-adb\keys\testkey.pk8,--cert,C:\Users\Dell-Notebook\AppData\Roaming\npm\node_modules\appium\node_modules\appium-adb\keys\testkey.x509.pem,C:\Users\Dell-Notebook\AppData\Roaming\npm\node_modules\appium\node_modules\appium-uiautomator2-server\apks\appium-uiautomator2-server-debug-androidTest.apk'
[debug] [35m[ADB][39m Uninstalling io.appium.uiautomator2.server
[debug] [35m[ADB][39m Getting install status for io.appium.uiautomator2.server
[debug] [35m[ADB][39m Running 'C:\Users\Dell-Notebook\.katalon\tools\android_sdk\platform-tools\adb.exe -P 5037 -s ce12171c74a0d80805 shell pm list packages io.appium.uiautomator2.server'
[debug] [35m[ADB][39m App is installed
[debug] [35m[ADB][39m Running 'C:\Users\Dell-Notebook\.katalon\tools\android_sdk\platform-tools\adb.exe -P 5037 -s ce12171c74a0d80805 shell am force-stop io.appium.uiautomator2.server'
[debug] [35m[ADB][39m Running 'C:\Users\Dell-Notebook\.katalon\tools\android_sdk\platform-tools\adb.exe -P 5037 -s ce12171c74a0d80805 uninstall io.appium.uiautomator2.server'
[debug] [35m[ADB][39m 'adb uninstall io.appium.uiautomator2.server' command output: Success
[35m[ADB][39m io.appium.uiautomator2.server was successfully uninstalled
[debug] [35m[ADB][39m Uninstalling io.appium.uiautomator2.server.test
[debug] [35m[ADB][39m Getting install status for io.appium.uiautomator2.server.test
[debug] [35m[ADB][39m Running 'C:\Users\Dell-Notebook\.katalon\tools\android_sdk\platform-tools\adb.exe -P 5037 -s ce12171c74a0d80805 shell pm list packages io.appium.uiautomator2.server.test'
[debug] [35m[ADB][39m App is installed
[debug] [35m[ADB][39m Running 'C:\Users\Dell-Notebook\.katalon\tools\android_sdk\platform-tools\adb.exe -P 5037 -s ce12171c74a0d80805 shell am force-stop io.appium.uiautomator2.server.test'
[debug] [35m[ADB][39m Running 'C:\Users\Dell-Notebook\.katalon\tools\android_sdk\platform-tools\adb.exe -P 5037 -s ce12171c74a0d80805 uninstall io.appium.uiautomator2.server.test'
[debug] [35m[ADB][39m 'adb uninstall io.appium.uiautomator2.server.test' command output: Success
[35m[ADB][39m io.appium.uiautomator2.server.test was successfully uninstalled
[debug] [35m[ADB][39m Getting install status for io.appium.uiautomator2.server
[debug] [35m[ADB][39m Running 'C:\Users\Dell-Notebook\.katalon\tools\android_sdk\platform-tools\adb.exe -P 5037 -s ce12171c74a0d80805 shell pm list packages io.appium.uiautomator2.server'
[debug] [35m[ADB][39m App is not installed
[debug] [35m[ADB][39m App 'C:\Users\Dell-Notebook\AppData\Roaming\npm\node_modules\appium\node_modules\appium-uiautomator2-server\apks\appium-uiautomator2-server-v1.12.0.apk' not installed. Installing
[debug] [35m[ADB][39m Running 'C:\Users\Dell-Notebook\.katalon\tools\android_sdk\platform-tools\adb.exe -P 5037 -s ce12171c74a0d80805 install C\:\\Users\\Dell-Notebook\\AppData\\Roaming\\npm\\node_modules\\appium\\node_modules\\appium-uiautomator2-server\\apks\\appium-uiautomator2-server-v1.12.0.apk'
[debug] [35m[ADB][39m Install command stdout: Success
[debug] [35m[ADB][39m Getting install status for io.appium.uiautomator2.server.test
[debug] [35m[ADB][39m Running 'C:\Users\Dell-Notebook\.katalon\tools\android_sdk\platform-tools\adb.exe -P 5037 -s ce12171c74a0d80805 shell pm list packages io.appium.uiautomator2.server.test'
[debug] [35m[ADB][39m App is not installed
[debug] [35m[ADB][39m App 'C:\Users\Dell-Notebook\AppData\Roaming\npm\node_modules\appium\node_modules\appium-uiautomator2-server\apks\appium-uiautomator2-server-debug-androidTest.apk' not installed. Installing
[debug] [35m[ADB][39m Running 'C:\Users\Dell-Notebook\.katalon\tools\android_sdk\platform-tools\adb.exe -P 5037 -s ce12171c74a0d80805 install C\:\\Users\\Dell-Notebook\\AppData\\Roaming\\npm\\node_modules\\appium\\node_modules\\appium-uiautomator2-server\\apks\\appium-uiautomator2-server-debug-androidTest.apk'
[debug] [35m[ADB][39m Install command stdout: Success
[debug] [35m[UiAutomator2][39m Waiting up to 20000ms for instrumentation 'io.appium.uiautomator2.server.test/android.support.test.runner.AndroidJUnitRunner' to be available
[debug] [35m[ADB][39m Running 'C:\Users\Dell-Notebook\.katalon\tools\android_sdk\platform-tools\adb.exe -P 5037 -s ce12171c74a0d80805 shell pm list instrumentation'
[debug] [35m[UiAutomator2][39m Instrumentation 'io.appium.uiautomator2.server.test/android.support.test.runner.AndroidJUnitRunner' available
[debug] [35m[ADB][39m Running 'C:\Users\Dell-Notebook\.katalon\tools\android_sdk\platform-tools\adb.exe -P 5037 -s ce12171c74a0d80805 wait-for-device'
[debug] [35m[ADB][39m Running 'C:\Users\Dell-Notebook\.katalon\tools\android_sdk\platform-tools\adb.exe -P 5037 -s ce12171c74a0d80805 shell echo ping'
[debug] [35m[AndroidDriver][39m Pushing settings apk to device...
[debug] [35m[ADB][39m Getting install status for io.appium.settings
[debug] [35m[ADB][39m Running 'C:\Users\Dell-Notebook\.katalon\tools\android_sdk\platform-tools\adb.exe -P 5037 -s ce12171c74a0d80805 shell pm list packages io.appium.settings'
[debug] [35m[ADB][39m App is installed
[debug] [35m[ADB][39m Getting package info for 'io.appium.settings'
[debug] [35m[ADB][39m Running 'C:\Users\Dell-Notebook\.katalon\tools\android_sdk\platform-tools\adb.exe -P 5037 -s ce12171c74a0d80805 shell dumpsys package io.appium.settings'
[debug] [35m[ADB][39m The installed 'io.appium.settings' package does not require upgrade ('2.3.0' >= '2.3.0')
[debug] [35m[ADB][39m Running 'C:\Users\Dell-Notebook\.katalon\tools\android_sdk\platform-tools\adb.exe -P 5037 -s ce12171c74a0d80805 shell ps'
[debug] [35m[ADB][39m Device API level: 26
[debug] [35m[ADB][39m Running 'C:\Users\Dell-Notebook\.katalon\tools\android_sdk\platform-tools\adb.exe -P 5037 -s ce12171c74a0d80805 shell am start -W -n io.appium.settings/.Settings -a android.intent.action.MAIN -c android.intent.category.LAUNCHER -f 0x10200000'
[debug] [35m[ADB][39m Device API level: 26
[debug] [35m[ADB][39m Running 'C:\Users\Dell-Notebook\.katalon\tools\android_sdk\platform-tools\adb.exe -P 5037 -s ce12171c74a0d80805 shell appops set io.appium.settings android\:mock_location allow'
[35m[AndroidDriver][39m setDeviceLanguageCountry requires language or country.
[35m[AndroidDriver][39m Got language: 'null' and country: 'null'
[debug] [35m[Logcat][39m Starting logcat capture
[debug] [35m[AndroidDriver][39m Pushing unlock helper app to device...
[debug] [35m[ADB][39m Getting install status for io.appium.unlock
[debug] [35m[ADB][39m Running 'C:\Users\Dell-Notebook\.katalon\tools\android_sdk\platform-tools\adb.exe -P 5037 -s ce12171c74a0d80805 shell pm list packages io.appium.unlock'
[debug] [35m[ADB][39m App is installed
[debug] [35m[ADB][39m Getting package info for 'io.appium.unlock'
[debug] [35m[ADB][39m Running 'C:\Users\Dell-Notebook\.katalon\tools\android_sdk\platform-tools\adb.exe -P 5037 -s ce12171c74a0d80805 shell dumpsys package io.appium.unlock'
[debug] [35m[ADB][39m The installed 'io.appium.unlock' package does not require upgrade ('2.0.0' >= '2.0.0')
[debug] [35m[UiAutomator2][39m Forwarding UiAutomator2 Server port 6790 to 8201
[debug] [35m[ADB][39m Forwarding system: 8201 to device: 6790
[debug] [35m[ADB][39m Running 'C:\Users\Dell-Notebook\.katalon\tools\android_sdk\platform-tools\adb.exe -P 5037 -s ce12171c74a0d80805 forward tcp\:8201 tcp\:6790'
[debug] [35m[ADB][39m Running 'C:\Users\Dell-Notebook\.katalon\tools\android_sdk\platform-tools\adb.exe -P 5037 -s ce12171c74a0d80805 shell rm -rf /data/local/tmp/strings.json'
[debug] [35m[AndroidDriver][39m Extracting strings from apk
[debug] [35m[AndroidDriver][39m D:\Project\Apk\snapcart-9.13.1-develop-staging.apk
[debug] [35m[AndroidDriver][39m null
[debug] [35m[AndroidDriver][39m C:\Users\DELL-N~1\AppData\Local\Temp\Katalon\Appium\Temp1531380762481\com.snapcart.android.staging
[debug] [35m[ADB][39m Extracting strings for language: default
[35m[ADB][39m Successfully extracted 766 strings from 'D:\Project\Apk\snapcart-9.13.1-develop-staging.apk' resources for '(default)' configuration
[debug] [35m[ADB][39m Running 'C:\Users\Dell-Notebook\.katalon\tools\android_sdk\platform-tools\adb.exe -P 5037 -s ce12171c74a0d80805 push C\:\\Users\\DELL-N~1\\AppData\\Local\\Temp\\Katalon\\Appium\\Temp1531380762481\\com.snapcart.android.staging\\strings.json /data/local/tmp'
[debug] [35m[ADB][39m Checking app cert for D:\Project\Apk\snapcart-9.13.1-develop-staging.apk
[debug] [35m[ADB][39m Starting 'C:\Users\Dell-Notebook\.katalon\tools\android_sdk\build-tools\28.0.1\apksigner.bat' with args 'verify,--print-certs,D:\Project\Apk\snapcart-9.13.1-develop-staging.apk'
[debug] [35m[ADB][39m 'D:\Project\Apk\snapcart-9.13.1-develop-staging.apk' is not signed with debug cert.
[debug] [35m[ADB][39m Zip-aligning 'D:\Project\Apk\snapcart-9.13.1-develop-staging.apk'
[debug] [35m[ADB][39m Signing 'D:\Project\Apk\snapcart-9.13.1-develop-staging.apk' with default cert
[debug] [35m[ADB][39m Starting 'C:\Users\Dell-Notebook\.katalon\tools\android_sdk\build-tools\28.0.1\apksigner.bat' with args 'sign,--key,C:\Users\Dell-Notebook\AppData\Roaming\npm\node_modules\appium\node_modules\appium-adb\keys\testkey.pk8,--cert,C:\Users\Dell-Notebook\AppData\Roaming\npm\node_modules\appium\node_modules\appium-adb\keys\testkey.x509.pem,D:\Project\Apk\snapcart-9.13.1-develop-staging.apk'
[debug] [35m[ADB][39m Getting install status for com.snapcart.android.staging
[debug] [35m[ADB][39m Running 'C:\Users\Dell-Notebook\.katalon\tools\android_sdk\platform-tools\adb.exe -P 5037 -s ce12171c74a0d80805 shell pm list packages com.snapcart.android.staging'
[debug] [35m[ADB][39m App is installed
[debug] [35m[ADB][39m Getting package info for 'com.snapcart.android.staging'
[debug] [35m[ADB][39m Running 'C:\Users\Dell-Notebook\.katalon\tools\android_sdk\platform-tools\adb.exe -P 5037 -s ce12171c74a0d80805 shell dumpsys package com.snapcart.android.staging'
[debug] [35m[ADB][39m The installed 'com.snapcart.android.staging' package does not require upgrade ('9.13.1' >= '9.13.1')
[debug] [35m[ADB][39m Running 'C:\Users\Dell-Notebook\.katalon\tools\android_sdk\platform-tools\adb.exe -P 5037 -s ce12171c74a0d80805 shell am force-stop io.appium.uiautomator2.server'
[35m[UiAutomator2][39m Starting uiautomator2 server 1.12.0
[35m[UiAutomator2][39m Using UIAutomator2 server from 'C:\Users\Dell-Notebook\AppData\Roaming\npm\node_modules\appium\node_modules\appium-uiautomator2-server\apks\appium-uiautomator2-server-v1.12.0.apk' and test from 'C:\Users\Dell-Notebook\AppData\Roaming\npm\node_modules\appium\node_modules\appium-uiautomator2-server\apks\appium-uiautomator2-server-debug-androidTest.apk'
[35m[UiAutomator2][39m Running command: 'adb -s ce12171c74a0d80805 shell am instrument -w io.appium.uiautomator2.server.test/android.support.test.runner.AndroidJUnitRunner'
[35m[UiAutomator2][39m Waiting up to 20000ms for UiAutomator2 to be online...
[debug] [35m[JSONWP Proxy][39m Proxying [GET /status] to [GET http://localhost:8201/wd/hub/status] with no body
[debug] [35m[JSONWP Proxy][39m Proxying [GET /status] to [GET http://localhost:8201/wd/hub/status] with no body
[debug] [35m[JSONWP Proxy][39m Proxying [GET /status] to [GET http://localhost:8201/wd/hub/status] with no body
[debug] [35m[JSONWP Proxy][39m Proxying [GET /status] to [GET http://localhost:8201/wd/hub/status] with no body
[debug] [35m[JSONWP Proxy][39m Proxying [GET /status] to [GET http://localhost:8201/wd/hub/status] with no body
[debug] [35m[JSONWP Proxy][39m Got response with status 200: "{\"sessionId\":\"SESSIONID\",\"status\":0,\"value\":\"Status Invoked\"}"
[debug] [35m[JSONWP Proxy][39m Proxying [POST /session] to [POST http://localhost:8201/wd/hub/session] with body: {"desiredCapabilities":{"platform":"ANDROID","webStorageEnabled":false,"takesScreenshot":true,"javascriptEnabled":true,"databaseEnabled":false,"networkConnectionEnabled":true,"locationContextEnabled":false,"warnings":{},"desired":{"app":"D:\\Project\\Apk\\snapcart-9.13.1-develop-staging.apk","autoGrantPermissions":true,"automationName":"uiautomator2","deviceName":"samsung SM-G950F (Android 8.0.0)","fullReset":false,"newCommandTimeout":1800,"noReset":true,"platform":"ANDROID","platformName":"Android","udid":"ce12171c74a0d80805"},"app":"D:\\Project\\Apk\\snapcart-9.13.1-develop-staging.apk","autoGrantPermissions":true,"automationName":"uiautomator2","deviceName":"ce12171c74a0d80805","fullReset":false,"newCommandTimeout":1800,"noReset":true,"platformName":"Android","udid":"ce12171c74a0d80805","deviceUDID":"ce12171c74a0d80805","platformVersion":"8.0.0","deviceScreenSize":"1440x2960","deviceScreenDensity":640,"deviceModel":"SM-G950F","deviceManufacturer":"samsung","deviceApiLevel":26,"appPackage":"com.snapcart....
[debug] [35m[JSONWP Proxy][39m Got response with status 200: {"sessionId":"02d69e43-349f-4fee-975b-25e3f2fc9e02","status":0,"value":"Created Session"}
[debug] [35m[ADB][39m Running 'C:\Users\Dell-Notebook\.katalon\tools\android_sdk\platform-tools\adb.exe -P 5037 -s ce12171c74a0d80805 shell dumpsys window'
[35m[AndroidDriver][39m Screen already unlocked, doing nothing
[35m[UiAutomator2][39m UiAutomator2 did not start the activity we were waiting for, 'com.snapcart.android.staging/com.snapcart.android.ui.initial.InitialActivity_'. Starting it ourselves
[debug] [35m[ADB][39m Device API level: 26
[debug] [35m[ADB][39m Running 'C:\Users\Dell-Notebook\.katalon\tools\android_sdk\platform-tools\adb.exe -P 5037 -s ce12171c74a0d80805 shell am start -W -n com.snapcart.android.staging/com.snapcart.android.ui.initial.InitialActivity_ -S -a android.intent.action.MAIN -c android.intent.category.LAUNCHER -f 0x10200000'
[debug] [35m[ADB][39m Waiting up to 20000ms for activity matching pkg: 'com.snapcart.android.staging' and activity: 'com.snapcart.android.ui.initial.InitialActivity_' to be focused
[debug] [35m[ADB][39m Possible activities, to be checked: 'com.snapcart.android.ui.initial.InitialActivity_', 'com.snapcart.android.staging.com.snapcart.android.ui.initial.InitialActivity_'
[debug] [35m[ADB][39m Getting focused package and activity
[debug] [35m[ADB][39m Running 'C:\Users\Dell-Notebook\.katalon\tools\android_sdk\platform-tools\adb.exe -P 5037 -s ce12171c74a0d80805 shell dumpsys window windows'
[debug] [35m[ADB][39m Found package: 'com.snapcart.android.staging' and fully qualified activity name : 'com.snapcart.android.ui.initial.InitialActivity_'
[debug] [35m[JSONWP Proxy][39m Proxying [GET /appium/device/pixel_ratio] to [GET http://localhost:8201/wd/hub/session/02d69e43-349f-4fee-975b-25e3f2fc9e02/appium/device/pixel_ratio] with body: {}
[debug] [35m[JSONWP Proxy][39m Got response with status 200: "{\"sessionId\":\"02d69e43-349f-4fee-975b-25e3f2fc9e02\",\"status\":0,\"value\":2}"
[debug] [35m[JSONWP Proxy][39m Proxying [GET /appium/device/system_bars] to [GET http://localhost:8201/wd/hub/session/02d69e43-349f-4fee-975b-25e3f2fc9e02/appium/device/system_bars] with body: {}
[debug] [35m[JSONWP Proxy][39m Got response with status 200: "{\"sessionId\":\"02d69e43-349f-4fee-975b-25e3f2fc9e02\",\"status\":0,\"value\":{\"statusBar\":48}}"
[debug] [35m[JSONWP Proxy][39m Proxying [GET /window/current/size] to [GET http://localhost:8201/wd/hub/session/02d69e43-349f-4fee-975b-25e3f2fc9e02/window/current/size] with body: {}
[debug] [35m[JSONWP Proxy][39m Got response with status 200: "{\"sessionId\":\"02d69e43-349f-4fee-975b-25e3f2fc9e02\",\"status\":0,\"value\":{\"height\":1384,\"width\":720}}"
[35m[Appium][39m New AndroidUiautomator2Driver session created successfully, session 40f78a54-82ae-4889-ba63-7e375864a4f5 added to master session list
[debug] [35m[BaseDriver][39m Event 'newSessionStarted' logged at 1531380807420 (14:33:27 GMT+0700 (SE Asia Standard Time))
[debug] [35m[MJSONWP][39m Responding to client with driver.createSession() result: {"platform":"ANDROID","webStorageEnabled":false,"takesScreenshot":true,"javascriptEnabled":true,"databaseEnabled":false,"networkConnectionEnabled":true,"locationContextEnabled":false,"warnings":{},"desired":{"app":"D:\\Project\\Apk\\snapcart-9.13.1-develop-staging.apk","autoGrantPermissions":true,"automationName":"uiautomator2","deviceName":"samsung SM-G950F (Android 8.0.0)","fullReset":false,"newCommandTimeout":1800,"noReset":true,"platform":"ANDROID","platformName":"Android","udid":"ce12171c74a0d80805"},"app":"D:\\Project\\Apk\\snapcart-9.13.1-develop-staging.apk","autoGrantPermissions":true,"automationName":"uiautomator2","deviceName":"ce12171c74a0d80805","fullReset":false,"newCommandTimeout":1800,"noReset":true,"platformName":"Android","udid":"ce12171c74a0d80805","deviceUDID":"ce12171c74a0d80805","platformVersion":"8.0.0","deviceScreenSize":"1440x2960","deviceScreenDensity":640,"deviceModel":"SM-G950F","deviceManufacturer":"samsung","deviceApiLevel":26,"appPackage":"com.snapcart.android.staging","pixel...
[35m[HTTP][39m [37m<-- POST /wd/hub/session [39m[32m200[39m [90m41822 ms - 1182[39m
[35m[HTTP][39m [90m[39m
[35m[HTTP][39m [37m-->[39m [37mGET[39m [37m/wd/hub/status[39m
[35m[HTTP][39m [90m{}[39m
[debug] [35m[W3C][39m Calling AppiumDriver.getStatus() with args: []
[debug] [35m[W3C][39m Responding to client with driver.getStatus() result: {"build":{"version":"1.8.1","revision":null}}
[35m[HTTP][39m [37m<-- GET /wd/hub/status [39m[32m200[39m [90m3 ms - 55[39m
[35m[HTTP][39m [90m[39m
[35m[HTTP][39m [37m-->[39m [37mPOST[39m [37m/wd/hub/session/40f78a54-82ae-4889-ba63-7e375864a4f5/timeouts[39m
[35m[HTTP][39m [90m{"type":"implicit","ms":30000}[39m
[debug] [35m[W3C][39m Bad parameters: BadParametersError: Parameters were incorrect. We wanted "W3C protocol expects any of script, pageLoad or implicit to be set" and you sent {"type":"implicit","ms":30000}
[35m[HTTP][39m [37m<-- POST /wd/hub/session/40f78a54-82ae-4889-ba63-7e375864a4f5/timeouts [39m[33m400[39m [90m12 ms - 5564[39m
[35m[HTTP][39m [90m[39m
[35m[HTTP][39m [37m-->[39m [37mGET[39m [37m/wd/hub/session/40f78a54-82ae-4889-ba63-7e375864a4f5/window/current/size[39m
[35m[HTTP][39m [90m{}[39m
[35m[W3C][39m Driver proxy active, passing request on via HTTP proxy
[debug] [35m[JSONWP Proxy][39m Proxying [GET /wd/hub/session/40f78a54-82ae-4889-ba63-7e375864a4f5/window/current/size] to [GET http://localhost:8201/wd/hub/session/02d69e43-349f-4fee-975b-25e3f2fc9e02/window/current/size] with body: {}
[debug] [35m[JSONWP Proxy][39m Got response with status 200: "{\"sessionId\":\"02d69e43-349f-4fee-975b-25e3f2fc9e02\",\"status\":0,\"value\":{\"height\":1384,\"width\":720}}"
[35m[JSONWP Proxy][39m Replacing sessionId 02d69e43-349f-4fee-975b-25e3f2fc9e02 with 40f78a54-82ae-4889-ba63-7e375864a4f5
[35m[HTTP][39m [37m<-- GET /wd/hub/session/40f78a54-82ae-4889-ba63-7e375864a4f5/window/current/size [39m[32m200[39m [90m66 ms - 99[39m
[35m[HTTP][39m [90m[39m
[35m[HTTP][39m [37m-->[39m [37mPOST[39m [37m/wd/hub/session/40f78a54-82ae-4889-ba63-7e375864a4f5/elements[39m
[35m[HTTP][39m [90m{"using":"-android uiautomator","value":"new UiSelector().className(\"android.widget.Button\").text(\"MASUK\").resourceId(\"com.snapcart.android.staging:id/button_login\").instance(2)"}[39m
[debug] [35m[W3C][39m Calling AppiumDriver.findElements() with args: ["-android uiautomator","new UiSelector().className(\"android.widget.Button\").text(\"MASUK\").resourceId(\"com.snapcart.android.staging:id/button_login\").instance(2)","40f78a54-82ae-4889-ba63-7e375864a4f5"]
[debug] [35m[BaseDriver][39m Valid locator strategies for this request: xpath, id, class name, accessibility id, -android uiautomator
[debug] [35m[BaseDriver][39m Waiting up to 0 ms for condition
[debug] [35m[JSONWP Proxy][39m Proxying [POST /elements] to [POST http://localhost:8201/wd/hub/session/02d69e43-349f-4fee-975b-25e3f2fc9e02/elements] with body: {"strategy":"-android uiautomator","selector":"new UiSelector().className(\"android.widget.Button\").text(\"MASUK\").resourceId(\"com.snapcart.android.staging:id/button_login\").instance(2)","context":"","multiple":true}
[debug] [35m[JSONWP Proxy][39m Got response with status 200: {"sessionId":"02d69e43-349f-4fee-975b-25e3f2fc9e02","status":0,"value":[]}
[debug] [35m[MJSONWP][39m Responding to client with driver.findElements() result: []
[35m[HTTP][39m [37m<-- POST /wd/hub/session/40f78a54-82ae-4889-ba63-7e375864a4f5/elements [39m[32m200[39m [90m417 ms - 74[39m
[35m[HTTP][39m [90m[39m
[35m[HTTP][39m [37m-->[39m [37mPOST[39m [37m/wd/hub/session/40f78a54-82ae-4889-ba63-7e375864a4f5/elements[39m
[35m[HTTP][39m [90m{"using":"-android uiautomator","value":"new UiSelector().className(\"android.widget.Button\").text(\"MASUK\").resourceId(\"com.snapcart.android.staging:id/button_login\").instance(2)"}[39m
[debug] [35m[W3C][39m Calling AppiumDriver.findElements() with args: ["-android uiautomator","new UiSelector().className(\"android.widget.Button\").text(\"MASUK\").resourceId(\"com.snapcart.android.staging:id/button_login\").instance(2)","40f78a54-82ae-4889-ba63-7e375864a4f5"]
[debug] [35m[BaseDriver][39m Valid locator strategies for this request: xpath, id, class name, accessibility id, -android uiautomator
[debug] [35m[BaseDriver][39m Waiting up to 0 ms for condition
[debug] [35m[JSONWP Proxy][39m Proxying [POST /elements] to [POST http://localhost:8201/wd/hub/session/02d69e43-349f-4fee-975b-25e3f2fc9e02/elements] with body: {"strategy":"-android uiautomator","selector":"new UiSelector().className(\"android.widget.Button\").text(\"MASUK\").resourceId(\"com.snapcart.android.staging:id/button_login\").instance(2)","context":"","multiple":true}
[debug] [35m[JSONWP Proxy][39m Got response with status 200: {"sessionId":"02d69e43-349f-4fee-975b-25e3f2fc9e02","status":0,"value":[{"ELEMENT":"fe0e15d3-0cf6-4b1b-87a8-643aaf70161f"}]}
[debug] [35m[MJSONWP][39m Responding to client with driver.findElements() result: [{"ELEMENT":"fe0e15d3-0cf6-4b1b-87a8-643aaf70161f"}]
[35m[HTTP][39m [37m<-- POST /wd/hub/session/40f78a54-82ae-4889-ba63-7e375864a4f5/elements [39m[32m200[39m [90m793 ms - 124[39m
[35m[HTTP][39m [90m[39m
[35m[HTTP][39m [37m-->[39m [37mGET[39m [37m/wd/hub/session/40f78a54-82ae-4889-ba63-7e375864a4f5[39m
[35m[HTTP][39m [90m{}[39m
[debug] [35m[W3C][39m Calling AppiumDriver.getSession() with args: ["40f78a54-82ae-4889-ba63-7e375864a4f5"]
[debug] [35m[UiAutomator2][39m Getting session details from server to mix in
[debug] [35m[JSONWP Proxy][39m Proxying [GET /] to [GET http://localhost:8201/wd/hub/session/02d69e43-349f-4fee-975b-25e3f2fc9e02] with body: {}
[debug] [35m[JSONWP Proxy][39m Got response with status 200: "{\"sessionId\":\"02d69e43-349f-4fee-975b-25e3f2fc9e02\",\"status\":0,\"value\":{}}"
[debug] [35m[MJSONWP][39m Responding to client with driver.getSession() result: {"platform":"ANDROID","webStorageEnabled":false,"takesScreenshot":true,"javascriptEnabled":true,"databaseEnabled":false,"networkConnectionEnabled":true,"locationContextEnabled":false,"warnings":{},"desired":{"app":"D:\\Project\\Apk\\snapcart-9.13.1-develop-staging.apk","autoGrantPermissions":true,"automationName":"uiautomator2","deviceName":"samsung SM-G950F (Android 8.0.0)","fullReset":false,"newCommandTimeout":1800,"noReset":true,"platform":"ANDROID","platformName":"Android","udid":"ce12171c74a0d80805"},"app":"D:\\Project\\Apk\\snapcart-9.13.1-develop-staging.apk","autoGrantPermissions":true,"automationName":"uiautomator2","deviceName":"ce12171c74a0d80805","fullReset":false,"newCommandTimeout":1800,"noReset":true,"platformName":"Android","udid":"ce12171c74a0d80805","deviceUDID":"ce12171c74a0d80805","platformVersion":"8.0.0","deviceScreenSize":"1440x2960","deviceScreenDensity":640,"deviceModel":"SM-G950F","deviceManufacturer":"samsung","deviceApiLevel":26,"appPackage":"com.snapcart.android.staging","pixel...
[35m[HTTP][39m [37m<-- GET /wd/hub/session/40f78a54-82ae-4889-ba63-7e375864a4f5 [39m[32m200[39m [90m48 ms - 1182[39m
[35m[HTTP][39m [90m[39m
[35m[HTTP][39m [37m-->[39m [37mGET[39m [37m/wd/hub/session/40f78a54-82ae-4889-ba63-7e375864a4f5[39m
[35m[HTTP][39m [90m{}[39m
[debug] [35m[W3C][39m Calling AppiumDriver.getSession() with args: ["40f78a54-82ae-4889-ba63-7e375864a4f5"]
[debug] [35m[UiAutomator2][39m Getting session details from server to mix in
[debug] [35m[JSONWP Proxy][39m Proxying [GET /] to [GET http://localhost:8201/wd/hub/session/02d69e43-349f-4fee-975b-25e3f2fc9e02] with body: {}
[debug] [35m[JSONWP Proxy][39m Got response with status 200: "{\"sessionId\":\"02d69e43-349f-4fee-975b-25e3f2fc9e02\",\"status\":0,\"value\":{}}"
[debug] [35m[MJSONWP][39m Responding to client with driver.getSession() result: {"platform":"ANDROID","webStorageEnabled":false,"takesScreenshot":true,"javascriptEnabled":true,"databaseEnabled":false,"networkConnectionEnabled":true,"locationContextEnabled":false,"warnings":{},"desired":{"app":"D:\\Project\\Apk\\snapcart-9.13.1-develop-staging.apk","autoGrantPermissions":true,"automationName":"uiautomator2","deviceName":"samsung SM-G950F (Android 8.0.0)","fullReset":false,"newCommandTimeout":1800,"noReset":true,"platform":"ANDROID","platformName":"Android","udid":"ce12171c74a0d80805"},"app":"D:\\Project\\Apk\\snapcart-9.13.1-develop-staging.apk","autoGrantPermissions":true,"automationName":"uiautomator2","deviceName":"ce12171c74a0d80805","fullReset":false,"newCommandTimeout":1800,"noReset":true,"platformName":"Android","udid":"ce12171c74a0d80805","deviceUDID":"ce12171c74a0d80805","platformVersion":"8.0.0","deviceScreenSize":"1440x2960","deviceScreenDensity":640,"deviceModel":"SM-G950F","deviceManufacturer":"samsung","deviceApiLevel":26,"appPackage":"com.snapcart.android.staging","pixel...
[35m[HTTP][39m [37m<-- GET /wd/hub/session/40f78a54-82ae-4889-ba63-7e375864a4f5 [39m[32m200[39m [90m39 ms - 1182[39m
[35m[HTTP][39m [90m[39m
[35m[HTTP][39m [37m-->[39m [37mGET[39m [37m/wd/hub/session/40f78a54-82ae-4889-ba63-7e375864a4f5[39m
[35m[HTTP][39m [90m{}[39m
[debug] [35m[W3C][39m Calling AppiumDriver.getSession() with args: ["40f78a54-82ae-4889-ba63-7e375864a4f5"]
[debug] [35m[UiAutomator2][39m Getting session details from server to mix in
[debug] [35m[JSONWP Proxy][39m Proxying [GET /] to [GET http://localhost:8201/wd/hub/session/02d69e43-349f-4fee-975b-25e3f2fc9e02] with body: {}
[debug] [35m[JSONWP Proxy][39m Got response with status 200: "{\"sessionId\":\"02d69e43-349f-4fee-975b-25e3f2fc9e02\",\"status\":0,\"value\":{}}"
[debug] [35m[MJSONWP][39m Responding to client with driver.getSession() result: {"platform":"ANDROID","webStorageEnabled":false,"takesScreenshot":true,"javascriptEnabled":true,"databaseEnabled":false,"networkConnectionEnabled":true,"locationContextEnabled":false,"warnings":{},"desired":{"app":"D:\\Project\\Apk\\snapcart-9.13.1-develop-staging.apk","autoGrantPermissions":true,"automationName":"uiautomator2","deviceName":"samsung SM-G950F (Android 8.0.0)","fullReset":false,"newCommandTimeout":1800,"noReset":true,"platform":"ANDROID","platformName":"Android","udid":"ce12171c74a0d80805"},"app":"D:\\Project\\Apk\\snapcart-9.13.1-develop-staging.apk","autoGrantPermissions":true,"automationName":"uiautomator2","deviceName":"ce12171c74a0d80805","fullReset":false,"newCommandTimeout":1800,"noReset":true,"platformName":"Android","udid":"ce12171c74a0d80805","deviceUDID":"ce12171c74a0d80805","platformVersion":"8.0.0","deviceScreenSize":"1440x2960","deviceScreenDensity":640,"deviceModel":"SM-G950F","deviceManufacturer":"samsung","deviceApiLevel":26,"appPackage":"com.snapcart.android.staging","pixel...
[35m[HTTP][39m [37m<-- GET /wd/hub/session/40f78a54-82ae-4889-ba63-7e375864a4f5 [39m[32m200[39m [90m71 ms - 1182[39m
[35m[HTTP][39m [90m[39m
[35m[HTTP][39m [37m-->[39m [37mGET[39m [37m/wd/hub/session/40f78a54-82ae-4889-ba63-7e375864a4f5[39m
[35m[HTTP][39m [90m{}[39m
[debug] [35m[W3C][39m Calling AppiumDriver.getSession() with args: ["40f78a54-82ae-4889-ba63-7e375864a4f5"]
[debug] [35m[UiAutomator2][39m Getting session details from server to mix in
[debug] [35m[JSONWP Proxy][39m Proxying [GET /] to [GET http://localhost:8201/wd/hub/session/02d69e43-349f-4fee-975b-25e3f2fc9e02] with body: {}
[debug] [35m[JSONWP Proxy][39m Got response with status 200: "{\"sessionId\":\"02d69e43-349f-4fee-975b-25e3f2fc9e02\",\"status\":0,\"value\":{}}"
[debug] [35m[MJSONWP][39m Responding to client with driver.getSession() result: {"platform":"ANDROID","webStorageEnabled":false,"takesScreenshot":true,"javascriptEnabled":true,"databaseEnabled":false,"networkConnectionEnabled":true,"locationContextEnabled":false,"warnings":{},"desired":{"app":"D:\\Project\\Apk\\snapcart-9.13.1-develop-staging.apk","autoGrantPermissions":true,"automationName":"uiautomator2","deviceName":"samsung SM-G950F (Android 8.0.0)","fullReset":false,"newCommandTimeout":1800,"noReset":true,"platform":"ANDROID","platformName":"Android","udid":"ce12171c74a0d80805"},"app":"D:\\Project\\Apk\\snapcart-9.13.1-develop-staging.apk","autoGrantPermissions":true,"automationName":"uiautomator2","deviceName":"ce12171c74a0d80805","fullReset":false,"newCommandTimeout":1800,"noReset":true,"platformName":"Android","udid":"ce12171c74a0d80805","deviceUDID":"ce12171c74a0d80805","platformVersion":"8.0.0","deviceScreenSize":"1440x2960","deviceScreenDensity":640,"deviceModel":"SM-G950F","deviceManufacturer":"samsung","deviceApiLevel":26,"appPackage":"com.snapcart.android.staging","pixel...
[35m[HTTP][39m [37m<-- GET /wd/hub/session/40f78a54-82ae-4889-ba63-7e375864a4f5 [39m[32m200[39m [90m46 ms - 1182[39m
[35m[HTTP][39m [90m[39m
[35m[HTTP][39m [37m-->[39m [37mGET[39m [37m/wd/hub/session/40f78a54-82ae-4889-ba63-7e375864a4f5/element/fe0e15d3-0cf6-4b1b-87a8-643aaf70161f/location[39m
[35m[HTTP][39m [90m{}[39m
[35m[W3C][39m Driver proxy active, passing request on via HTTP proxy
[debug] [35m[JSONWP Proxy][39m Proxying [GET /wd/hub/session/40f78a54-82ae-4889-ba63-7e375864a4f5/element/fe0e15d3-0cf6-4b1b-87a8-643aaf70161f/location] to [GET http://localhost:8201/wd/hub/session/02d69e43-349f-4fee-975b-25e3f2fc9e02/element/fe0e15d3-0cf6-4b1b-87a8-643aaf70161f/location] with body: {}
[debug] [35m[JSONWP Proxy][39m Got response with status 200: "{\"sessionId\":\"02d69e43-349f-4fee-975b-25e3f2fc9e02\",\"status\":0,\"value\":{\"x\":360,\"y\":1158}}"
[35m[JSONWP Proxy][39m Replacing sessionId 02d69e43-349f-4fee-975b-25e3f2fc9e02 with 40f78a54-82ae-4889-ba63-7e375864a4f5
[35m[HTTP][39m [37m<-- GET /wd/hub/session/40f78a54-82ae-4889-ba63-7e375864a4f5/element/fe0e15d3-0cf6-4b1b-87a8-643aaf70161f/location [39m[32m200[39m [90m87 ms - 90[39m
[35m[HTTP][39m [90m[39m
[35m[HTTP][39m [37m-->[39m [37mPOST[39m [37m/wd/hub/session/40f78a54-82ae-4889-ba63-7e375864a4f5/touch/perform[39m
[35m[HTTP][39m [90m{"actions":[{"action":"tap","options":{"element":"fe0e15d3-0cf6-4b1b-87a8-643aaf70161f","x":1,"y":1}}]}[39m
[debug] [35m[W3C][39m Calling AppiumDriver.performTouch() with args: [[{"action":"tap","options":{"element":"fe0e15d3-0cf6-4b1b-87a8-643aaf70161f","x":1,"y":1}}],"40f78a54-82ae-4889-ba63-7e375864a4f5"]
[35m[UiAutomator2][39m calling get location: fe0e15d3-0cf6-4b1b-87a8-643aaf70161f
[debug] [35m[JSONWP Proxy][39m Proxying [GET /element/fe0e15d3-0cf6-4b1b-87a8-643aaf70161f/location] to [GET http://localhost:8201/wd/hub/session/02d69e43-349f-4fee-975b-25e3f2fc9e02/element/fe0e15d3-0cf6-4b1b-87a8-643aaf70161f/location] with body: {}
[debug] [35m[JSONWP Proxy][39m Got response with status 200: "{\"sessionId\":\"02d69e43-349f-4fee-975b-25e3f2fc9e02\",\"status\":0,\"value\":{\"x\":360,\"y\":1158}}"
[debug] [35m[JSONWP Proxy][39m Proxying [POST /element/fe0e15d3-0cf6-4b1b-87a8-643aaf70161f/click] to [POST http://localhost:8201/wd/hub/session/02d69e43-349f-4fee-975b-25e3f2fc9e02/element/fe0e15d3-0cf6-4b1b-87a8-643aaf70161f/click] with body: {"element":"fe0e15d3-0cf6-4b1b-87a8-643aaf70161f","x":361,"y":1159}
[debug] [35m[JSONWP Proxy][39m Got response with status 200: {"sessionId":"02d69e43-349f-4fee-975b-25e3f2fc9e02","status":0,"value":true}
[debug] [35m[MJSONWP][39m Responding to client with driver.performTouch() result: null
[35m[HTTP][39m [37m<-- POST /wd/hub/session/40f78a54-82ae-4889-ba63-7e375864a4f5/touch/perform [39m[32m200[39m [90m1488 ms - 76[39m
[35m[HTTP][39m [90m[39m
[35m[HTTP][39m [37m-->[39m [37mGET[39m [37m/wd/hub/session/40f78a54-82ae-4889-ba63-7e375864a4f5/window/current/size[39m
[35m[HTTP][39m [90m{}[39m
[35m[W3C][39m Driver proxy active, passing request on via HTTP proxy
[debug] [35m[JSONWP Proxy][39m Proxying [GET /wd/hub/session/40f78a54-82ae-4889-ba63-7e375864a4f5/window/current/size] to [GET http://localhost:8201/wd/hub/session/02d69e43-349f-4fee-975b-25e3f2fc9e02/window/current/size] with body: {}
[debug] [35m[JSONWP Proxy][39m Got response with status 200: "{\"sessionId\":\"02d69e43-349f-4fee-975b-25e3f2fc9e02\",\"status\":0,\"value\":{\"height\":1384,\"width\":720}}"
[35m[JSONWP Proxy][39m Replacing sessionId 02d69e43-349f-4fee-975b-25e3f2fc9e02 with 40f78a54-82ae-4889-ba63-7e375864a4f5
[35m[HTTP][39m [37m<-- GET /wd/hub/session/40f78a54-82ae-4889-ba63-7e375864a4f5/window/current/size [39m[32m200[39m [90m65 ms - 99[39m
[35m[HTTP][39m [90m[39m
[35m[HTTP][39m [37m-->[39m [37mPOST[39m [37m/wd/hub/session/40f78a54-82ae-4889-ba63-7e375864a4f5/elements[39m
[35m[HTTP][39m [90m{"using":"-android uiautomator","value":"new UiSelector().className(\"android.widget.EditText\").resourceId(\"com.snapcart.android.staging:id/email\").instance(0)"}[39m
[debug] [35m[W3C][39m Calling AppiumDriver.findElements() with args: ["-android uiautomator","new UiSelector().className(\"android.widget.EditText\").resourceId(\"com.snapcart.android.staging:id/email\").instance(0)","40f78a54-82ae-4889-ba63-7e375864a4f5"]
[debug] [35m[BaseDriver][39m Valid locator strategies for this request: xpath, id, class name, accessibility id, -android uiautomator
[debug] [35m[BaseDriver][39m Waiting up to 0 ms for condition
[debug] [35m[JSONWP Proxy][39m Proxying [POST /elements] to [POST http://localhost:8201/wd/hub/session/02d69e43-349f-4fee-975b-25e3f2fc9e02/elements] with body: {"strategy":"-android uiautomator","selector":"new UiSelector().className(\"android.widget.EditText\").resourceId(\"com.snapcart.android.staging:id/email\").instance(0)","context":"","multiple":true}
[debug] [35m[JSONWP Proxy][39m Got response with status 200: {"sessionId":"02d69e43-349f-4fee-975b-25e3f2fc9e02","status":0,"value":[{"ELEMENT":"769f1a3e-5bd7-48a2-969e-b21387211b57"}]}
[debug] [35m[MJSONWP][39m Responding to client with driver.findElements() result: [{"ELEMENT":"769f1a3e-5bd7-48a2-969e-b21387211b57"}]
[35m[HTTP][39m [37m<-- POST /wd/hub/session/40f78a54-82ae-4889-ba63-7e375864a4f5/elements [39m[32m200[39m [90m178 ms - 124[39m
[35m[HTTP][39m [90m[39m
[35m[HTTP][39m [37m-->[39m [37mGET[39m [37m/wd/hub/session/40f78a54-82ae-4889-ba63-7e375864a4f5[39m
[35m[HTTP][39m [90m{}[39m
[debug] [35m[W3C][39m Calling AppiumDriver.getSession() with args: ["40f78a54-82ae-4889-ba63-7e375864a4f5"]
[debug] [35m[UiAutomator2][39m Getting session details from server to mix in
[debug] [35m[JSONWP Proxy][39m Proxying [GET /] to [GET http://localhost:8201/wd/hub/session/02d69e43-349f-4fee-975b-25e3f2fc9e02] with body: {}
[debug] [35m[JSONWP Proxy][39m Got response with status 200: "{\"sessionId\":\"02d69e43-349f-4fee-975b-25e3f2fc9e02\",\"status\":0,\"value\":{}}"
[debug] [35m[MJSONWP][39m Responding to client with driver.getSession() result: {"platform":"ANDROID","webStorageEnabled":false,"takesScreenshot":true,"javascriptEnabled":true,"databaseEnabled":false,"networkConnectionEnabled":true,"locationContextEnabled":false,"warnings":{},"desired":{"app":"D:\\Project\\Apk\\snapcart-9.13.1-develop-staging.apk","autoGrantPermissions":true,"automationName":"uiautomator2","deviceName":"samsung SM-G950F (Android 8.0.0)","fullReset":false,"newCommandTimeout":1800,"noReset":true,"platform":"ANDROID","platformName":"Android","udid":"ce12171c74a0d80805"},"app":"D:\\Project\\Apk\\snapcart-9.13.1-develop-staging.apk","autoGrantPermissions":true,"automationName":"uiautomator2","deviceName":"ce12171c74a0d80805","fullReset":false,"newCommandTimeout":1800,"noReset":true,"platformName":"Android","udid":"ce12171c74a0d80805","deviceUDID":"ce12171c74a0d80805","platformVersion":"8.0.0","deviceScreenSize":"1440x2960","deviceScreenDensity":640,"deviceModel":"SM-G950F","deviceManufacturer":"samsung","deviceApiLevel":26,"appPackage":"com.snapcart.android.staging","pixel...
[35m[HTTP][39m [37m<-- GET /wd/hub/session/40f78a54-82ae-4889-ba63-7e375864a4f5 [39m[32m200[39m [90m55 ms - 1182[39m
[35m[HTTP][39m [90m[39m
[35m[HTTP][39m [37m-->[39m [37mGET[39m [37m/wd/hub/session/40f78a54-82ae-4889-ba63-7e375864a4f5[39m
[35m[HTTP][39m [90m{}[39m
[debug] [35m[W3C][39m Calling AppiumDriver.getSession() with args: ["40f78a54-82ae-4889-ba63-7e375864a4f5"]
[debug] [35m[UiAutomator2][39m Getting session details from server to mix in
[debug] [35m[JSONWP Proxy][39m Proxying [GET /] to [GET http://localhost:8201/wd/hub/session/02d69e43-349f-4fee-975b-25e3f2fc9e02] with body: {}
[debug] [35m[JSONWP Proxy][39m Got response with status 200: "{\"sessionId\":\"02d69e43-349f-4fee-975b-25e3f2fc9e02\",\"status\":0,\"value\":{}}"
[debug] [35m[MJSONWP][39m Responding to client with driver.getSession() result: {"platform":"ANDROID","webStorageEnabled":false,"takesScreenshot":true,"javascriptEnabled":true,"databaseEnabled":false,"networkConnectionEnabled":true,"locationContextEnabled":false,"warnings":{},"desired":{"app":"D:\\Project\\Apk\\snapcart-9.13.1-develop-staging.apk","autoGrantPermissions":true,"automationName":"uiautomator2","deviceName":"samsung SM-G950F (Android 8.0.0)","fullReset":false,"newCommandTimeout":1800,"noReset":true,"platform":"ANDROID","platformName":"Android","udid":"ce12171c74a0d80805"},"app":"D:\\Project\\Apk\\snapcart-9.13.1-develop-staging.apk","autoGrantPermissions":true,"automationName":"uiautomator2","deviceName":"ce12171c74a0d80805","fullReset":false,"newCommandTimeout":1800,"noReset":true,"platformName":"Android","udid":"ce12171c74a0d80805","deviceUDID":"ce12171c74a0d80805","platformVersion":"8.0.0","deviceScreenSize":"1440x2960","deviceScreenDensity":640,"deviceModel":"SM-G950F","deviceManufacturer":"samsung","deviceApiLevel":26,"appPackage":"com.snapcart.android.staging","pixel...
[35m[HTTP][39m [37m<-- GET /wd/hub/session/40f78a54-82ae-4889-ba63-7e375864a4f5 [39m[32m200[39m [90m45 ms - 1182[39m
[35m[HTTP][39m [90m[39m
[35m[HTTP][39m [37m-->[39m [37mGET[39m [37m/wd/hub/session/40f78a54-82ae-4889-ba63-7e375864a4f5[39m
[35m[HTTP][39m [90m{}[39m
[debug] [35m[W3C][39m Calling AppiumDriver.getSession() with args: ["40f78a54-82ae-4889-ba63-7e375864a4f5"]
[debug] [35m[UiAutomator2][39m Getting session details from server to mix in
[debug] [35m[JSONWP Proxy][39m Proxying [GET /] to [GET http://localhost:8201/wd/hub/session/02d69e43-349f-4fee-975b-25e3f2fc9e02] with body: {}
[debug] [35m[JSONWP Proxy][39m Got response with status 200: "{\"sessionId\":\"02d69e43-349f-4fee-975b-25e3f2fc9e02\",\"status\":0,\"value\":{}}"
[debug] [35m[MJSONWP][39m Responding to client with driver.getSession() result: {"platform":"ANDROID","webStorageEnabled":false,"takesScreenshot":true,"javascriptEnabled":true,"databaseEnabled":false,"networkConnectionEnabled":true,"locationContextEnabled":false,"warnings":{},"desired":{"app":"D:\\Project\\Apk\\snapcart-9.13.1-develop-staging.apk","autoGrantPermissions":true,"automationName":"uiautomator2","deviceName":"samsung SM-G950F (Android 8.0.0)","fullReset":false,"newCommandTimeout":1800,"noReset":true,"platform":"ANDROID","platformName":"Android","udid":"ce12171c74a0d80805"},"app":"D:\\Project\\Apk\\snapcart-9.13.1-develop-staging.apk","autoGrantPermissions":true,"automationName":"uiautomator2","deviceName":"ce12171c74a0d80805","fullReset":false,"newCommandTimeout":1800,"noReset":true,"platformName":"Android","udid":"ce12171c74a0d80805","deviceUDID":"ce12171c74a0d80805","platformVersion":"8.0.0","deviceScreenSize":"1440x2960","deviceScreenDensity":640,"deviceModel":"SM-G950F","deviceManufacturer":"samsung","deviceApiLevel":26,"appPackage":"com.snapcart.android.staging","pixel...
[35m[HTTP][39m [37m<-- GET /wd/hub/session/40f78a54-82ae-4889-ba63-7e375864a4f5 [39m[32m200[39m [90m49 ms - 1182[39m
[35m[HTTP][39m [90m[39m
[35m[HTTP][39m [37m-->[39m [37mGET[39m [37m/wd/hub/session/40f78a54-82ae-4889-ba63-7e375864a4f5[39m
[35m[HTTP][39m [90m{}[39m
[debug] [35m[W3C][39m Calling AppiumDriver.getSession() with args: ["40f78a54-82ae-4889-ba63-7e375864a4f5"]
[debug] [35m[UiAutomator2][39m Getting session details from server to mix in
[debug] [35m[JSONWP Proxy][39m Proxying [GET /] to [GET http://localhost:8201/wd/hub/session/02d69e43-349f-4fee-975b-25e3f2fc9e02] with body: {}
[debug] [35m[JSONWP Proxy][39m Got response with status 200: "{\"sessionId\":\"02d69e43-349f-4fee-975b-25e3f2fc9e02\",\"status\":0,\"value\":{}}"
[debug] [35m[MJSONWP][39m Responding to client with driver.getSession() result: {"platform":"ANDROID","webStorageEnabled":false,"takesScreenshot":true,"javascriptEnabled":true,"databaseEnabled":false,"networkConnectionEnabled":true,"locationContextEnabled":false,"warnings":{},"desired":{"app":"D:\\Project\\Apk\\snapcart-9.13.1-develop-staging.apk","autoGrantPermissions":true,"automationName":"uiautomator2","deviceName":"samsung SM-G950F (Android 8.0.0)","fullReset":false,"newCommandTimeout":1800,"noReset":true,"platform":"ANDROID","platformName":"Android","udid":"ce12171c74a0d80805"},"app":"D:\\Project\\Apk\\snapcart-9.13.1-develop-staging.apk","autoGrantPermissions":true,"automationName":"uiautomator2","deviceName":"ce12171c74a0d80805","fullReset":false,"newCommandTimeout":1800,"noReset":true,"platformName":"Android","udid":"ce12171c74a0d80805","deviceUDID":"ce12171c74a0d80805","platformVersion":"8.0.0","deviceScreenSize":"1440x2960","deviceScreenDensity":640,"deviceModel":"SM-G950F","deviceManufacturer":"samsung","deviceApiLevel":26,"appPackage":"com.snapcart.android.staging","pixel...
[35m[HTTP][39m [37m<-- GET /wd/hub/session/40f78a54-82ae-4889-ba63-7e375864a4f5 [39m[32m200[39m [90m32 ms - 1182[39m
[35m[HTTP][39m [90m[39m
[35m[HTTP][39m [37m-->[39m [37mGET[39m [37m/wd/hub/session/40f78a54-82ae-4889-ba63-7e375864a4f5/element/769f1a3e-5bd7-48a2-969e-b21387211b57/location[39m
[35m[HTTP][39m [90m{}[39m
[35m[W3C][39m Driver proxy active, passing request on via HTTP proxy
[debug] [35m[JSONWP Proxy][39m Proxying [GET /wd/hub/session/40f78a54-82ae-4889-ba63-7e375864a4f5/element/769f1a3e-5bd7-48a2-969e-b21387211b57/location] to [GET http://localhost:8201/wd/hub/session/02d69e43-349f-4fee-975b-25e3f2fc9e02/element/769f1a3e-5bd7-48a2-969e-b21387211b57/location] with body: {}
[debug] [35m[JSONWP Proxy][39m Got response with status 200: "{\"sessionId\":\"02d69e43-349f-4fee-975b-25e3f2fc9e02\",\"status\":0,\"value\":{\"x\":32,\"y\":212}}"
[35m[JSONWP Proxy][39m Replacing sessionId 02d69e43-349f-4fee-975b-25e3f2fc9e02 with 40f78a54-82ae-4889-ba63-7e375864a4f5
[35m[HTTP][39m [37m<-- GET /wd/hub/session/40f78a54-82ae-4889-ba63-7e375864a4f5/element/769f1a3e-5bd7-48a2-969e-b21387211b57/location [39m[32m200[39m [90m76 ms - 88[39m
[35m[HTTP][39m [90m[39m
[35m[HTTP][39m [37m-->[39m [37mPOST[39m [37m/wd/hub/session/40f78a54-82ae-4889-ba63-7e375864a4f5/element/769f1a3e-5bd7-48a2-969e-b21387211b57/clear[39m
[35m[HTTP][39m [90m{"id":"769f1a3e-5bd7-48a2-969e-b21387211b57"}[39m
[debug] [35m[W3C][39m Calling AppiumDriver.clear() with args: ["769f1a3e-5bd7-48a2-969e-b21387211b57","40f78a54-82ae-4889-ba63-7e375864a4f5"]
[debug] [35m[JSONWP Proxy][39m Proxying [POST /element/769f1a3e-5bd7-48a2-969e-b21387211b57/clear] to [POST http://localhost:8201/wd/hub/session/02d69e43-349f-4fee-975b-25e3f2fc9e02/element/769f1a3e-5bd7-48a2-969e-b21387211b57/clear] with body: {"elementId":"769f1a3e-5bd7-48a2-969e-b21387211b57"}
[debug] [35m[JSONWP Proxy][39m Got response with status 200: {"sessionId":"02d69e43-349f-4fee-975b-25e3f2fc9e02","status":0,"value":"Element Cleared"}
[debug] [35m[MJSONWP][39m Responding to client with driver.clear() result: "Element Cleared"
[35m[HTTP][39m [37m<-- POST /wd/hub/session/40f78a54-82ae-4889-ba63-7e375864a4f5/element/769f1a3e-5bd7-48a2-969e-b21387211b57/clear [39m[32m200[39m [90m133 ms - 89[39m
[35m[HTTP][39m [90m[39m
[35m[HTTP][39m [37m-->[39m [37mPOST[39m [37m/wd/hub/session/40f78a54-82ae-4889-ba63-7e375864a4f5/element/769f1a3e-5bd7-48a2-969e-b21387211b57/value[39m
[35m[HTTP][39m [90m{"id":"769f1a3e-5bd7-48a2-969e-b21387211b57","value":["akundamiggi@gmail.com"]}[39m
[debug] [35m[W3C][39m Calling AppiumDriver.setValue() with args: [["akundamiggi@gmail.com"],"769f1a3e-5bd7-48a2-969e-b21387211b57","40f78a54-82ae-4889-ba63-7e375864a4f5"]
[debug] [35m[JSONWP Proxy][39m Proxying [POST /element/769f1a3e-5bd7-48a2-969e-b21387211b57/value] to [POST http://localhost:8201/wd/hub/session/02d69e43-349f-4fee-975b-25e3f2fc9e02/element/769f1a3e-5bd7-48a2-969e-b21387211b57/value] with body: {"elementId":"769f1a3e-5bd7-48a2-969e-b21387211b57","text":"akundamiggi@gmail.com","replace":false}
[35m[HTTP][39m [37m<-- POST /wd/hub/session/40f78a54-82ae-4889-ba63-7e375864a4f5/element/769f1a3e-5bd7-48a2-969e-b21387211b57/value [39m[32m-[39m [90m- ms - -[39m
[35m[HTTP][39m [90m[39m
[debug] [35m[JSONWP Proxy][39m Got response with status 200: {"sessionId":"02d69e43-349f-4fee-975b-25e3f2fc9e02","status":0,"value":""}
[debug] [35m[MJSONWP][39m Responding to client with driver.setValue() result: ""
[debug] [35m[UiAutomator2][39m [UIAutomator2] io.appium.uiautomator2.server.test.AppiumUiAutomator2Server:INSTRUMENTATION_RESULT: shortMsg=Process crashed.
[debug] [35m[UiAutomator2][39m [UIAutomator2] INSTRUMENTATION_CODE: 0
[35m[BaseDriver][39m Shutting down because we waited 1800 seconds for a command
[debug] [35m[UiAutomator2][39m Deleting UiAutomator2 session
[debug] [35m[UiAutomator2][39m Deleting UiAutomator2 server session
[debug] [35m[JSONWP Proxy][39m Proxying [DELETE /] to [DELETE http://localhost:8201/wd/hub/session/02d69e43-349f-4fee-975b-25e3f2fc9e02] with no body
[35m[Appium][39m Closing session, cause was 'New Command Timeout of 1800 seconds expired. Try customizing the timeout using the 'newCommandTimeout' desired capability'
[35m[Appium][39m Removing session 40f78a54-82ae-4889-ba63-7e375864a4f5 from our master session list
[35m[UiAutomator2][39m Did not get confirmation UiAutomator2 deleteSession worked; Error was: ProxyRequestError: Could not proxy command to remote server. Original error: Error: read ECONNRESET
[debug] [35m[ADB][39m Running 'C:\Users\Dell-Notebook\.katalon\tools\android_sdk\platform-tools\adb.exe -P 5037 -s ce12171c74a0d80805 shell am force-stop com.snapcart.android.staging'
[debug] [35m[Logcat][39m Stopping logcat capture
[debug] [35m[ADB][39m Removing forwarded port socket connection: 8201 
[debug] [35m[ADB][39m Running 'C:\Users\Dell-Notebook\.katalon\tools\android_sdk\platform-tools\adb.exe -P 5037 -s ce12171c74a0d80805 forward --remove tcp\:8201'
